<?xml version="1.0" encoding="utf-8"?>
<CoverageSession xmlns:xsd="http://www.w3.org/2001/XMLSchema" xmlns:xsi="http://www.w3.org/2001/XMLSchema-instance" Version="4.6.0.0">
  <Summary numSequencePoints="919" visitedSequencePoints="893" numBranchPoints="351" visitedBranchPoints="336" sequenceCoverage="97.17" branchCoverage="95.73" maxCyclomaticComplexity="9" minCyclomaticComplexity="1" maxCrapScore="20" minCrapScore="1" visitedClasses="15" numClasses="16" visitedMethods="202" numMethods="207" />
  <Modules>
    <Module hash="E4-DE-0B-8E-E3-E1-5A-23-2D-9A-F9-BC-39-F8-21-1A-3B-86-90-16">
      <Summary numSequencePoints="190" visitedSequencePoints="164" numBranchPoints="57" visitedBranchPoints="42" sequenceCoverage="86.32" branchCoverage="73.68" maxCyclomaticComplexity="6" minCyclomaticComplexity="1" maxCrapScore="20" minCrapScore="1" visitedClasses="2" numClasses="3" visitedMethods="22" numMethods="27" />
      <ModulePath>D:\mock_up_calculator\Calculator\CalculatorTest\bin\Debug\CalculatorClassLibrary.dll</ModulePath>
      <ModuleTime>2018-04-27T06:48:41.1277125Z</ModuleTime>
      <ModuleName>CalculatorClassLibrary</ModuleName>
      <Files>
        <File uid="1" fullPath="d:\mock_up_calculator\Calculator\CalculatorClassLibrary\Calculator.cs" />
        <File uid="2" fullPath="d:\mock_up_calculator\Calculator\CalculatorClassLibrary\StandardCalculator.cs" />
        <File uid="3" fullPath="d:\mock_up_calculator\Calculator\CalculatorClassLibrary\ScientificCalculator.cs" />
      </Files>
      <Classes>
        <Class>
          <Summary numSequencePoints="22" visitedSequencePoints="22" numBranchPoints="8" visitedBranchPoints="8" sequenceCoverage="100" branchCoverage="100" maxCyclomaticComplexity="2" minCyclomaticComplexity="1" maxCrapScore="2" minCrapScore="1" visitedClasses="1" numClasses="1" visitedMethods="6" numMethods="6" />
          <FullName>CalculatorClassLibrary.Calculator</FullName>
          <Methods>
            <Method skippedDueTo="AutoImplementedProperty" visited="false" cyclomaticComplexity="1" nPathComplexity="0" sequenceCoverage="0" branchCoverage="0" crapScore="0" isConstructor="false" isStatic="false" isGetter="true" isSetter="false">
              <MetadataToken>100663303</MetadataToken>
              <Name>UtilityClassLibrary.IInputBuffer CalculatorClassLibrary.Calculator::get_Buffer()</Name>
              <SequencePoints />
              <BranchPoints />
            </Method>
            <Method skippedDueTo="AutoImplementedProperty" visited="false" cyclomaticComplexity="1" nPathComplexity="0" sequenceCoverage="0" branchCoverage="0" crapScore="0" isConstructor="false" isStatic="false" isGetter="false" isSetter="true">
              <MetadataToken>100663304</MetadataToken>
              <Name>System.Void CalculatorClassLibrary.Calculator::set_Buffer(UtilityClassLibrary.IInputBuffer)</Name>
              <SequencePoints />
              <BranchPoints />
            </Method>
            <Method visited="true" cyclomaticComplexity="1" nPathComplexity="0" sequenceCoverage="100" branchCoverage="100" crapScore="1" isConstructor="false" isStatic="false" isGetter="true" isSetter="false">
              <Summary numSequencePoints="3" visitedSequencePoints="3" numBranchPoints="1" visitedBranchPoints="1" sequenceCoverage="100" branchCoverage="100" maxCyclomaticComplexity="1" minCyclomaticComplexity="1" maxCrapScore="1" minCrapScore="1" visitedClasses="0" numClasses="0" visitedMethods="1" numMethods="1" />
              <MetadataToken>100663305</MetadataToken>
              <Name>System.String CalculatorClassLibrary.Calculator::get_Input()</Name>
              <FileRef uid="1" />
              <SequencePoints>
                <SequencePoint vc="41" uspid="1" ordinal="0" offset="0" sl="13" sc="35" el="13" ec="36" bec="0" bev="0" fileid="1" />
                <SequencePoint vc="41" uspid="2" ordinal="1" offset="1" sl="13" sc="37" el="13" ec="59" bec="0" bev="0" fileid="1" />
                <SequencePoint vc="41" uspid="3" ordinal="2" offset="15" sl="13" sc="60" el="13" ec="61" bec="0" bev="0" fileid="1" />
              </SequencePoints>
              <BranchPoints />
              <MethodPoint xsi:type="SequencePoint" vc="41" uspid="1" ordinal="0" offset="0" sl="13" sc="35" el="13" ec="36" bec="0" bev="0" fileid="1" />
            </Method>
            <Method visited="true" cyclomaticComplexity="1" nPathComplexity="0" sequenceCoverage="100" branchCoverage="100" crapScore="1" isConstructor="true" isStatic="false" isGetter="false" isSetter="false">
              <Summary numSequencePoints="4" visitedSequencePoints="4" numBranchPoints="1" visitedBranchPoints="1" sequenceCoverage="100" branchCoverage="100" maxCyclomaticComplexity="1" minCyclomaticComplexity="1" maxCrapScore="1" minCrapScore="1" visitedClasses="0" numClasses="0" visitedMethods="1" numMethods="1" />
              <MetadataToken>100663306</MetadataToken>
              <Name>System.Void CalculatorClassLibrary.Calculator::.ctor()</Name>
              <FileRef uid="1" />
              <SequencePoints>
                <SequencePoint vc="27" uspid="4" ordinal="0" offset="0" sl="15" sc="9" el="15" ec="28" bec="0" bev="0" fileid="1" />
                <SequencePoint vc="27" uspid="5" ordinal="1" offset="7" sl="15" sc="29" el="15" ec="30" bec="0" bev="0" fileid="1" />
                <SequencePoint vc="27" uspid="6" ordinal="2" offset="8" sl="17" sc="13" el="17" ec="40" bec="0" bev="0" fileid="1" />
                <SequencePoint vc="27" uspid="7" ordinal="3" offset="20" sl="18" sc="9" el="18" ec="10" bec="0" bev="0" fileid="1" />
              </SequencePoints>
              <BranchPoints />
              <MethodPoint xsi:type="SequencePoint" vc="27" uspid="4" ordinal="0" offset="0" sl="15" sc="9" el="15" ec="28" bec="0" bev="0" fileid="1" />
            </Method>
            <Method visited="true" cyclomaticComplexity="1" nPathComplexity="0" sequenceCoverage="100" branchCoverage="100" crapScore="1" isConstructor="false" isStatic="false" isGetter="false" isSetter="false">
              <Summary numSequencePoints="3" visitedSequencePoints="3" numBranchPoints="1" visitedBranchPoints="1" sequenceCoverage="100" branchCoverage="100" maxCyclomaticComplexity="1" minCyclomaticComplexity="1" maxCrapScore="1" minCrapScore="1" visitedClasses="0" numClasses="0" visitedMethods="1" numMethods="1" />
              <MetadataToken>100663307</MetadataToken>
              <Name>System.Void CalculatorClassLibrary.Calculator::Clear()</Name>
              <FileRef uid="1" />
              <SequencePoints>
                <SequencePoint vc="6" uspid="8" ordinal="0" offset="0" sl="20" sc="37" el="20" ec="38" bec="0" bev="0" fileid="1" />
                <SequencePoint vc="6" uspid="9" ordinal="1" offset="1" sl="22" sc="13" el="22" ec="28" bec="0" bev="0" fileid="1" />
                <SequencePoint vc="6" uspid="10" ordinal="2" offset="13" sl="23" sc="9" el="23" ec="10" bec="0" bev="0" fileid="1" />
              </SequencePoints>
              <BranchPoints />
              <MethodPoint xsi:type="SequencePoint" vc="6" uspid="8" ordinal="0" offset="0" sl="20" sc="37" el="20" ec="38" bec="0" bev="0" fileid="1" />
            </Method>
            <Method visited="true" cyclomaticComplexity="1" nPathComplexity="0" sequenceCoverage="100" branchCoverage="100" crapScore="1" isConstructor="false" isStatic="false" isGetter="false" isSetter="false">
              <Summary numSequencePoints="3" visitedSequencePoints="3" numBranchPoints="1" visitedBranchPoints="1" sequenceCoverage="100" branchCoverage="100" maxCyclomaticComplexity="1" minCyclomaticComplexity="1" maxCrapScore="1" minCrapScore="1" visitedClasses="0" numClasses="0" visitedMethods="1" numMethods="1" />
              <MetadataToken>100663308</MetadataToken>
              <Name>System.Void CalculatorClassLibrary.Calculator::Undo()</Name>
              <FileRef uid="1" />
              <SequencePoints>
                <SequencePoint vc="4" uspid="11" ordinal="0" offset="0" sl="25" sc="36" el="25" ec="37" bec="0" bev="0" fileid="1" />
                <SequencePoint vc="4" uspid="12" ordinal="1" offset="1" sl="27" sc="13" el="27" ec="27" bec="0" bev="0" fileid="1" />
                <SequencePoint vc="4" uspid="13" ordinal="2" offset="13" sl="28" sc="9" el="28" ec="10" bec="0" bev="0" fileid="1" />
              </SequencePoints>
              <BranchPoints />
              <MethodPoint xsi:type="SequencePoint" vc="4" uspid="11" ordinal="0" offset="0" sl="25" sc="36" el="25" ec="37" bec="0" bev="0" fileid="1" />
            </Method>
            <Method visited="true" cyclomaticComplexity="1" nPathComplexity="0" sequenceCoverage="100" branchCoverage="100" crapScore="1" isConstructor="false" isStatic="false" isGetter="false" isSetter="false">
              <Summary numSequencePoints="3" visitedSequencePoints="3" numBranchPoints="1" visitedBranchPoints="1" sequenceCoverage="100" branchCoverage="100" maxCyclomaticComplexity="1" minCyclomaticComplexity="1" maxCrapScore="1" minCrapScore="1" visitedClasses="0" numClasses="0" visitedMethods="1" numMethods="1" />
              <MetadataToken>100663309</MetadataToken>
              <Name>System.Void CalculatorClassLibrary.Calculator::Add(System.Decimal)</Name>
              <FileRef uid="1" />
              <SequencePoints>
                <SequencePoint vc="40" uspid="14" ordinal="0" offset="0" sl="30" sc="48" el="30" ec="49" bec="0" bev="0" fileid="1" />
                <SequencePoint vc="40" uspid="15" ordinal="1" offset="1" sl="32" sc="13" el="32" ec="42" bec="0" bev="0" fileid="1" />
                <SequencePoint vc="40" uspid="16" ordinal="2" offset="20" sl="33" sc="9" el="33" ec="10" bec="0" bev="0" fileid="1" />
              </SequencePoints>
              <BranchPoints />
              <MethodPoint xsi:type="SequencePoint" vc="40" uspid="14" ordinal="0" offset="0" sl="30" sc="48" el="30" ec="49" bec="0" bev="0" fileid="1" />
            </Method>
            <Method visited="true" cyclomaticComplexity="2" nPathComplexity="2" sequenceCoverage="100" branchCoverage="100" crapScore="2" isConstructor="false" isStatic="false" isGetter="false" isSetter="false">
              <Summary numSequencePoints="6" visitedSequencePoints="6" numBranchPoints="3" visitedBranchPoints="3" sequenceCoverage="100" branchCoverage="100" maxCyclomaticComplexity="2" minCyclomaticComplexity="2" maxCrapScore="2" minCrapScore="2" visitedClasses="0" numClasses="0" visitedMethods="1" numMethods="1" />
              <MetadataToken>100663310</MetadataToken>
              <Name>System.Void CalculatorClassLibrary.Calculator::Add(System.String)</Name>
              <FileRef uid="1" />
              <SequencePoints>
                <SequencePoint vc="8" uspid="17" ordinal="0" offset="0" sl="35" sc="47" el="35" ec="48" bec="0" bev="0" fileid="1" />
                <SequencePoint vc="8" uspid="18" ordinal="1" offset="1" sl="37" sc="13" el="37" ec="29" bec="2" bev="2" fileid="1" />
                <SequencePoint vc="7" uspid="19" ordinal="2" offset="19" sl="37" sc="30" el="37" ec="31" bec="0" bev="0" fileid="1" />
                <SequencePoint vc="7" uspid="20" ordinal="3" offset="20" sl="39" sc="17" el="39" ec="35" bec="0" bev="0" fileid="1" />
                <SequencePoint vc="7" uspid="21" ordinal="4" offset="33" sl="40" sc="13" el="40" ec="14" bec="0" bev="0" fileid="1" />
                <SequencePoint vc="8" uspid="22" ordinal="5" offset="34" sl="41" sc="9" el="41" ec="10" bec="0" bev="0" fileid="1" />
              </SequencePoints>
              <BranchPoints>
                <BranchPoint vc="7" uspid="23" ordinal="0" offset="17" sl="37" path="0" offsetend="19" fileid="1" />
                <BranchPoint vc="1" uspid="24" ordinal="1" offset="17" sl="37" path="1" offsetend="34" fileid="1" />
              </BranchPoints>
              <MethodPoint xsi:type="SequencePoint" vc="8" uspid="17" ordinal="0" offset="0" sl="35" sc="47" el="35" ec="48" bec="0" bev="0" fileid="1" />
            </Method>
          </Methods>
        </Class>
        <Class>
          <Summary numSequencePoints="142" visitedSequencePoints="142" numBranchPoints="34" visitedBranchPoints="34" sequenceCoverage="100" branchCoverage="100" maxCyclomaticComplexity="6" minCyclomaticComplexity="1" maxCrapScore="6" minCrapScore="1" visitedClasses="1" numClasses="1" visitedMethods="16" numMethods="16" />
          <FullName>CalculatorClassLibrary.StandardCalculator</FullName>
          <Methods>
            <Method skippedDueTo="AutoImplementedProperty" visited="false" cyclomaticComplexity="1" nPathComplexity="0" sequenceCoverage="0" branchCoverage="0" crapScore="0" isConstructor="false" isStatic="false" isGetter="true" isSetter="false">
              <MetadataToken>100663317</MetadataToken>
              <Name>ConverterClassLibrary.IUnitConverter CalculatorClassLibrary.StandardCalculator::get_UnitConverter()</Name>
              <SequencePoints />
              <BranchPoints />
            </Method>
            <Method skippedDueTo="AutoImplementedProperty" visited="false" cyclomaticComplexity="1" nPathComplexity="0" sequenceCoverage="0" branchCoverage="0" crapScore="0" isConstructor="false" isStatic="false" isGetter="false" isSetter="true">
              <MetadataToken>100663318</MetadataToken>
              <Name>System.Void CalculatorClassLibrary.StandardCalculator::set_UnitConverter(ConverterClassLibrary.IUnitConverter)</Name>
              <SequencePoints />
              <BranchPoints />
            </Method>
            <Method skippedDueTo="AutoImplementedProperty" visited="false" cyclomaticComplexity="1" nPathComplexity="0" sequenceCoverage="0" branchCoverage="0" crapScore="0" isConstructor="false" isStatic="false" isGetter="true" isSetter="false">
              <MetadataToken>100663319</MetadataToken>
              <Name>ConverterClassLibrary.IOperatorConverter CalculatorClassLibrary.StandardCalculator::get_OperatorConverter()</Name>
              <SequencePoints />
              <BranchPoints />
            </Method>
            <Method skippedDueTo="AutoImplementedProperty" visited="false" cyclomaticComplexity="1" nPathComplexity="0" sequenceCoverage="0" branchCoverage="0" crapScore="0" isConstructor="false" isStatic="false" isGetter="false" isSetter="true">
              <MetadataToken>100663320</MetadataToken>
              <Name>System.Void CalculatorClassLibrary.StandardCalculator::set_OperatorConverter(ConverterClassLibrary.IOperatorConverter)</Name>
              <SequencePoints />
              <BranchPoints />
            </Method>
            <Method skippedDueTo="AutoImplementedProperty" visited="false" cyclomaticComplexity="1" nPathComplexity="0" sequenceCoverage="0" branchCoverage="0" crapScore="0" isConstructor="false" isStatic="false" isGetter="true" isSetter="false">
              <MetadataToken>100663321</MetadataToken>
              <Name>ExpressionsClassLibrary.IExpressionBuilder CalculatorClassLibrary.StandardCalculator::get_Builder()</Name>
              <SequencePoints />
              <BranchPoints />
            </Method>
            <Method skippedDueTo="AutoImplementedProperty" visited="false" cyclomaticComplexity="1" nPathComplexity="0" sequenceCoverage="0" branchCoverage="0" crapScore="0" isConstructor="false" isStatic="false" isGetter="false" isSetter="true">
              <MetadataToken>100663322</MetadataToken>
              <Name>System.Void CalculatorClassLibrary.StandardCalculator::set_Builder(ExpressionsClassLibrary.IExpressionBuilder)</Name>
              <SequencePoints />
              <BranchPoints />
            </Method>
            <Method skippedDueTo="AutoImplementedProperty" visited="false" cyclomaticComplexity="1" nPathComplexity="0" sequenceCoverage="0" branchCoverage="0" crapScore="0" isConstructor="false" isStatic="false" isGetter="true" isSetter="false">
              <MetadataToken>100663323</MetadataToken>
              <Name>ExpressionsClassLibrary.IExpressionParser CalculatorClassLibrary.StandardCalculator::get_Parser()</Name>
              <SequencePoints />
              <BranchPoints />
            </Method>
            <Method skippedDueTo="AutoImplementedProperty" visited="false" cyclomaticComplexity="1" nPathComplexity="0" sequenceCoverage="0" branchCoverage="0" crapScore="0" isConstructor="false" isStatic="false" isGetter="false" isSetter="true">
              <MetadataToken>100663324</MetadataToken>
              <Name>System.Void CalculatorClassLibrary.StandardCalculator::set_Parser(ExpressionsClassLibrary.IExpressionParser)</Name>
              <SequencePoints />
              <BranchPoints />
            </Method>
            <Method skippedDueTo="AutoImplementedProperty" visited="false" cyclomaticComplexity="1" nPathComplexity="0" sequenceCoverage="0" branchCoverage="0" crapScore="0" isConstructor="false" isStatic="false" isGetter="true" isSetter="false">
              <MetadataToken>100663325</MetadataToken>
              <Name>ExpressionsClassLibrary.IEvaluate CalculatorClassLibrary.StandardCalculator::get_Evaluator()</Name>
              <SequencePoints />
              <BranchPoints />
            </Method>
            <Method skippedDueTo="AutoImplementedProperty" visited="false" cyclomaticComplexity="1" nPathComplexity="0" sequenceCoverage="0" branchCoverage="0" crapScore="0" isConstructor="false" isStatic="false" isGetter="false" isSetter="true">
              <MetadataToken>100663326</MetadataToken>
              <Name>System.Void CalculatorClassLibrary.StandardCalculator::set_Evaluator(ExpressionsClassLibrary.IEvaluate)</Name>
              <SequencePoints />
              <BranchPoints />
            </Method>
            <Method skippedDueTo="AutoImplementedProperty" visited="false" cyclomaticComplexity="1" nPathComplexity="0" sequenceCoverage="0" branchCoverage="0" crapScore="0" isConstructor="false" isStatic="false" isGetter="true" isSetter="false">
              <MetadataToken>100663327</MetadataToken>
              <Name>System.Decimal CalculatorClassLibrary.StandardCalculator::get_LastResult()</Name>
              <SequencePoints />
              <BranchPoints />
            </Method>
            <Method skippedDueTo="AutoImplementedProperty" visited="false" cyclomaticComplexity="1" nPathComplexity="0" sequenceCoverage="0" branchCoverage="0" crapScore="0" isConstructor="false" isStatic="false" isGetter="false" isSetter="true">
              <MetadataToken>100663328</MetadataToken>
              <Name>System.Void CalculatorClassLibrary.StandardCalculator::set_LastResult(System.Decimal)</Name>
              <SequencePoints />
              <BranchPoints />
            </Method>
            <Method visited="true" cyclomaticComplexity="1" nPathComplexity="0" sequenceCoverage="100" branchCoverage="100" crapScore="1" isConstructor="false" isStatic="false" isGetter="true" isSetter="false">
              <Summary numSequencePoints="3" visitedSequencePoints="3" numBranchPoints="1" visitedBranchPoints="1" sequenceCoverage="100" branchCoverage="100" maxCyclomaticComplexity="1" minCyclomaticComplexity="1" maxCrapScore="1" minCrapScore="1" visitedClasses="0" numClasses="0" visitedMethods="1" numMethods="1" />
              <MetadataToken>100663329</MetadataToken>
              <Name>System.String CalculatorClassLibrary.StandardCalculator::get_Expression()</Name>
              <FileRef uid="2" />
              <SequencePoints>
                <SequencePoint vc="62" uspid="25" ordinal="0" offset="0" sl="19" sc="40" el="19" ec="41" bec="0" bev="0" fileid="2" />
                <SequencePoint vc="62" uspid="26" ordinal="1" offset="1" sl="19" sc="42" el="19" ec="68" bec="0" bev="0" fileid="2" />
                <SequencePoint vc="62" uspid="27" ordinal="2" offset="15" sl="19" sc="69" el="19" ec="70" bec="0" bev="0" fileid="2" />
              </SequencePoints>
              <BranchPoints />
              <MethodPoint xsi:type="SequencePoint" vc="62" uspid="25" ordinal="0" offset="0" sl="19" sc="40" el="19" ec="41" bec="0" bev="0" fileid="2" />
            </Method>
            <Method visited="true" cyclomaticComplexity="1" nPathComplexity="0" sequenceCoverage="100" branchCoverage="100" crapScore="1" isConstructor="true" isStatic="false" isGetter="false" isSetter="false">
              <Summary numSequencePoints="9" visitedSequencePoints="9" numBranchPoints="1" visitedBranchPoints="1" sequenceCoverage="100" branchCoverage="100" maxCyclomaticComplexity="1" minCyclomaticComplexity="1" maxCrapScore="1" minCrapScore="1" visitedClasses="0" numClasses="0" visitedMethods="1" numMethods="1" />
              <MetadataToken>100663330</MetadataToken>
              <Name>System.Void CalculatorClassLibrary.StandardCalculator::.ctor()</Name>
              <FileRef uid="2" />
              <SequencePoints>
                <SequencePoint vc="18" uspid="28" ordinal="0" offset="0" sl="21" sc="9" el="21" ec="36" bec="0" bev="0" fileid="2" />
                <SequencePoint vc="18" uspid="29" ordinal="1" offset="7" sl="21" sc="37" el="21" ec="38" bec="0" bev="0" fileid="2" />
                <SequencePoint vc="18" uspid="30" ordinal="2" offset="8" sl="23" sc="13" el="23" ec="77" bec="0" bev="0" fileid="2" />
                <SequencePoint vc="18" uspid="31" ordinal="3" offset="19" sl="24" sc="13" el="24" ec="49" bec="0" bev="0" fileid="2" />
                <SequencePoint vc="18" uspid="32" ordinal="4" offset="31" sl="25" sc="13" el="25" ec="81" bec="0" bev="0" fileid="2" />
                <SequencePoint vc="18" uspid="33" ordinal="5" offset="48" sl="26" sc="13" el="26" ec="60" bec="0" bev="0" fileid="2" />
                <SequencePoint vc="18" uspid="34" ordinal="6" offset="61" sl="27" sc="13" el="27" ec="62" bec="0" bev="0" fileid="2" />
                <SequencePoint vc="18" uspid="35" ordinal="7" offset="79" sl="28" sc="13" el="28" ec="73" bec="0" bev="0" fileid="2" />
                <SequencePoint vc="18" uspid="36" ordinal="8" offset="103" sl="29" sc="9" el="29" ec="10" bec="0" bev="0" fileid="2" />
              </SequencePoints>
              <BranchPoints />
              <MethodPoint xsi:type="SequencePoint" vc="18" uspid="28" ordinal="0" offset="0" sl="21" sc="9" el="21" ec="36" bec="0" bev="0" fileid="2" />
            </Method>
            <Method visited="true" cyclomaticComplexity="1" nPathComplexity="0" sequenceCoverage="100" branchCoverage="100" crapScore="1" isConstructor="false" isStatic="false" isGetter="false" isSetter="false">
              <Summary numSequencePoints="5" visitedSequencePoints="5" numBranchPoints="1" visitedBranchPoints="1" sequenceCoverage="100" branchCoverage="100" maxCyclomaticComplexity="1" minCyclomaticComplexity="1" maxCrapScore="1" minCrapScore="1" visitedClasses="0" numClasses="0" visitedMethods="1" numMethods="1" />
              <MetadataToken>100663331</MetadataToken>
              <Name>System.Void CalculatorClassLibrary.StandardCalculator::Clear()</Name>
              <FileRef uid="2" />
              <SequencePoints>
                <SequencePoint vc="4" uspid="37" ordinal="0" offset="0" sl="31" sc="38" el="31" ec="39" bec="0" bev="0" fileid="2" />
                <SequencePoint vc="4" uspid="38" ordinal="1" offset="1" sl="33" sc="13" el="33" ec="26" bec="0" bev="0" fileid="2" />
                <SequencePoint vc="4" uspid="39" ordinal="2" offset="8" sl="34" sc="13" el="34" ec="29" bec="0" bev="0" fileid="2" />
                <SequencePoint vc="4" uspid="40" ordinal="3" offset="20" sl="35" sc="13" el="35" ec="28" bec="0" bev="0" fileid="2" />
                <SequencePoint vc="4" uspid="41" ordinal="4" offset="33" sl="36" sc="9" el="36" ec="10" bec="0" bev="0" fileid="2" />
              </SequencePoints>
              <BranchPoints />
              <MethodPoint xsi:type="SequencePoint" vc="4" uspid="37" ordinal="0" offset="0" sl="31" sc="38" el="31" ec="39" bec="0" bev="0" fileid="2" />
            </Method>
            <Method visited="true" cyclomaticComplexity="1" nPathComplexity="0" sequenceCoverage="100" branchCoverage="100" crapScore="1" isConstructor="false" isStatic="false" isGetter="false" isSetter="false">
              <Summary numSequencePoints="3" visitedSequencePoints="3" numBranchPoints="1" visitedBranchPoints="1" sequenceCoverage="100" branchCoverage="100" maxCyclomaticComplexity="1" minCyclomaticComplexity="1" maxCrapScore="1" minCrapScore="1" visitedClasses="0" numClasses="0" visitedMethods="1" numMethods="1" />
              <MetadataToken>100663332</MetadataToken>
              <Name>System.Void CalculatorClassLibrary.StandardCalculator::ClearInput()</Name>
              <FileRef uid="2" />
              <SequencePoints>
                <SequencePoint vc="26" uspid="42" ordinal="0" offset="0" sl="38" sc="34" el="38" ec="35" bec="0" bev="0" fileid="2" />
                <SequencePoint vc="26" uspid="43" ordinal="1" offset="1" sl="40" sc="13" el="40" ec="28" bec="0" bev="0" fileid="2" />
                <SequencePoint vc="26" uspid="44" ordinal="2" offset="13" sl="41" sc="9" el="41" ec="10" bec="0" bev="0" fileid="2" />
              </SequencePoints>
              <BranchPoints />
              <MethodPoint xsi:type="SequencePoint" vc="26" uspid="42" ordinal="0" offset="0" sl="38" sc="34" el="38" ec="35" bec="0" bev="0" fileid="2" />
            </Method>
            <Method visited="true" cyclomaticComplexity="1" nPathComplexity="0" sequenceCoverage="100" branchCoverage="100" crapScore="1" isConstructor="false" isStatic="false" isGetter="false" isSetter="false">
              <Summary numSequencePoints="4" visitedSequencePoints="4" numBranchPoints="1" visitedBranchPoints="1" sequenceCoverage="100" branchCoverage="100" maxCyclomaticComplexity="1" minCyclomaticComplexity="1" maxCrapScore="1" minCrapScore="1" visitedClasses="0" numClasses="0" visitedMethods="1" numMethods="1" />
              <MetadataToken>100663333</MetadataToken>
              <Name>System.Void CalculatorClassLibrary.StandardCalculator::PushBuffer()</Name>
              <FileRef uid="2" />
              <SequencePoints>
                <SequencePoint vc="25" uspid="45" ordinal="0" offset="0" sl="43" sc="37" el="43" ec="38" bec="0" bev="0" fileid="2" />
                <SequencePoint vc="25" uspid="46" ordinal="1" offset="1" sl="45" sc="13" el="45" ec="36" bec="0" bev="0" fileid="2" />
                <SequencePoint vc="25" uspid="47" ordinal="2" offset="19" sl="46" sc="13" el="46" ec="26" bec="0" bev="0" fileid="2" />
                <SequencePoint vc="25" uspid="48" ordinal="3" offset="26" sl="47" sc="9" el="47" ec="10" bec="0" bev="0" fileid="2" />
              </SequencePoints>
              <BranchPoints />
              <MethodPoint xsi:type="SequencePoint" vc="25" uspid="45" ordinal="0" offset="0" sl="43" sc="37" el="43" ec="38" bec="0" bev="0" fileid="2" />
            </Method>
            <Method visited="true" cyclomaticComplexity="2" nPathComplexity="2" sequenceCoverage="100" branchCoverage="100" crapScore="2" isConstructor="false" isStatic="false" isGetter="false" isSetter="false">
              <Summary numSequencePoints="7" visitedSequencePoints="7" numBranchPoints="3" visitedBranchPoints="3" sequenceCoverage="100" branchCoverage="100" maxCyclomaticComplexity="2" minCyclomaticComplexity="2" maxCrapScore="2" minCrapScore="2" visitedClasses="0" numClasses="0" visitedMethods="1" numMethods="1" />
              <MetadataToken>100663334</MetadataToken>
              <Name>System.Void CalculatorClassLibrary.StandardCalculator::Add(System.Decimal)</Name>
              <FileRef uid="2" />
              <SequencePoints>
                <SequencePoint vc="29" uspid="49" ordinal="0" offset="0" sl="49" sc="49" el="49" ec="50" bec="0" bev="0" fileid="2" />
                <SequencePoint vc="29" uspid="50" ordinal="1" offset="1" sl="51" sc="13" el="51" ec="39" bec="2" bev="2" fileid="2" />
                <SequencePoint vc="2" uspid="51" ordinal="2" offset="16" sl="51" sc="40" el="51" ec="41" bec="0" bev="0" fileid="2" />
                <SequencePoint vc="2" uspid="52" ordinal="3" offset="17" sl="53" sc="17" el="53" ec="25" bec="0" bev="0" fileid="2" />
                <SequencePoint vc="2" uspid="53" ordinal="4" offset="24" sl="54" sc="13" el="54" ec="14" bec="0" bev="0" fileid="2" />
                <SequencePoint vc="29" uspid="54" ordinal="5" offset="25" sl="56" sc="13" el="56" ec="29" bec="0" bev="0" fileid="2" />
                <SequencePoint vc="29" uspid="55" ordinal="6" offset="33" sl="57" sc="9" el="57" ec="10" bec="0" bev="0" fileid="2" />
              </SequencePoints>
              <BranchPoints>
                <BranchPoint vc="2" uspid="56" ordinal="0" offset="14" sl="51" path="0" offsetend="16" fileid="2" />
                <BranchPoint vc="27" uspid="57" ordinal="1" offset="14" sl="51" path="1" offsetend="25" fileid="2" />
              </BranchPoints>
              <MethodPoint xsi:type="SequencePoint" vc="29" uspid="49" ordinal="0" offset="0" sl="49" sc="49" el="49" ec="50" bec="0" bev="0" fileid="2" />
            </Method>
            <Method visited="true" cyclomaticComplexity="1" nPathComplexity="0" sequenceCoverage="100" branchCoverage="100" crapScore="1" isConstructor="false" isStatic="false" isGetter="false" isSetter="false">
              <Summary numSequencePoints="3" visitedSequencePoints="3" numBranchPoints="1" visitedBranchPoints="1" sequenceCoverage="100" branchCoverage="100" maxCyclomaticComplexity="1" minCyclomaticComplexity="1" maxCrapScore="1" minCrapScore="1" visitedClasses="0" numClasses="0" visitedMethods="1" numMethods="1" />
              <MetadataToken>100663335</MetadataToken>
              <Name>System.Void CalculatorClassLibrary.StandardCalculator::AddValue(System.Decimal)</Name>
              <FileRef uid="2" />
              <SequencePoints>
                <SequencePoint vc="26" uspid="58" ordinal="0" offset="0" sl="59" sc="46" el="59" ec="47" bec="0" bev="0" fileid="2" />
                <SequencePoint vc="26" uspid="59" ordinal="1" offset="1" sl="61" sc="13" el="61" ec="37" bec="0" bev="0" fileid="2" />
                <SequencePoint vc="26" uspid="60" ordinal="2" offset="14" sl="62" sc="9" el="62" ec="10" bec="0" bev="0" fileid="2" />
              </SequencePoints>
              <BranchPoints />
              <MethodPoint xsi:type="SequencePoint" vc="26" uspid="58" ordinal="0" offset="0" sl="59" sc="46" el="59" ec="47" bec="0" bev="0" fileid="2" />
            </Method>
            <Method visited="true" cyclomaticComplexity="1" nPathComplexity="0" sequenceCoverage="100" branchCoverage="100" crapScore="1" isConstructor="false" isStatic="false" isGetter="false" isSetter="false">
              <Summary numSequencePoints="8" visitedSequencePoints="8" numBranchPoints="1" visitedBranchPoints="1" sequenceCoverage="100" branchCoverage="100" maxCyclomaticComplexity="1" minCyclomaticComplexity="1" maxCrapScore="1" minCrapScore="1" visitedClasses="0" numClasses="0" visitedMethods="1" numMethods="1" />
              <MetadataToken>100663336</MetadataToken>
              <Name>System.Void CalculatorClassLibrary.StandardCalculator::AddParentheses(System.String)</Name>
              <FileRef uid="2" />
              <SequencePoints>
                <SequencePoint vc="8" uspid="61" ordinal="0" offset="0" sl="64" sc="51" el="64" ec="52" bec="0" bev="0" fileid="2" />
                <SequencePoint vc="8" uspid="62" ordinal="1" offset="1" sl="66" sc="17" el="66" ec="18" bec="0" bev="0" fileid="2" />
                <SequencePoint vc="8" uspid="63" ordinal="2" offset="2" sl="68" sc="17" el="68" ec="47" bec="0" bev="0" fileid="2" />
                <SequencePoint vc="6" uspid="64" ordinal="3" offset="15" sl="69" sc="13" el="69" ec="14" bec="0" bev="0" fileid="2" />
                <SequencePoint vc="2" uspid="65" ordinal="4" offset="18" sl="70" sc="13" el="70" ec="29" bec="0" bev="0" fileid="2" />
                <SequencePoint vc="2" uspid="66" ordinal="5" offset="19" sl="70" sc="30" el="70" ec="31" bec="0" bev="0" fileid="2" />
                <SequencePoint vc="2" uspid="67" ordinal="6" offset="20" sl="70" sc="32" el="70" ec="33" bec="0" bev="0" fileid="2" />
                <SequencePoint vc="8" uspid="68" ordinal="7" offset="24" sl="71" sc="9" el="71" ec="10" bec="0" bev="0" fileid="2" />
              </SequencePoints>
              <BranchPoints />
              <MethodPoint xsi:type="SequencePoint" vc="8" uspid="61" ordinal="0" offset="0" sl="64" sc="51" el="64" ec="52" bec="0" bev="0" fileid="2" />
            </Method>
            <Method visited="true" cyclomaticComplexity="1" nPathComplexity="0" sequenceCoverage="100" branchCoverage="100" crapScore="1" isConstructor="false" isStatic="false" isGetter="false" isSetter="false">
              <Summary numSequencePoints="10" visitedSequencePoints="10" numBranchPoints="1" visitedBranchPoints="1" sequenceCoverage="100" branchCoverage="100" maxCyclomaticComplexity="1" minCyclomaticComplexity="1" maxCrapScore="1" minCrapScore="1" visitedClasses="0" numClasses="0" visitedMethods="1" numMethods="1" />
              <MetadataToken>100663337</MetadataToken>
              <Name>System.Void CalculatorClassLibrary.StandardCalculator::AddUnary(System.String)</Name>
              <FileRef uid="2" />
              <SequencePoints>
                <SequencePoint vc="6" uspid="69" ordinal="0" offset="0" sl="73" sc="45" el="73" ec="46" bec="0" bev="0" fileid="2" />
                <SequencePoint vc="6" uspid="70" ordinal="1" offset="1" sl="75" sc="17" el="75" ec="18" bec="0" bev="0" fileid="2" />
                <SequencePoint vc="6" uspid="71" ordinal="2" offset="2" sl="77" sc="17" el="77" ec="41" bec="0" bev="0" fileid="2" />
                <SequencePoint vc="5" uspid="72" ordinal="3" offset="15" sl="78" sc="13" el="78" ec="14" bec="0" bev="0" fileid="2" />
                <SequencePoint vc="1" uspid="73" ordinal="4" offset="18" sl="79" sc="13" el="79" ec="45" bec="0" bev="0" fileid="2" />
                <SequencePoint vc="1" uspid="74" ordinal="5" offset="19" sl="79" sc="46" el="79" ec="47" bec="0" bev="0" fileid="2" />
                <SequencePoint vc="1" uspid="75" ordinal="6" offset="20" sl="81" sc="17" el="81" ec="46" bec="0" bev="0" fileid="2" />
                <SequencePoint vc="1" uspid="76" ordinal="7" offset="38" sl="82" sc="17" el="82" ec="41" bec="0" bev="0" fileid="2" />
                <SequencePoint vc="1" uspid="77" ordinal="8" offset="51" sl="83" sc="13" el="83" ec="14" bec="0" bev="0" fileid="2" />
                <SequencePoint vc="6" uspid="78" ordinal="9" offset="55" sl="84" sc="9" el="84" ec="10" bec="0" bev="0" fileid="2" />
              </SequencePoints>
              <BranchPoints />
              <MethodPoint xsi:type="SequencePoint" vc="6" uspid="69" ordinal="0" offset="0" sl="73" sc="45" el="73" ec="46" bec="0" bev="0" fileid="2" />
            </Method>
            <Method visited="true" cyclomaticComplexity="1" nPathComplexity="0" sequenceCoverage="100" branchCoverage="100" crapScore="1" isConstructor="false" isStatic="false" isGetter="false" isSetter="false">
              <Summary numSequencePoints="10" visitedSequencePoints="10" numBranchPoints="1" visitedBranchPoints="1" sequenceCoverage="100" branchCoverage="100" maxCyclomaticComplexity="1" minCyclomaticComplexity="1" maxCrapScore="1" minCrapScore="1" visitedClasses="0" numClasses="0" visitedMethods="1" numMethods="1" />
              <MetadataToken>100663338</MetadataToken>
              <Name>System.Void CalculatorClassLibrary.StandardCalculator::AddBinary(System.String)</Name>
              <FileRef uid="2" />
              <SequencePoints>
                <SequencePoint vc="15" uspid="79" ordinal="0" offset="0" sl="86" sc="46" el="86" ec="47" bec="0" bev="0" fileid="2" />
                <SequencePoint vc="15" uspid="80" ordinal="1" offset="1" sl="88" sc="17" el="88" ec="18" bec="0" bev="0" fileid="2" />
                <SequencePoint vc="15" uspid="81" ordinal="2" offset="2" sl="90" sc="17" el="90" ec="42" bec="0" bev="0" fileid="2" />
                <SequencePoint vc="14" uspid="82" ordinal="3" offset="15" sl="91" sc="13" el="91" ec="14" bec="0" bev="0" fileid="2" />
                <SequencePoint vc="1" uspid="83" ordinal="4" offset="18" sl="92" sc="13" el="92" ec="45" bec="0" bev="0" fileid="2" />
                <SequencePoint vc="1" uspid="84" ordinal="5" offset="19" sl="92" sc="46" el="92" ec="47" bec="0" bev="0" fileid="2" />
                <SequencePoint vc="1" uspid="85" ordinal="6" offset="20" sl="94" sc="17" el="94" ec="32" bec="0" bev="0" fileid="2" />
                <SequencePoint vc="1" uspid="86" ordinal="7" offset="32" sl="95" sc="17" el="95" ec="42" bec="0" bev="0" fileid="2" />
                <SequencePoint vc="1" uspid="87" ordinal="8" offset="45" sl="96" sc="13" el="96" ec="14" bec="0" bev="0" fileid="2" />
                <SequencePoint vc="15" uspid="88" ordinal="9" offset="49" sl="97" sc="9" el="97" ec="10" bec="0" bev="0" fileid="2" />
              </SequencePoints>
              <BranchPoints />
              <MethodPoint xsi:type="SequencePoint" vc="15" uspid="79" ordinal="0" offset="0" sl="86" sc="46" el="86" ec="47" bec="0" bev="0" fileid="2" />
            </Method>
            <Method visited="true" cyclomaticComplexity="4" nPathComplexity="2" sequenceCoverage="100" branchCoverage="100" crapScore="4" isConstructor="false" isStatic="false" isGetter="false" isSetter="false">
              <Summary numSequencePoints="6" visitedSequencePoints="6" numBranchPoints="3" visitedBranchPoints="3" sequenceCoverage="100" branchCoverage="100" maxCyclomaticComplexity="4" minCyclomaticComplexity="4" maxCrapScore="4" minCrapScore="4" visitedClasses="0" numClasses="0" visitedMethods="1" numMethods="1" />
              <MetadataToken>100663339</MetadataToken>
              <Name>System.Boolean CalculatorClassLibrary.StandardCalculator::IsSpecialKey(System.String)</Name>
              <FileRef uid="2" />
              <SequencePoints>
                <SequencePoint vc="35" uspid="89" ordinal="0" offset="0" sl="99" sc="56" el="99" ec="57" bec="0" bev="0" fileid="2" />
                <SequencePoint vc="35" uspid="90" ordinal="1" offset="1" sl="101" sc="13" el="101" ec="59" bec="2" bev="2" fileid="2" />
                <SequencePoint vc="2" uspid="91" ordinal="2" offset="36" sl="101" sc="60" el="101" ec="61" bec="0" bev="0" fileid="2" />
                <SequencePoint vc="2" uspid="92" ordinal="3" offset="37" sl="103" sc="17" el="103" ec="29" bec="0" bev="0" fileid="2" />
                <SequencePoint vc="33" uspid="93" ordinal="4" offset="41" sl="106" sc="13" el="106" ec="70" bec="0" bev="0" fileid="2" />
                <SequencePoint vc="35" uspid="94" ordinal="5" offset="75" sl="107" sc="9" el="107" ec="10" bec="0" bev="0" fileid="2" />
              </SequencePoints>
              <BranchPoints>
                <BranchPoint vc="2" uspid="97" ordinal="2" offset="34" sl="101" path="0" offsetend="36" fileid="2" />
                <BranchPoint vc="33" uspid="98" ordinal="3" offset="34" sl="101" path="1" offsetend="41" fileid="2" />
              </BranchPoints>
              <MethodPoint xsi:type="SequencePoint" vc="35" uspid="89" ordinal="0" offset="0" sl="99" sc="56" el="99" ec="57" bec="0" bev="0" fileid="2" />
            </Method>
            <Method visited="true" cyclomaticComplexity="3" nPathComplexity="4" sequenceCoverage="100" branchCoverage="100" crapScore="3" isConstructor="false" isStatic="false" isGetter="false" isSetter="false">
              <Summary numSequencePoints="13" visitedSequencePoints="13" numBranchPoints="5" visitedBranchPoints="5" sequenceCoverage="100" branchCoverage="100" maxCyclomaticComplexity="3" minCyclomaticComplexity="3" maxCrapScore="3" minCrapScore="3" visitedClasses="0" numClasses="0" visitedMethods="1" numMethods="1" />
              <MetadataToken>100663340</MetadataToken>
              <Name>System.Void CalculatorClassLibrary.StandardCalculator::HandleSpecialKey(System.String)</Name>
              <FileRef uid="2" />
              <SequencePoints>
                <SequencePoint vc="4" uspid="101" ordinal="0" offset="0" sl="109" sc="63" el="109" ec="64" bec="0" bev="0" fileid="2" />
                <SequencePoint vc="4" uspid="102" ordinal="1" offset="1" sl="111" sc="13" el="111" ec="29" bec="2" bev="2" fileid="2" />
                <SequencePoint vc="1" uspid="103" ordinal="2" offset="19" sl="111" sc="30" el="111" ec="31" bec="0" bev="0" fileid="2" />
                <SequencePoint vc="1" uspid="104" ordinal="3" offset="20" sl="113" sc="17" el="113" ec="35" bec="0" bev="0" fileid="2" />
                <SequencePoint vc="1" uspid="105" ordinal="4" offset="33" sl="114" sc="13" el="114" ec="14" bec="0" bev="0" fileid="2" />
                <SequencePoint vc="3" uspid="106" ordinal="5" offset="36" sl="115" sc="18" el="115" ec="48" bec="2" bev="2" fileid="2" />
                <SequencePoint vc="1" uspid="107" ordinal="6" offset="54" sl="115" sc="49" el="115" ec="50" bec="0" bev="0" fileid="2" />
                <SequencePoint vc="1" uspid="108" ordinal="7" offset="55" sl="117" sc="17" el="117" ec="48" bec="0" bev="0" fileid="2" />
                <SequencePoint vc="1" uspid="109" ordinal="8" offset="84" sl="118" sc="13" el="118" ec="14" bec="0" bev="0" fileid="2" />
                <SequencePoint vc="2" uspid="110" ordinal="9" offset="87" sl="119" sc="18" el="119" ec="19" bec="0" bev="0" fileid="2" />
                <SequencePoint vc="2" uspid="111" ordinal="10" offset="88" sl="121" sc="17" el="121" ec="33" bec="0" bev="0" fileid="2" />
                <SequencePoint vc="2" uspid="112" ordinal="11" offset="100" sl="122" sc="13" el="122" ec="14" bec="0" bev="0" fileid="2" />
                <SequencePoint vc="4" uspid="113" ordinal="12" offset="101" sl="123" sc="9" el="123" ec="10" bec="0" bev="0" fileid="2" />
              </SequencePoints>
              <BranchPoints>
                <BranchPoint vc="1" uspid="114" ordinal="0" offset="17" sl="111" path="0" offsetend="19" fileid="2" />
                <BranchPoint vc="3" uspid="115" ordinal="1" offset="17" sl="111" path="1" offsetend="36" fileid="2" />
                <BranchPoint vc="1" uspid="116" ordinal="2" offset="52" sl="115" path="0" offsetend="54" fileid="2" />
                <BranchPoint vc="2" uspid="117" ordinal="3" offset="52" sl="115" path="1" offsetend="87" fileid="2" />
              </BranchPoints>
              <MethodPoint xsi:type="SequencePoint" vc="4" uspid="101" ordinal="0" offset="0" sl="109" sc="63" el="109" ec="64" bec="0" bev="0" fileid="2" />
            </Method>
            <Method visited="true" cyclomaticComplexity="6" nPathComplexity="16" sequenceCoverage="100" branchCoverage="100" crapScore="6" isConstructor="false" isStatic="false" isGetter="false" isSetter="false">
              <Summary numSequencePoints="23" visitedSequencePoints="23" numBranchPoints="9" visitedBranchPoints="9" sequenceCoverage="100" branchCoverage="100" maxCyclomaticComplexity="6" minCyclomaticComplexity="6" maxCrapScore="6" minCrapScore="6" visitedClasses="0" numClasses="0" visitedMethods="1" numMethods="1" />
              <MetadataToken>100663341</MetadataToken>
              <Name>System.Void CalculatorClassLibrary.StandardCalculator::Add(System.String)</Name>
              <FileRef uid="2" />
              <SequencePoints>
                <SequencePoint vc="35" uspid="118" ordinal="0" offset="0" sl="125" sc="48" el="125" ec="49" bec="0" bev="0" fileid="2" />
                <SequencePoint vc="35" uspid="119" ordinal="1" offset="1" sl="127" sc="13" el="127" ec="36" bec="2" bev="2" fileid="2" />
                <SequencePoint vc="4" uspid="120" ordinal="2" offset="15" sl="127" sc="37" el="127" ec="38" bec="0" bev="0" fileid="2" />
                <SequencePoint vc="4" uspid="121" ordinal="3" offset="16" sl="129" sc="17" el="129" ec="41" bec="0" bev="0" fileid="2" />
                <SequencePoint vc="4" uspid="122" ordinal="4" offset="24" sl="131" sc="17" el="131" ec="24" bec="0" bev="0" fileid="2" />
                <SequencePoint vc="31" uspid="123" ordinal="5" offset="26" sl="134" sc="13" el="134" ec="32" bec="2" bev="2" fileid="2" />
                <SequencePoint vc="22" uspid="124" ordinal="6" offset="41" sl="134" sc="33" el="134" ec="34" bec="0" bev="0" fileid="2" />
                <SequencePoint vc="22" uspid="125" ordinal="7" offset="42" sl="136" sc="17" el="136" ec="30" bec="0" bev="0" fileid="2" />
                <SequencePoint vc="22" uspid="126" ordinal="8" offset="49" sl="137" sc="17" el="137" ec="31" bec="0" bev="0" fileid="2" />
                <SequencePoint vc="20" uspid="127" ordinal="9" offset="56" sl="138" sc="13" el="138" ec="14" bec="0" bev="0" fileid="2" />
                <SequencePoint vc="29" uspid="128" ordinal="10" offset="57" sl="140" sc="13" el="140" ec="45" bec="2" bev="2" fileid="2" />
                <SequencePoint vc="8" uspid="129" ordinal="11" offset="92" sl="140" sc="46" el="140" ec="47" bec="0" bev="0" fileid="2" />
                <SequencePoint vc="8" uspid="130" ordinal="12" offset="93" sl="142" sc="17" el="142" ec="39" bec="0" bev="0" fileid="2" />
                <SequencePoint vc="8" uspid="131" ordinal="13" offset="101" sl="143" sc="13" el="143" ec="14" bec="0" bev="0" fileid="2" />
                <SequencePoint vc="21" uspid="132" ordinal="14" offset="104" sl="144" sc="18" el="144" ec="54" bec="2" bev="2" fileid="2" />
                <SequencePoint vc="6" uspid="133" ordinal="15" offset="123" sl="144" sc="55" el="144" ec="56" bec="0" bev="0" fileid="2" />
                <SequencePoint vc="6" uspid="134" ordinal="16" offset="124" sl="146" sc="17" el="146" ec="33" bec="0" bev="0" fileid="2" />
                <SequencePoint vc="6" uspid="135" ordinal="17" offset="132" sl="147" sc="13" el="147" ec="14" bec="0" bev="0" fileid="2" />
                <SequencePoint vc="15" uspid="136" ordinal="18" offset="135" sl="148" sc="18" el="148" ec="19" bec="0" bev="0" fileid="2" />
                <SequencePoint vc="15" uspid="137" ordinal="19" offset="136" sl="150" sc="17" el="150" ec="34" bec="0" bev="0" fileid="2" />
                <SequencePoint vc="15" uspid="138" ordinal="20" offset="144" sl="151" sc="13" el="151" ec="14" bec="0" bev="0" fileid="2" />
                <SequencePoint vc="29" uspid="139" ordinal="21" offset="145" sl="153" sc="13" el="153" ec="27" bec="0" bev="0" fileid="2" />
                <SequencePoint vc="31" uspid="140" ordinal="22" offset="152" sl="154" sc="9" el="154" ec="10" bec="0" bev="0" fileid="2" />
              </SequencePoints>
              <BranchPoints>
                <BranchPoint vc="4" uspid="141" ordinal="0" offset="13" sl="127" path="0" offsetend="15" fileid="2" />
                <BranchPoint vc="31" uspid="142" ordinal="1" offset="13" sl="127" path="1" offsetend="26" fileid="2" />
                <BranchPoint vc="22" uspid="143" ordinal="2" offset="39" sl="134" path="0" offsetend="41" fileid="2" />
                <BranchPoint vc="9" uspid="144" ordinal="3" offset="39" sl="134" path="1" offsetend="57" fileid="2" />
                <BranchPoint vc="8" uspid="147" ordinal="6" offset="90" sl="140" path="0" offsetend="92" fileid="2" />
                <BranchPoint vc="21" uspid="148" ordinal="7" offset="90" sl="140" path="1" offsetend="104" fileid="2" />
                <BranchPoint vc="6" uspid="149" ordinal="8" offset="121" sl="144" path="0" offsetend="123" fileid="2" />
                <BranchPoint vc="15" uspid="150" ordinal="9" offset="121" sl="144" path="1" offsetend="135" fileid="2" />
              </BranchPoints>
              <MethodPoint xsi:type="SequencePoint" vc="35" uspid="118" ordinal="0" offset="0" sl="125" sc="48" el="125" ec="49" bec="0" bev="0" fileid="2" />
            </Method>
            <Method visited="true" cyclomaticComplexity="1" nPathComplexity="0" sequenceCoverage="100" branchCoverage="100" crapScore="1" isConstructor="false" isStatic="false" isGetter="false" isSetter="false">
              <Summary numSequencePoints="3" visitedSequencePoints="3" numBranchPoints="1" visitedBranchPoints="1" sequenceCoverage="100" branchCoverage="100" maxCyclomaticComplexity="1" minCyclomaticComplexity="1" maxCrapScore="1" minCrapScore="1" visitedClasses="0" numClasses="0" visitedMethods="1" numMethods="1" />
              <MetadataToken>100663342</MetadataToken>
              <Name>System.Decimal CalculatorClassLibrary.StandardCalculator::GetResult()</Name>
              <FileRef uid="2" />
              <SequencePoints>
                <SequencePoint vc="57" uspid="151" ordinal="0" offset="0" sl="156" sc="39" el="156" ec="40" bec="0" bev="0" fileid="2" />
                <SequencePoint vc="57" uspid="152" ordinal="1" offset="1" sl="158" sc="13" el="158" ec="70" bec="0" bev="0" fileid="2" />
                <SequencePoint vc="26" uspid="153" ordinal="2" offset="37" sl="159" sc="9" el="159" ec="10" bec="0" bev="0" fileid="2" />
              </SequencePoints>
              <BranchPoints />
              <MethodPoint xsi:type="SequencePoint" vc="57" uspid="151" ordinal="0" offset="0" sl="156" sc="39" el="156" ec="40" bec="0" bev="0" fileid="2" />
            </Method>
            <Method visited="true" cyclomaticComplexity="1" nPathComplexity="0" sequenceCoverage="100" branchCoverage="100" crapScore="1" isConstructor="false" isStatic="false" isGetter="false" isSetter="false">
              <Summary numSequencePoints="17" visitedSequencePoints="17" numBranchPoints="1" visitedBranchPoints="1" sequenceCoverage="100" branchCoverage="100" maxCyclomaticComplexity="1" minCyclomaticComplexity="1" maxCrapScore="1" minCrapScore="1" visitedClasses="0" numClasses="0" visitedMethods="1" numMethods="1" />
              <MetadataToken>100663343</MetadataToken>
              <Name>System.Decimal CalculatorClassLibrary.StandardCalculator::TryEvaluate()</Name>
              <FileRef uid="2" />
              <SequencePoints>
                <SequencePoint vc="52" uspid="154" ordinal="0" offset="0" sl="161" sc="41" el="161" ec="42" bec="0" bev="0" fileid="2" />
                <SequencePoint vc="52" uspid="155" ordinal="1" offset="1" sl="163" sc="17" el="163" ec="18" bec="0" bev="0" fileid="2" />
                <SequencePoint vc="52" uspid="156" ordinal="2" offset="2" sl="165" sc="17" el="165" ec="42" bec="0" bev="0" fileid="2" />
                <SequencePoint vc="24" uspid="157" ordinal="3" offset="15" sl="167" sc="17" el="167" ec="35" bec="0" bev="0" fileid="2" />
                <SequencePoint vc="1" uspid="158" ordinal="4" offset="24" sl="169" sc="13" el="169" ec="51" bec="0" bev="0" fileid="2" />
                <SequencePoint vc="1" uspid="159" ordinal="5" offset="25" sl="169" sc="52" el="169" ec="53" bec="0" bev="0" fileid="2" />
                <SequencePoint vc="1" uspid="160" ordinal="6" offset="26" sl="171" sc="17" el="171" ec="33" bec="0" bev="0" fileid="2" />
                <SequencePoint vc="1" uspid="161" ordinal="7" offset="28" sl="173" sc="13" el="173" ec="47" bec="0" bev="0" fileid="2" />
                <SequencePoint vc="1" uspid="162" ordinal="8" offset="29" sl="173" sc="48" el="173" ec="49" bec="0" bev="0" fileid="2" />
                <SequencePoint vc="1" uspid="163" ordinal="9" offset="30" sl="175" sc="17" el="175" ec="33" bec="0" bev="0" fileid="2" />
                <SequencePoint vc="2" uspid="164" ordinal="10" offset="32" sl="177" sc="13" el="177" ec="57" bec="0" bev="0" fileid="2" />
                <SequencePoint vc="2" uspid="165" ordinal="11" offset="33" sl="177" sc="58" el="177" ec="59" bec="0" bev="0" fileid="2" />
                <SequencePoint vc="2" uspid="166" ordinal="12" offset="34" sl="179" sc="17" el="179" ec="33" bec="0" bev="0" fileid="2" />
                <SequencePoint vc="24" uspid="167" ordinal="13" offset="36" sl="181" sc="13" el="181" ec="29" bec="0" bev="0" fileid="2" />
                <SequencePoint vc="24" uspid="168" ordinal="14" offset="37" sl="181" sc="30" el="181" ec="31" bec="0" bev="0" fileid="2" />
                <SequencePoint vc="24" uspid="169" ordinal="15" offset="38" sl="183" sc="17" el="183" ec="35" bec="0" bev="0" fileid="2" />
                <SequencePoint vc="48" uspid="170" ordinal="16" offset="48" sl="185" sc="9" el="185" ec="10" bec="0" bev="0" fileid="2" />
              </SequencePoints>
              <BranchPoints />
              <MethodPoint xsi:type="SequencePoint" vc="52" uspid="154" ordinal="0" offset="0" sl="161" sc="41" el="161" ec="42" bec="0" bev="0" fileid="2" />
            </Method>
            <Method visited="true" cyclomaticComplexity="2" nPathComplexity="2" sequenceCoverage="100" branchCoverage="100" crapScore="2" isConstructor="false" isStatic="false" isGetter="false" isSetter="false">
              <Summary numSequencePoints="18" visitedSequencePoints="18" numBranchPoints="3" visitedBranchPoints="3" sequenceCoverage="100" branchCoverage="100" maxCyclomaticComplexity="2" minCyclomaticComplexity="2" maxCrapScore="2" minCrapScore="2" visitedClasses="0" numClasses="0" visitedMethods="1" numMethods="1" />
              <MetadataToken>100663344</MetadataToken>
              <Name>System.Decimal CalculatorClassLibrary.StandardCalculator::Evaluate()</Name>
              <FileRef uid="2" />
              <SequencePoints>
                <SequencePoint vc="5" uspid="171" ordinal="0" offset="0" sl="187" sc="44" el="187" ec="45" bec="0" bev="0" fileid="2" />
                <SequencePoint vc="5" uspid="172" ordinal="1" offset="1" sl="189" sc="13" el="189" ec="32" bec="2" bev="2" fileid="2" />
                <SequencePoint vc="3" uspid="173" ordinal="2" offset="16" sl="189" sc="33" el="189" ec="34" bec="0" bev="0" fileid="2" />
                <SequencePoint vc="3" uspid="174" ordinal="3" offset="17" sl="191" sc="17" el="191" ec="30" bec="0" bev="0" fileid="2" />
                <SequencePoint vc="3" uspid="175" ordinal="4" offset="24" sl="192" sc="13" el="192" ec="14" bec="0" bev="0" fileid="2" />
                <SequencePoint vc="5" uspid="176" ordinal="5" offset="25" sl="194" sc="17" el="194" ec="18" bec="0" bev="0" fileid="2" />
                <SequencePoint vc="5" uspid="177" ordinal="6" offset="26" sl="196" sc="17" el="196" ec="36" bec="0" bev="0" fileid="2" />
                <SequencePoint vc="1" uspid="178" ordinal="7" offset="35" sl="198" sc="13" el="198" ec="51" bec="0" bev="0" fileid="2" />
                <SequencePoint vc="1" uspid="179" ordinal="8" offset="36" sl="198" sc="52" el="198" ec="53" bec="0" bev="0" fileid="2" />
                <SequencePoint vc="1" uspid="180" ordinal="9" offset="37" sl="200" sc="17" el="200" ec="33" bec="0" bev="0" fileid="2" />
                <SequencePoint vc="1" uspid="181" ordinal="10" offset="39" sl="202" sc="13" el="202" ec="47" bec="0" bev="0" fileid="2" />
                <SequencePoint vc="1" uspid="182" ordinal="11" offset="40" sl="202" sc="48" el="202" ec="49" bec="0" bev="0" fileid="2" />
                <SequencePoint vc="1" uspid="183" ordinal="12" offset="41" sl="204" sc="17" el="204" ec="33" bec="0" bev="0" fileid="2" />
                <SequencePoint vc="1" uspid="184" ordinal="13" offset="43" sl="206" sc="13" el="206" ec="29" bec="0" bev="0" fileid="2" />
                <SequencePoint vc="1" uspid="185" ordinal="14" offset="44" sl="206" sc="30" el="206" ec="31" bec="0" bev="0" fileid="2" />
                <SequencePoint vc="1" uspid="186" ordinal="15" offset="45" sl="208" sc="17" el="208" ec="38" bec="0" bev="0" fileid="2" />
                <SequencePoint vc="1" uspid="187" ordinal="16" offset="58" sl="210" sc="17" el="210" ec="38" bec="0" bev="0" fileid="2" />
                <SequencePoint vc="3" uspid="188" ordinal="17" offset="68" sl="212" sc="9" el="212" ec="10" bec="0" bev="0" fileid="2" />
              </SequencePoints>
              <BranchPoints>
                <BranchPoint vc="3" uspid="189" ordinal="0" offset="14" sl="189" path="0" offsetend="16" fileid="2" />
                <BranchPoint vc="2" uspid="190" ordinal="1" offset="14" sl="189" path="1" offsetend="25" fileid="2" />
              </BranchPoints>
              <MethodPoint xsi:type="SequencePoint" vc="5" uspid="171" ordinal="0" offset="0" sl="187" sc="44" el="187" ec="45" bec="0" bev="0" fileid="2" />
            </Method>
          </Methods>
        </Class>
        <Class>
          <Summary numSequencePoints="26" visitedSequencePoints="0" numBranchPoints="15" visitedBranchPoints="0" sequenceCoverage="0" branchCoverage="0" maxCyclomaticComplexity="4" minCyclomaticComplexity="1" maxCrapScore="20" minCrapScore="2" visitedClasses="0" numClasses="1" visitedMethods="0" numMethods="5" />
          <FullName>CalculatorClassLibrary.ScientificCalculator</FullName>
          <Methods>
            <Method skippedDueTo="AutoImplementedProperty" visited="false" cyclomaticComplexity="1" nPathComplexity="0" sequenceCoverage="0" branchCoverage="0" crapScore="0" isConstructor="false" isStatic="false" isGetter="true" isSetter="false">
              <MetadataToken>100663345</MetadataToken>
              <Name>System.Int32 CalculatorClassLibrary.ScientificCalculator::get_AngularUnit()</Name>
              <SequencePoints />
              <BranchPoints />
            </Method>
            <Method skippedDueTo="AutoImplementedProperty" visited="false" cyclomaticComplexity="1" nPathComplexity="0" sequenceCoverage="0" branchCoverage="0" crapScore="0" isConstructor="false" isStatic="false" isGetter="false" isSetter="true">
              <MetadataToken>100663346</MetadataToken>
              <Name>System.Void CalculatorClassLibrary.ScientificCalculator::set_AngularUnit(System.Int32)</Name>
              <SequencePoints />
              <BranchPoints />
            </Method>
            <Method visited="false" cyclomaticComplexity="2" nPathComplexity="2" sequenceCoverage="0" branchCoverage="0" crapScore="6" isConstructor="false" isStatic="false" isGetter="false" isSetter="false">
              <Summary numSequencePoints="6" visitedSequencePoints="0" numBranchPoints="3" visitedBranchPoints="0" sequenceCoverage="0" branchCoverage="0" maxCyclomaticComplexity="2" minCyclomaticComplexity="2" maxCrapScore="6" minCrapScore="6" visitedClasses="0" numClasses="0" visitedMethods="0" numMethods="1" />
              <MetadataToken>100663347</MetadataToken>
              <Name>System.Boolean CalculatorClassLibrary.ScientificCalculator::IsAngularKey(System.String)</Name>
              <FileRef uid="3" />
              <SequencePoints>
                <SequencePoint vc="0" uspid="191" ordinal="0" offset="0" sl="14" sc="49" el="14" ec="50" bec="0" bev="0" fileid="3" />
                <SequencePoint vc="0" uspid="192" ordinal="1" offset="1" sl="16" sc="13" el="16" ec="46" bec="2" bev="0" fileid="3" />
                <SequencePoint vc="0" uspid="193" ordinal="2" offset="19" sl="16" sc="47" el="16" ec="48" bec="0" bev="0" fileid="3" />
                <SequencePoint vc="0" uspid="194" ordinal="3" offset="20" sl="18" sc="17" el="18" ec="30" bec="0" bev="0" fileid="3" />
                <SequencePoint vc="0" uspid="195" ordinal="4" offset="24" sl="21" sc="13" el="21" ec="64" bec="0" bev="0" fileid="3" />
                <SequencePoint vc="0" uspid="196" ordinal="5" offset="38" sl="22" sc="9" el="22" ec="10" bec="0" bev="0" fileid="3" />
              </SequencePoints>
              <BranchPoints>
                <BranchPoint vc="0" uspid="197" ordinal="0" offset="17" sl="16" path="0" offsetend="19" fileid="3" />
                <BranchPoint vc="0" uspid="198" ordinal="1" offset="17" sl="16" path="1" offsetend="24" fileid="3" />
              </BranchPoints>
              <MethodPoint xsi:type="SequencePoint" vc="0" uspid="191" ordinal="0" offset="0" sl="14" sc="49" el="14" ec="50" bec="0" bev="0" fileid="3" />
            </Method>
            <Method visited="false" cyclomaticComplexity="4" nPathComplexity="4" sequenceCoverage="0" branchCoverage="0" crapScore="20" isConstructor="false" isStatic="false" isGetter="false" isSetter="false">
              <Summary numSequencePoints="6" visitedSequencePoints="0" numBranchPoints="5" visitedBranchPoints="0" sequenceCoverage="0" branchCoverage="0" maxCyclomaticComplexity="4" minCyclomaticComplexity="4" maxCrapScore="20" minCrapScore="20" visitedClasses="0" numClasses="0" visitedMethods="0" numMethods="1" />
              <MetadataToken>100663348</MetadataToken>
              <Name>System.String CalculatorClassLibrary.ScientificCalculator::GetSuffix()</Name>
              <FileRef uid="3" />
              <SequencePoints>
                <SequencePoint vc="0" uspid="199" ordinal="0" offset="0" sl="24" sc="36" el="24" ec="37" bec="0" bev="0" fileid="3" />
                <SequencePoint vc="0" uspid="200" ordinal="1" offset="1" sl="26" sc="13" el="26" ec="33" bec="2" bev="0" fileid="3" />
                <SequencePoint vc="0" uspid="201" ordinal="2" offset="17" sl="26" sc="34" el="26" ec="35" bec="0" bev="0" fileid="3" />
                <SequencePoint vc="0" uspid="202" ordinal="3" offset="18" sl="28" sc="17" el="28" ec="28" bec="0" bev="0" fileid="3" />
                <SequencePoint vc="0" uspid="203" ordinal="4" offset="26" sl="31" sc="13" el="31" ec="49" bec="2" bev="0" fileid="3" />
                <SequencePoint vc="0" uspid="204" ordinal="5" offset="51" sl="32" sc="9" el="32" ec="10" bec="0" bev="0" fileid="3" />
              </SequencePoints>
              <BranchPoints>
                <BranchPoint vc="0" uspid="205" ordinal="0" offset="15" sl="26" path="0" offsetend="17" fileid="3" />
                <BranchPoint vc="0" uspid="206" ordinal="1" offset="15" sl="26" path="1" offsetend="26" fileid="3" />
                <BranchPoint vc="0" uspid="207" ordinal="2" offset="33" sl="31" path="0" offsetend="35" fileid="3" />
                <BranchPoint vc="0" uspid="208" ordinal="3" offset="33" sl="31" path="1" offsetend="42" fileid="3" />
              </BranchPoints>
              <MethodPoint xsi:type="SequencePoint" vc="0" uspid="199" ordinal="0" offset="0" sl="24" sc="36" el="24" ec="37" bec="0" bev="0" fileid="3" />
            </Method>
            <Method visited="false" cyclomaticComplexity="2" nPathComplexity="2" sequenceCoverage="0" branchCoverage="0" crapScore="6" isConstructor="false" isStatic="false" isGetter="false" isSetter="false">
              <Summary numSequencePoints="6" visitedSequencePoints="0" numBranchPoints="3" visitedBranchPoints="0" sequenceCoverage="0" branchCoverage="0" maxCyclomaticComplexity="2" minCyclomaticComplexity="2" maxCrapScore="6" minCrapScore="6" visitedClasses="0" numClasses="0" visitedMethods="0" numMethods="1" />
              <MetadataToken>100663349</MetadataToken>
              <Name>System.Boolean CalculatorClassLibrary.ScientificCalculator::IsSpecialKey(System.String)</Name>
              <FileRef uid="3" />
              <SequencePoints>
                <SequencePoint vc="0" uspid="209" ordinal="0" offset="0" sl="34" sc="57" el="34" ec="58" bec="0" bev="0" fileid="3" />
                <SequencePoint vc="0" uspid="210" ordinal="1" offset="1" sl="36" sc="13" el="36" ec="36" bec="2" bev="0" fileid="3" />
                <SequencePoint vc="0" uspid="211" ordinal="2" offset="15" sl="36" sc="37" el="36" ec="38" bec="0" bev="0" fileid="3" />
                <SequencePoint vc="0" uspid="212" ordinal="3" offset="16" sl="38" sc="17" el="38" ec="29" bec="0" bev="0" fileid="3" />
                <SequencePoint vc="0" uspid="213" ordinal="4" offset="20" sl="41" sc="13" el="41" ec="45" bec="0" bev="0" fileid="3" />
                <SequencePoint vc="0" uspid="214" ordinal="5" offset="30" sl="42" sc="9" el="42" ec="10" bec="0" bev="0" fileid="3" />
              </SequencePoints>
              <BranchPoints>
                <BranchPoint vc="0" uspid="215" ordinal="0" offset="13" sl="36" path="0" offsetend="15" fileid="3" />
                <BranchPoint vc="0" uspid="216" ordinal="1" offset="13" sl="36" path="1" offsetend="20" fileid="3" />
              </BranchPoints>
              <MethodPoint xsi:type="SequencePoint" vc="0" uspid="209" ordinal="0" offset="0" sl="34" sc="57" el="34" ec="58" bec="0" bev="0" fileid="3" />
            </Method>
            <Method visited="false" cyclomaticComplexity="3" nPathComplexity="2" sequenceCoverage="0" branchCoverage="0" crapScore="12" isConstructor="false" isStatic="false" isGetter="false" isSetter="false">
              <Summary numSequencePoints="7" visitedSequencePoints="0" numBranchPoints="3" visitedBranchPoints="0" sequenceCoverage="0" branchCoverage="0" maxCyclomaticComplexity="3" minCyclomaticComplexity="3" maxCrapScore="12" minCrapScore="12" visitedClasses="0" numClasses="0" visitedMethods="0" numMethods="1" />
              <MetadataToken>100663350</MetadataToken>
              <Name>System.Void CalculatorClassLibrary.ScientificCalculator::HandleSpecialKey(System.String)</Name>
              <FileRef uid="3" />
              <SequencePoints>
                <SequencePoint vc="0" uspid="217" ordinal="0" offset="2" sl="44" sc="64" el="44" ec="65" bec="0" bev="0" fileid="3" />
                <SequencePoint vc="0" uspid="218" ordinal="1" offset="3" sl="46" sc="13" el="46" ec="36" bec="2" bev="0" fileid="3" />
                <SequencePoint vc="0" uspid="219" ordinal="2" offset="17" sl="46" sc="37" el="46" ec="38" bec="0" bev="0" fileid="3" />
                <SequencePoint vc="0" uspid="220" ordinal="3" offset="18" sl="48" sc="17" el="48" ec="102" bec="0" bev="0" fileid="3" />
                <SequencePoint vc="0" uspid="221" ordinal="4" offset="55" sl="50" sc="17" el="50" ec="24" bec="0" bev="0" fileid="3" />
                <SequencePoint vc="0" uspid="222" ordinal="5" offset="57" sl="53" sc="13" el="53" ec="42" bec="0" bev="0" fileid="3" />
                <SequencePoint vc="0" uspid="223" ordinal="6" offset="65" sl="54" sc="9" el="54" ec="10" bec="0" bev="0" fileid="3" />
              </SequencePoints>
              <BranchPoints>
                <BranchPoint vc="0" uspid="224" ordinal="0" offset="15" sl="46" path="0" offsetend="17" fileid="3" />
                <BranchPoint vc="0" uspid="225" ordinal="1" offset="15" sl="46" path="1" offsetend="57" fileid="3" />
              </BranchPoints>
              <MethodPoint vc="0" uspid="228" ordinal="0" offset="0" />
            </Method>
            <Method visited="false" cyclomaticComplexity="1" nPathComplexity="0" sequenceCoverage="0" branchCoverage="0" crapScore="2" isConstructor="true" isStatic="false" isGetter="false" isSetter="false">
              <Summary numSequencePoints="0" visitedSequencePoints="0" numBranchPoints="0" visitedBranchPoints="0" sequenceCoverage="0" branchCoverage="0" maxCyclomaticComplexity="1" minCyclomaticComplexity="1" maxCrapScore="2" minCrapScore="2" visitedClasses="0" numClasses="0" visitedMethods="0" numMethods="0" />
              <MetadataToken>100663351</MetadataToken>
              <Name>System.Void CalculatorClassLibrary.ScientificCalculator::.ctor()</Name>
              <SequencePoints />
              <BranchPoints />
              <MethodPoint vc="0" uspid="229" ordinal="0" offset="0" />
            </Method>
            <Method visited="false" cyclomaticComplexity="1" nPathComplexity="0" sequenceCoverage="0" branchCoverage="0" crapScore="2" isConstructor="false" isStatic="false" isGetter="false" isSetter="false">
              <Summary numSequencePoints="1" visitedSequencePoints="0" numBranchPoints="1" visitedBranchPoints="0" sequenceCoverage="0" branchCoverage="0" maxCyclomaticComplexity="1" minCyclomaticComplexity="1" maxCrapScore="2" minCrapScore="2" visitedClasses="0" numClasses="0" visitedMethods="0" numMethods="1" />
              <MetadataToken>100663352</MetadataToken>
              <Name>System.String CalculatorClassLibrary.ScientificCalculator::&lt;HandleSpecialKey&gt;b__0(System.Text.RegularExpressions.Match)</Name>
              <FileRef uid="3" />
              <SequencePoints>
                <SequencePoint vc="0" uspid="230" ordinal="0" offset="0" sl="48" sc="74" el="48" ec="99" bec="0" bev="0" fileid="3" />
              </SequencePoints>
              <BranchPoints />
              <MethodPoint xsi:type="SequencePoint" vc="0" uspid="230" ordinal="0" offset="0" sl="48" sc="74" el="48" ec="99" bec="0" bev="0" fileid="3" />
            </Method>
          </Methods>
        </Class>
      </Classes>
    </Module>
    <Module hash="A4-99-AA-52-20-F5-0A-07-89-CE-5E-C0-3C-90-5E-68-69-4A-49-B2">
      <Summary numSequencePoints="104" visitedSequencePoints="104" numBranchPoints="43" visitedBranchPoints="43" sequenceCoverage="100" branchCoverage="100" maxCyclomaticComplexity="9" minCyclomaticComplexity="1" maxCrapScore="9" minCrapScore="1" visitedClasses="5" numClasses="5" visitedMethods="25" numMethods="25" />
      <ModulePath>D:\mock_up_calculator\Calculator\CalculatorTest\bin\Debug\UtilityClassLibrary.dll</ModulePath>
      <ModuleTime>2018-04-27T00:22:05.1605538Z</ModuleTime>
      <ModuleName>UtilityClassLibrary</ModuleName>
      <Files>
        <File uid="7" fullPath="d:\mock_up_calculator\Calculator\UtilityClassLibrary\ButtonTracker.cs" />
        <File uid="8" fullPath="d:\mock_up_calculator\Calculator\UtilityClassLibrary\EngineeringFormatter.cs" />
        <File uid="9" fullPath="d:\mock_up_calculator\Calculator\UtilityClassLibrary\NumberFormatter.cs" />
        <File uid="10" fullPath="d:\mock_up_calculator\Calculator\UtilityClassLibrary\InputBuffer.cs" />
        <File uid="11" fullPath="d:\mock_up_calculator\Calculator\UtilityClassLibrary\KeyChecker.cs" />
      </Files>
      <Classes>
        <Class>
          <Summary numSequencePoints="16" visitedSequencePoints="16" numBranchPoints="6" visitedBranchPoints="6" sequenceCoverage="100" branchCoverage="100" maxCyclomaticComplexity="2" minCyclomaticComplexity="1" maxCrapScore="2" minCrapScore="1" visitedClasses="1" numClasses="1" visitedMethods="4" numMethods="4" />
          <FullName>UtilityClassLibrary.ButtonTracker</FullName>
          <Methods>
            <Method skippedDueTo="AutoImplementedProperty" visited="false" cyclomaticComplexity="1" nPathComplexity="0" sequenceCoverage="0" branchCoverage="0" crapScore="0" isConstructor="false" isStatic="false" isGetter="true" isSetter="false">
              <MetadataToken>100663300</MetadataToken>
              <Name>System.Collections.Generic.Dictionary`2&lt;System.Windows.Forms.Button,System.Boolean&gt; UtilityClassLibrary.ButtonTracker::get_Buttons()</Name>
              <SequencePoints />
              <BranchPoints />
            </Method>
            <Method skippedDueTo="AutoImplementedProperty" visited="false" cyclomaticComplexity="1" nPathComplexity="0" sequenceCoverage="0" branchCoverage="0" crapScore="0" isConstructor="false" isStatic="false" isGetter="false" isSetter="true">
              <MetadataToken>100663301</MetadataToken>
              <Name>System.Void UtilityClassLibrary.ButtonTracker::set_Buttons(System.Collections.Generic.Dictionary`2&lt;System.Windows.Forms.Button,System.Boolean&gt;)</Name>
              <SequencePoints />
              <BranchPoints />
            </Method>
            <Method visited="true" cyclomaticComplexity="1" nPathComplexity="0" sequenceCoverage="100" branchCoverage="100" crapScore="1" isConstructor="true" isStatic="false" isGetter="false" isSetter="false">
              <Summary numSequencePoints="4" visitedSequencePoints="4" numBranchPoints="1" visitedBranchPoints="1" sequenceCoverage="100" branchCoverage="100" maxCyclomaticComplexity="1" minCyclomaticComplexity="1" maxCrapScore="1" minCrapScore="1" visitedClasses="0" numClasses="0" visitedMethods="1" numMethods="1" />
              <MetadataToken>100663302</MetadataToken>
              <Name>System.Void UtilityClassLibrary.ButtonTracker::.ctor()</Name>
              <FileRef uid="7" />
              <SequencePoints>
                <SequencePoint vc="2" uspid="231" ordinal="0" offset="0" sl="13" sc="9" el="13" ec="31" bec="0" bev="0" fileid="7" />
                <SequencePoint vc="2" uspid="232" ordinal="1" offset="7" sl="13" sc="32" el="13" ec="33" bec="0" bev="0" fileid="7" />
                <SequencePoint vc="2" uspid="233" ordinal="2" offset="8" sl="15" sc="13" el="15" ec="54" bec="0" bev="0" fileid="7" />
                <SequencePoint vc="2" uspid="234" ordinal="3" offset="20" sl="16" sc="9" el="16" ec="10" bec="0" bev="0" fileid="7" />
              </SequencePoints>
              <BranchPoints />
              <MethodPoint xsi:type="SequencePoint" vc="2" uspid="231" ordinal="0" offset="0" sl="13" sc="9" el="13" ec="31" bec="0" bev="0" fileid="7" />
            </Method>
            <Method visited="true" cyclomaticComplexity="2" nPathComplexity="2" sequenceCoverage="100" branchCoverage="100" crapScore="2" isConstructor="false" isStatic="false" isGetter="false" isSetter="false">
              <Summary numSequencePoints="6" visitedSequencePoints="6" numBranchPoints="3" visitedBranchPoints="3" sequenceCoverage="100" branchCoverage="100" maxCyclomaticComplexity="2" minCyclomaticComplexity="2" maxCrapScore="2" minCrapScore="2" visitedClasses="0" numClasses="0" visitedMethods="1" numMethods="1" />
              <MetadataToken>100663303</MetadataToken>
              <Name>System.Boolean UtilityClassLibrary.ButtonTracker::IsDisabled(System.Windows.Forms.Button)</Name>
              <FileRef uid="7" />
              <SequencePoints>
                <SequencePoint vc="6" uspid="235" ordinal="0" offset="0" sl="18" sc="47" el="18" ec="48" bec="0" bev="0" fileid="7" />
                <SequencePoint vc="6" uspid="236" ordinal="1" offset="1" sl="20" sc="13" el="20" ec="45" bec="2" bev="2" fileid="7" />
                <SequencePoint vc="2" uspid="237" ordinal="2" offset="17" sl="20" sc="46" el="20" ec="47" bec="0" bev="0" fileid="7" />
                <SequencePoint vc="2" uspid="238" ordinal="3" offset="18" sl="22" sc="17" el="22" ec="30" bec="0" bev="0" fileid="7" />
                <SequencePoint vc="4" uspid="239" ordinal="4" offset="22" sl="25" sc="13" el="25" ec="37" bec="0" bev="0" fileid="7" />
                <SequencePoint vc="6" uspid="240" ordinal="5" offset="40" sl="26" sc="9" el="26" ec="10" bec="0" bev="0" fileid="7" />
              </SequencePoints>
              <BranchPoints>
                <BranchPoint vc="2" uspid="241" ordinal="0" offset="15" sl="20" path="0" offsetend="17" fileid="7" />
                <BranchPoint vc="4" uspid="242" ordinal="1" offset="15" sl="20" path="1" offsetend="22" fileid="7" />
              </BranchPoints>
              <MethodPoint xsi:type="SequencePoint" vc="6" uspid="235" ordinal="0" offset="0" sl="18" sc="47" el="18" ec="48" bec="0" bev="0" fileid="7" />
            </Method>
            <Method visited="true" cyclomaticComplexity="1" nPathComplexity="0" sequenceCoverage="100" branchCoverage="100" crapScore="1" isConstructor="false" isStatic="false" isGetter="false" isSetter="false">
              <Summary numSequencePoints="3" visitedSequencePoints="3" numBranchPoints="1" visitedBranchPoints="1" sequenceCoverage="100" branchCoverage="100" maxCyclomaticComplexity="1" minCyclomaticComplexity="1" maxCrapScore="1" minCrapScore="1" visitedClasses="0" numClasses="0" visitedMethods="1" numMethods="1" />
              <MetadataToken>100663304</MetadataToken>
              <Name>System.Void UtilityClassLibrary.ButtonTracker::Disable(System.Windows.Forms.Button)</Name>
              <FileRef uid="7" />
              <SequencePoints>
                <SequencePoint vc="2" uspid="243" ordinal="0" offset="0" sl="28" sc="44" el="28" ec="45" bec="0" bev="0" fileid="7" />
                <SequencePoint vc="2" uspid="244" ordinal="1" offset="1" sl="30" sc="13" el="30" ec="37" bec="0" bev="0" fileid="7" />
                <SequencePoint vc="2" uspid="245" ordinal="2" offset="15" sl="31" sc="9" el="31" ec="10" bec="0" bev="0" fileid="7" />
              </SequencePoints>
              <BranchPoints />
              <MethodPoint xsi:type="SequencePoint" vc="2" uspid="243" ordinal="0" offset="0" sl="28" sc="44" el="28" ec="45" bec="0" bev="0" fileid="7" />
            </Method>
            <Method visited="true" cyclomaticComplexity="1" nPathComplexity="0" sequenceCoverage="100" branchCoverage="100" crapScore="1" isConstructor="false" isStatic="false" isGetter="false" isSetter="false">
              <Summary numSequencePoints="3" visitedSequencePoints="3" numBranchPoints="1" visitedBranchPoints="1" sequenceCoverage="100" branchCoverage="100" maxCyclomaticComplexity="1" minCyclomaticComplexity="1" maxCrapScore="1" minCrapScore="1" visitedClasses="0" numClasses="0" visitedMethods="1" numMethods="1" />
              <MetadataToken>100663305</MetadataToken>
              <Name>System.Void UtilityClassLibrary.ButtonTracker::Enable(System.Windows.Forms.Button)</Name>
              <FileRef uid="7" />
              <SequencePoints>
                <SequencePoint vc="2" uspid="246" ordinal="0" offset="0" sl="33" sc="43" el="33" ec="44" bec="0" bev="0" fileid="7" />
                <SequencePoint vc="2" uspid="247" ordinal="1" offset="1" sl="35" sc="13" el="35" ec="36" bec="0" bev="0" fileid="7" />
                <SequencePoint vc="2" uspid="248" ordinal="2" offset="15" sl="36" sc="9" el="36" ec="10" bec="0" bev="0" fileid="7" />
              </SequencePoints>
              <BranchPoints />
              <MethodPoint xsi:type="SequencePoint" vc="2" uspid="246" ordinal="0" offset="0" sl="33" sc="43" el="33" ec="44" bec="0" bev="0" fileid="7" />
            </Method>
          </Methods>
        </Class>
        <Class>
          <Summary numSequencePoints="11" visitedSequencePoints="11" numBranchPoints="5" visitedBranchPoints="5" sequenceCoverage="100" branchCoverage="100" maxCyclomaticComplexity="3" minCyclomaticComplexity="1" maxCrapScore="3" minCrapScore="1" visitedClasses="1" numClasses="1" visitedMethods="3" numMethods="3" />
          <FullName>UtilityClassLibrary.EngineeringFormatter</FullName>
          <Methods>
            <Method visited="true" cyclomaticComplexity="1" nPathComplexity="0" sequenceCoverage="100" branchCoverage="100" crapScore="1" isConstructor="false" isStatic="false" isGetter="false" isSetter="false">
              <Summary numSequencePoints="3" visitedSequencePoints="3" numBranchPoints="1" visitedBranchPoints="1" sequenceCoverage="100" branchCoverage="100" maxCyclomaticComplexity="1" minCyclomaticComplexity="1" maxCrapScore="1" minCrapScore="1" visitedClasses="0" numClasses="0" visitedMethods="1" numMethods="1" />
              <MetadataToken>100663307</MetadataToken>
              <Name>System.String UtilityClassLibrary.EngineeringFormatter::RemoveLeadZero(System.String)</Name>
              <FileRef uid="8" />
              <SequencePoints>
                <SequencePoint vc="8" uspid="249" ordinal="0" offset="0" sl="11" sc="54" el="11" ec="55" bec="0" bev="0" fileid="8" />
                <SequencePoint vc="8" uspid="250" ordinal="1" offset="1" sl="13" sc="13" el="13" ec="55" bec="0" bev="0" fileid="8" />
                <SequencePoint vc="8" uspid="251" ordinal="2" offset="20" sl="14" sc="9" el="14" ec="10" bec="0" bev="0" fileid="8" />
              </SequencePoints>
              <BranchPoints />
              <MethodPoint xsi:type="SequencePoint" vc="8" uspid="249" ordinal="0" offset="0" sl="11" sc="54" el="11" ec="55" bec="0" bev="0" fileid="8" />
            </Method>
            <Method visited="true" cyclomaticComplexity="3" nPathComplexity="2" sequenceCoverage="100" branchCoverage="100" crapScore="3" isConstructor="false" isStatic="false" isGetter="false" isSetter="false">
[...]
              <FileRef uid="29" />
              <SequencePoints>
                <SequencePoint vc="151" uspid="1062" ordinal="0" offset="0" sl="40" sc="43" el="40" ec="44" bec="0" bev="0" fileid="29" />
                <SequencePoint vc="151" uspid="1063" ordinal="1" offset="1" sl="42" sc="13" el="42" ec="51" bec="0" bev="0" fileid="29" />
                <SequencePoint vc="151" uspid="1064" ordinal="2" offset="16" sl="43" sc="9" el="43" ec="10" bec="0" bev="0" fileid="29" />
              </SequencePoints>
              <BranchPoints />
              <MethodPoint xsi:type="SequencePoint" vc="151" uspid="1062" ordinal="0" offset="0" sl="40" sc="43" el="40" ec="44" bec="0" bev="0" fileid="29" />
            </Method>
            <Method visited="true" cyclomaticComplexity="2" nPathComplexity="2" sequenceCoverage="100" branchCoverage="100" crapScore="2" isConstructor="false" isStatic="false" isGetter="false" isSetter="false">
              <Summary numSequencePoints="6" visitedSequencePoints="6" numBranchPoints="3" visitedBranchPoints="3" sequenceCoverage="100" branchCoverage="100" maxCyclomaticComplexity="2" minCyclomaticComplexity="2" maxCrapScore="2" minCrapScore="2" visitedClasses="0" numClasses="0" visitedMethods="1" numMethods="1" />
              <MetadataToken>100663318</MetadataToken>
              <Name>System.Boolean ConverterClassLibrary.OperatorConverter::IsBinary(System.String)</Name>
              <FileRef uid="29" />
              <SequencePoints>
                <SequencePoint vc="3" uspid="1065" ordinal="0" offset="0" sl="45" sc="44" el="45" ec="45" bec="0" bev="0" fileid="29" />
                <SequencePoint vc="3" uspid="1066" ordinal="1" offset="1" sl="47" sc="13" el="47" ec="35" bec="2" bev="2" fileid="29" />
                <SequencePoint vc="1" uspid="1067" ordinal="2" offset="12" sl="47" sc="36" el="47" ec="37" bec="0" bev="0" fileid="29" />
                <SequencePoint vc="1" uspid="1068" ordinal="3" offset="13" sl="49" sc="17" el="49" ec="30" bec="0" bev="0" fileid="29" />
                <SequencePoint vc="2" uspid="1069" ordinal="4" offset="17" sl="52" sc="13" el="52" ec="36" bec="0" bev="0" fileid="29" />
                <SequencePoint vc="3" uspid="1070" ordinal="5" offset="30" sl="53" sc="9" el="53" ec="10" bec="0" bev="0" fileid="29" />
              </SequencePoints>
              <BranchPoints>
                <BranchPoint vc="1" uspid="1071" ordinal="0" offset="10" sl="47" path="0" offsetend="12" fileid="29" />
                <BranchPoint vc="2" uspid="1072" ordinal="1" offset="10" sl="47" path="1" offsetend="17" fileid="29" />
              </BranchPoints>
              <MethodPoint xsi:type="SequencePoint" vc="3" uspid="1065" ordinal="0" offset="0" sl="45" sc="44" el="45" ec="45" bec="0" bev="0" fileid="29" />
            </Method>
            <Method visited="true" cyclomaticComplexity="2" nPathComplexity="2" sequenceCoverage="100" branchCoverage="100" crapScore="2" isConstructor="false" isStatic="false" isGetter="false" isSetter="false">
              <Summary numSequencePoints="6" visitedSequencePoints="6" numBranchPoints="3" visitedBranchPoints="3" sequenceCoverage="100" branchCoverage="100" maxCyclomaticComplexity="2" minCyclomaticComplexity="2" maxCrapScore="2" minCrapScore="2" visitedClasses="0" numClasses="0" visitedMethods="1" numMethods="1" />
              <MetadataToken>100663319</MetadataToken>
              <Name>System.Int32 ConverterClassLibrary.OperatorConverter::ToValue(System.String)</Name>
              <FileRef uid="29" />
              <SequencePoints>
                <SequencePoint vc="128" uspid="1073" ordinal="0" offset="0" sl="55" sc="42" el="55" ec="43" bec="0" bev="0" fileid="29" />
                <SequencePoint vc="128" uspid="1074" ordinal="1" offset="1" sl="57" sc="13" el="57" ec="35" bec="2" bev="2" fileid="29" />
                <SequencePoint vc="1" uspid="1075" ordinal="2" offset="12" sl="57" sc="36" el="57" ec="37" bec="0" bev="0" fileid="29" />
                <SequencePoint vc="1" uspid="1076" ordinal="3" offset="13" sl="59" sc="17" el="59" ec="27" bec="0" bev="0" fileid="29" />
                <SequencePoint vc="127" uspid="1077" ordinal="4" offset="17" sl="62" sc="13" el="62" ec="34" bec="0" bev="0" fileid="29" />
                <SequencePoint vc="128" uspid="1078" ordinal="5" offset="32" sl="63" sc="9" el="63" ec="10" bec="0" bev="0" fileid="29" />
              </SequencePoints>
              <BranchPoints>
                <BranchPoint vc="1" uspid="1079" ordinal="0" offset="10" sl="57" path="0" offsetend="12" fileid="29" />
                <BranchPoint vc="127" uspid="1080" ordinal="1" offset="10" sl="57" path="1" offsetend="17" fileid="29" />
              </BranchPoints>
              <MethodPoint xsi:type="SequencePoint" vc="128" uspid="1073" ordinal="0" offset="0" sl="55" sc="42" el="55" ec="43" bec="0" bev="0" fileid="29" />
            </Method>
            <Method visited="true" cyclomaticComplexity="1" nPathComplexity="0" sequenceCoverage="100" branchCoverage="100" crapScore="1" isConstructor="false" isStatic="false" isGetter="false" isSetter="false">
              <Summary numSequencePoints="5" visitedSequencePoints="5" numBranchPoints="1" visitedBranchPoints="1" sequenceCoverage="100" branchCoverage="100" maxCyclomaticComplexity="1" minCyclomaticComplexity="1" maxCrapScore="1" minCrapScore="1" visitedClasses="0" numClasses="0" visitedMethods="1" numMethods="1" />
              <MetadataToken>100663320</MetadataToken>
              <Name>System.String ConverterClassLibrary.OperatorConverter::ToOperator(System.Int32)</Name>
              <FileRef uid="29" />
              <SequencePoints>
                <SequencePoint vc="126" uspid="1081" ordinal="0" offset="0" sl="65" sc="45" el="65" ec="46" bec="0" bev="0" fileid="29" />
                <SequencePoint vc="126" uspid="1082" ordinal="1" offset="1" sl="67" sc="13" el="67" ec="33" bec="0" bev="0" fileid="29" />
                <SequencePoint vc="126" uspid="1083" ordinal="2" offset="3" sl="68" sc="13" el="68" ec="53" bec="0" bev="0" fileid="29" />
                <SequencePoint vc="126" uspid="1084" ordinal="3" offset="18" sl="70" sc="13" el="70" ec="26" bec="0" bev="0" fileid="29" />
                <SequencePoint vc="126" uspid="1085" ordinal="4" offset="22" sl="71" sc="9" el="71" ec="10" bec="0" bev="0" fileid="29" />
              </SequencePoints>
              <BranchPoints />
              <MethodPoint xsi:type="SequencePoint" vc="126" uspid="1081" ordinal="0" offset="0" sl="65" sc="45" el="65" ec="46" bec="0" bev="0" fileid="29" />
            </Method>
          </Methods>
        </Class>
        <Class>
          <Summary numSequencePoints="32" visitedSequencePoints="32" numBranchPoints="11" visitedBranchPoints="11" sequenceCoverage="100" branchCoverage="100" maxCyclomaticComplexity="3" minCyclomaticComplexity="1" maxCrapScore="3" minCrapScore="1" visitedClasses="1" numClasses="1" visitedMethods="7" numMethods="7" />
          <FullName>ConverterClassLibrary.UnitConverter</FullName>
          <Methods>
            <Method visited="true" cyclomaticComplexity="1" nPathComplexity="0" sequenceCoverage="100" branchCoverage="100" crapScore="1" isConstructor="false" isStatic="false" isGetter="false" isSetter="false">
              <Summary numSequencePoints="3" visitedSequencePoints="3" numBranchPoints="1" visitedBranchPoints="1" sequenceCoverage="100" branchCoverage="100" maxCyclomaticComplexity="1" minCyclomaticComplexity="1" maxCrapScore="1" minCrapScore="1" visitedClasses="0" numClasses="0" visitedMethods="1" numMethods="1" />
              <MetadataToken>100663321</MetadataToken>
              <Name>System.Decimal ConverterClassLibrary.UnitConverter::RadianToDegree(System.Decimal)</Name>
              <FileRef uid="30" />
              <SequencePoints>
                <SequencePoint vc="3" uspid="1086" ordinal="0" offset="0" sl="10" sc="55" el="10" ec="56" bec="0" bev="0" fileid="30" />
                <SequencePoint vc="3" uspid="1087" ordinal="1" offset="1" sl="12" sc="13" el="12" ec="52" bec="0" bev="0" fileid="30" />
                <SequencePoint vc="3" uspid="1088" ordinal="2" offset="44" sl="13" sc="9" el="13" ec="10" bec="0" bev="0" fileid="30" />
              </SequencePoints>
              <BranchPoints />
              <MethodPoint xsi:type="SequencePoint" vc="3" uspid="1086" ordinal="0" offset="0" sl="10" sc="55" el="10" ec="56" bec="0" bev="0" fileid="30" />
            </Method>
            <Method visited="true" cyclomaticComplexity="1" nPathComplexity="0" sequenceCoverage="100" branchCoverage="100" crapScore="1" isConstructor="false" isStatic="false" isGetter="false" isSetter="false">
              <Summary numSequencePoints="3" visitedSequencePoints="3" numBranchPoints="1" visitedBranchPoints="1" sequenceCoverage="100" branchCoverage="100" maxCyclomaticComplexity="1" minCyclomaticComplexity="1" maxCrapScore="1" minCrapScore="1" visitedClasses="0" numClasses="0" visitedMethods="1" numMethods="1" />
              <MetadataToken>100663322</MetadataToken>
              <Name>System.Decimal ConverterClassLibrary.UnitConverter::DegreeToRadian(System.Decimal)</Name>
              <FileRef uid="30" />
              <SequencePoints>
                <SequencePoint vc="3" uspid="1089" ordinal="0" offset="0" sl="15" sc="55" el="15" ec="56" bec="0" bev="0" fileid="30" />
                <SequencePoint vc="3" uspid="1090" ordinal="1" offset="1" sl="17" sc="13" el="17" ec="52" bec="0" bev="0" fileid="30" />
                <SequencePoint vc="3" uspid="1091" ordinal="2" offset="44" sl="18" sc="9" el="18" ec="10" bec="0" bev="0" fileid="30" />
              </SequencePoints>
              <BranchPoints />
              <MethodPoint xsi:type="SequencePoint" vc="3" uspid="1089" ordinal="0" offset="0" sl="15" sc="55" el="15" ec="56" bec="0" bev="0" fileid="30" />
            </Method>
            <Method visited="true" cyclomaticComplexity="1" nPathComplexity="0" sequenceCoverage="100" branchCoverage="100" crapScore="1" isConstructor="false" isStatic="false" isGetter="false" isSetter="false">
              <Summary numSequencePoints="3" visitedSequencePoints="3" numBranchPoints="1" visitedBranchPoints="1" sequenceCoverage="100" branchCoverage="100" maxCyclomaticComplexity="1" minCyclomaticComplexity="1" maxCrapScore="1" minCrapScore="1" visitedClasses="0" numClasses="0" visitedMethods="1" numMethods="1" />
              <MetadataToken>100663323</MetadataToken>
              <Name>System.Decimal ConverterClassLibrary.UnitConverter::RadianToGradian(System.Decimal)</Name>
              <FileRef uid="30" />
              <SequencePoints>
                <SequencePoint vc="3" uspid="1092" ordinal="0" offset="0" sl="20" sc="56" el="20" ec="57" bec="0" bev="0" fileid="30" />
                <SequencePoint vc="3" uspid="1093" ordinal="1" offset="1" sl="22" sc="13" el="22" ec="40" bec="0" bev="0" fileid="30" />
                <SequencePoint vc="3" uspid="1094" ordinal="2" offset="24" sl="23" sc="9" el="23" ec="10" bec="0" bev="0" fileid="30" />
              </SequencePoints>
              <BranchPoints />
              <MethodPoint xsi:type="SequencePoint" vc="3" uspid="1092" ordinal="0" offset="0" sl="20" sc="56" el="20" ec="57" bec="0" bev="0" fileid="30" />
            </Method>
            <Method visited="true" cyclomaticComplexity="1" nPathComplexity="0" sequenceCoverage="100" branchCoverage="100" crapScore="1" isConstructor="false" isStatic="false" isGetter="false" isSetter="false">
              <Summary numSequencePoints="3" visitedSequencePoints="3" numBranchPoints="1" visitedBranchPoints="1" sequenceCoverage="100" branchCoverage="100" maxCyclomaticComplexity="1" minCyclomaticComplexity="1" maxCrapScore="1" minCrapScore="1" visitedClasses="0" numClasses="0" visitedMethods="1" numMethods="1" />
              <MetadataToken>100663324</MetadataToken>
              <Name>System.Decimal ConverterClassLibrary.UnitConverter::GradianToRadian(System.Decimal)</Name>
              <FileRef uid="30" />
              <SequencePoints>
                <SequencePoint vc="3" uspid="1095" ordinal="0" offset="0" sl="25" sc="57" el="25" ec="58" bec="0" bev="0" fileid="30" />
                <SequencePoint vc="3" uspid="1096" ordinal="1" offset="1" sl="27" sc="13" el="27" ec="41" bec="0" bev="0" fileid="30" />
                <SequencePoint vc="3" uspid="1097" ordinal="2" offset="24" sl="28" sc="9" el="28" ec="10" bec="0" bev="0" fileid="30" />
              </SequencePoints>
              <BranchPoints />
              <MethodPoint xsi:type="SequencePoint" vc="3" uspid="1095" ordinal="0" offset="0" sl="25" sc="57" el="25" ec="58" bec="0" bev="0" fileid="30" />
            </Method>
            <Method visited="true" cyclomaticComplexity="2" nPathComplexity="2" sequenceCoverage="100" branchCoverage="100" crapScore="2" isConstructor="false" isStatic="false" isGetter="false" isSetter="false">
              <Summary numSequencePoints="6" visitedSequencePoints="6" numBranchPoints="3" visitedBranchPoints="3" sequenceCoverage="100" branchCoverage="100" maxCyclomaticComplexity="2" minCyclomaticComplexity="2" maxCrapScore="2" minCrapScore="2" visitedClasses="0" numClasses="0" visitedMethods="1" numMethods="1" />
              <MetadataToken>100663325</MetadataToken>
              <Name>System.String ConverterClassLibrary.UnitConverter::GetDecimal(System.Decimal,System.Int32)</Name>
              <FileRef uid="30" />
              <SequencePoints>
                <SequencePoint vc="8" uspid="1098" ordinal="0" offset="0" sl="30" sc="66" el="30" ec="67" bec="0" bev="0" fileid="30" />
                <SequencePoint vc="8" uspid="1099" ordinal="1" offset="1" sl="32" sc="13" el="32" ec="30" bec="2" bev="2" fileid="30" />
                <SequencePoint vc="3" uspid="1100" ordinal="2" offset="20" sl="32" sc="31" el="32" ec="32" bec="0" bev="0" fileid="30" />
                <SequencePoint vc="3" uspid="1101" ordinal="3" offset="21" sl="34" sc="17" el="34" ec="60" bec="0" bev="0" fileid="30" />
                <SequencePoint vc="5" uspid="1102" ordinal="4" offset="37" sl="37" sc="13" el="37" ec="76" bec="0" bev="0" fileid="30" />
                <SequencePoint vc="8" uspid="1103" ordinal="5" offset="61" sl="38" sc="9" el="38" ec="10" bec="0" bev="0" fileid="30" />
              </SequencePoints>
              <BranchPoints>
                <BranchPoint vc="3" uspid="1104" ordinal="0" offset="18" sl="32" path="0" offsetend="20" fileid="30" />
                <BranchPoint vc="5" uspid="1105" ordinal="1" offset="18" sl="32" path="1" offsetend="37" fileid="30" />
              </BranchPoints>
              <MethodPoint xsi:type="SequencePoint" vc="8" uspid="1098" ordinal="0" offset="0" sl="30" sc="66" el="30" ec="67" bec="0" bev="0" fileid="30" />
            </Method>
            <Method visited="true" cyclomaticComplexity="3" nPathComplexity="2" sequenceCoverage="100" branchCoverage="100" crapScore="3" isConstructor="false" isStatic="false" isGetter="false" isSetter="false">
              <Summary numSequencePoints="7" visitedSequencePoints="7" numBranchPoints="3" visitedBranchPoints="3" sequenceCoverage="100" branchCoverage="100" maxCyclomaticComplexity="3" minCyclomaticComplexity="3" maxCrapScore="3" minCrapScore="3" visitedClasses="0" numClasses="0" visitedMethods="1" numMethods="1" />
              <MetadataToken>100663326</MetadataToken>
              <Name>System.Decimal ConverterClassLibrary.UnitConverter::DmsToDegree(System.Decimal)</Name>
              <FileRef uid="30" />
              <SequencePoints>
                <SequencePoint vc="4" uspid="1106" ordinal="0" offset="0" sl="40" sc="49" el="40" ec="50" bec="0" bev="0" fileid="30" />
                <SequencePoint vc="4" uspid="1107" ordinal="1" offset="1" sl="42" sc="13" el="42" ec="60" bec="0" bev="0" fileid="30" />
                <SequencePoint vc="4" uspid="1108" ordinal="2" offset="13" sl="43" sc="13" el="43" ec="70" bec="0" bev="0" fileid="30" />
                <SequencePoint vc="4" uspid="1109" ordinal="3" offset="33" sl="44" sc="13" el="44" ec="70" bec="0" bev="0" fileid="30" />
                <SequencePoint vc="4" uspid="1110" ordinal="4" offset="47" sl="45" sc="13" el="45" ec="70" bec="0" bev="0" fileid="30" />
                <SequencePoint vc="4" uspid="1111" ordinal="5" offset="61" sl="47" sc="13" el="47" ec="81" bec="2" bev="2" fileid="30" />
                <SequencePoint vc="4" uspid="1112" ordinal="6" offset="131" sl="48" sc="9" el="48" ec="10" bec="0" bev="0" fileid="30" />
              </SequencePoints>
              <BranchPoints>
                <BranchPoint vc="3" uspid="1113" ordinal="0" offset="110" sl="47" path="0" offsetend="112" fileid="30" />
                <BranchPoint vc="1" uspid="1114" ordinal="1" offset="110" sl="47" path="1" offsetend="115" fileid="30" />
              </BranchPoints>
              <MethodPoint xsi:type="SequencePoint" vc="4" uspid="1106" ordinal="0" offset="0" sl="40" sc="49" el="40" ec="50" bec="0" bev="0" fileid="30" />
            </Method>
            <Method visited="true" cyclomaticComplexity="1" nPathComplexity="0" sequenceCoverage="100" branchCoverage="100" crapScore="1" isConstructor="false" isStatic="false" isGetter="false" isSetter="false">
              <Summary numSequencePoints="7" visitedSequencePoints="7" numBranchPoints="1" visitedBranchPoints="1" sequenceCoverage="100" branchCoverage="100" maxCyclomaticComplexity="1" minCyclomaticComplexity="1" maxCrapScore="1" minCrapScore="1" visitedClasses="0" numClasses="0" visitedMethods="1" numMethods="1" />
              <MetadataToken>100663327</MetadataToken>
              <Name>System.Decimal ConverterClassLibrary.UnitConverter::DegreeToDms(System.Decimal)</Name>
              <FileRef uid="30" />
              <SequencePoints>
                <SequencePoint vc="4" uspid="1115" ordinal="0" offset="0" sl="50" sc="52" el="50" ec="53" bec="0" bev="0" fileid="30" />
                <SequencePoint vc="4" uspid="1116" ordinal="1" offset="1" sl="52" sc="13" el="52" ec="53" bec="0" bev="0" fileid="30" />
                <SequencePoint vc="4" uspid="1117" ordinal="2" offset="8" sl="53" sc="13" el="53" ec="62" bec="0" bev="0" fileid="30" />
                <SequencePoint vc="4" uspid="1118" ordinal="3" offset="33" sl="54" sc="13" el="54" ec="52" bec="0" bev="0" fileid="30" />
                <SequencePoint vc="4" uspid="1119" ordinal="4" offset="40" sl="55" sc="13" el="55" ec="68" bec="0" bev="0" fileid="30" />
                <SequencePoint vc="4" uspid="1120" ordinal="5" offset="65" sl="57" sc="13" el="63" ec="17" bec="0" bev="0" fileid="30" />
                <SequencePoint vc="4" uspid="1121" ordinal="6" offset="189" sl="64" sc="9" el="64" ec="10" bec="0" bev="0" fileid="30" />
              </SequencePoints>
              <BranchPoints />
              <MethodPoint xsi:type="SequencePoint" vc="4" uspid="1115" ordinal="0" offset="0" sl="50" sc="52" el="50" ec="53" bec="0" bev="0" fileid="30" />
            </Method>
            <Method visited="false" cyclomaticComplexity="1" nPathComplexity="0" sequenceCoverage="0" branchCoverage="0" crapScore="2" isConstructor="true" isStatic="false" isGetter="false" isSetter="false">
              <Summary numSequencePoints="0" visitedSequencePoints="0" numBranchPoints="0" visitedBranchPoints="0" sequenceCoverage="0" branchCoverage="0" maxCyclomaticComplexity="1" minCyclomaticComplexity="1" maxCrapScore="2" minCrapScore="2" visitedClasses="0" numClasses="0" visitedMethods="0" numMethods="0" />
              <MetadataToken>100663328</MetadataToken>
              <Name>System.Void ConverterClassLibrary.UnitConverter::.ctor()</Name>
              <SequencePoints />
              <BranchPoints />
              <MethodPoint vc="0" uspid="1122" ordinal="0" offset="0" />
            </Method>
          </Methods>
        </Class>
      </Classes>
    </Module>
  </Modules>
</CoverageSession>