<?xml version="1.0" encoding="utf-8"?>
<CoverageSession xmlns:xsd="http://www.w3.org/2001/XMLSchema" xmlns:xsi="http://www.w3.org/2001/XMLSchema-instance" Version="4.6.0.0">
  <Summary numSequencePoints="808" visitedSequencePoints="808" numBranchPoints="303" visitedBranchPoints="303" sequenceCoverage="100" branchCoverage="100" maxCyclomaticComplexity="9" minCyclomaticComplexity="1" maxCrapScore="9" minCrapScore="1" visitedClasses="14" numClasses="14" visitedMethods="167" numMethods="167" />
  <Modules>
    <Module hash="2A-B7-48-FA-78-F3-92-A5-B0-86-FF-27-92-8B-AE-93-0B-D7-B1-16">
      <Summary numSequencePoints="149" visitedSequencePoints="149" numBranchPoints="36" visitedBranchPoints="36" sequenceCoverage="100" branchCoverage="100" maxCyclomaticComplexity="7" minCyclomaticComplexity="1" maxCrapScore="7" minCrapScore="1" visitedClasses="2" numClasses="2" visitedMethods="20" numMethods="20" />
      <ModulePath>D:\mock_up_calculator\Calculator\CalculatorTest\bin\Debug\CalculatorClassLibrary.dll</ModulePath>
      <ModuleTime>2018-04-26T07:03:45.8949666Z</ModuleTime>
      <ModuleName>CalculatorClassLibrary</ModuleName>
      <Files>
        <File uid="1" fullPath="d:\mock_up_calculator\Calculator\CalculatorClassLibrary\Calculator.cs" />
        <File uid="2" fullPath="d:\mock_up_calculator\Calculator\CalculatorClassLibrary\StandardCalculator.cs" />
      </Files>
      <Classes>
        <Class>
          <Summary numSequencePoints="22" visitedSequencePoints="22" numBranchPoints="8" visitedBranchPoints="8" sequenceCoverage="100" branchCoverage="100" maxCyclomaticComplexity="2" minCyclomaticComplexity="1" maxCrapScore="2" minCrapScore="1" visitedClasses="1" numClasses="1" visitedMethods="6" numMethods="6" />
          <FullName>CalculatorClassLibrary.Calculator</FullName>
          <Methods>
            <Method skippedDueTo="AutoImplementedProperty" visited="false" cyclomaticComplexity="1" nPathComplexity="0" sequenceCoverage="0" branchCoverage="0" crapScore="0" isConstructor="false" isStatic="false" isGetter="true" isSetter="false">
              <MetadataToken>100663303</MetadataToken>
              <Name>UtilityClassLibrary.IInputBuffer CalculatorClassLibrary.Calculator::get_Buffer()</Name>
              <SequencePoints />
              <BranchPoints />
            </Method>
            <Method skippedDueTo="AutoImplementedProperty" visited="false" cyclomaticComplexity="1" nPathComplexity="0" sequenceCoverage="0" branchCoverage="0" crapScore="0" isConstructor="false" isStatic="false" isGetter="false" isSetter="true">
              <MetadataToken>100663304</MetadataToken>
              <Name>System.Void CalculatorClassLibrary.Calculator::set_Buffer(UtilityClassLibrary.IInputBuffer)</Name>
              <SequencePoints />
              <BranchPoints />
            </Method>
            <Method visited="true" cyclomaticComplexity="1" nPathComplexity="0" sequenceCoverage="100" branchCoverage="100" crapScore="1" isConstructor="false" isStatic="false" isGetter="true" isSetter="false">
              <Summary numSequencePoints="3" visitedSequencePoints="3" numBranchPoints="1" visitedBranchPoints="1" sequenceCoverage="100" branchCoverage="100" maxCyclomaticComplexity="1" minCyclomaticComplexity="1" maxCrapScore="1" minCrapScore="1" visitedClasses="0" numClasses="0" visitedMethods="1" numMethods="1" />
              <MetadataToken>100663305</MetadataToken>
              <Name>System.String CalculatorClassLibrary.Calculator::get_Input()</Name>
              <FileRef uid="1" />
              <SequencePoints>
                <SequencePoint vc="38" uspid="1" ordinal="0" offset="0" sl="13" sc="35" el="13" ec="36" bec="0" bev="0" fileid="1" />
                <SequencePoint vc="38" uspid="2" ordinal="1" offset="1" sl="13" sc="37" el="13" ec="59" bec="0" bev="0" fileid="1" />
                <SequencePoint vc="38" uspid="3" ordinal="2" offset="15" sl="13" sc="60" el="13" ec="61" bec="0" bev="0" fileid="1" />
              </SequencePoints>
              <BranchPoints />
              <MethodPoint xsi:type="SequencePoint" vc="38" uspid="1" ordinal="0" offset="0" sl="13" sc="35" el="13" ec="36" bec="0" bev="0" fileid="1" />
            </Method>
            <Method visited="true" cyclomaticComplexity="1" nPathComplexity="0" sequenceCoverage="100" branchCoverage="100" crapScore="1" isConstructor="true" isStatic="false" isGetter="false" isSetter="false">
              <Summary numSequencePoints="4" visitedSequencePoints="4" numBranchPoints="1" visitedBranchPoints="1" sequenceCoverage="100" branchCoverage="100" maxCyclomaticComplexity="1" minCyclomaticComplexity="1" maxCrapScore="1" minCrapScore="1" visitedClasses="0" numClasses="0" visitedMethods="1" numMethods="1" />
              <MetadataToken>100663306</MetadataToken>
              <Name>System.Void CalculatorClassLibrary.Calculator::.ctor()</Name>
              <FileRef uid="1" />
              <SequencePoints>
                <SequencePoint vc="26" uspid="4" ordinal="0" offset="0" sl="15" sc="9" el="15" ec="28" bec="0" bev="0" fileid="1" />
                <SequencePoint vc="26" uspid="5" ordinal="1" offset="7" sl="15" sc="29" el="15" ec="30" bec="0" bev="0" fileid="1" />
                <SequencePoint vc="26" uspid="6" ordinal="2" offset="8" sl="17" sc="13" el="17" ec="40" bec="0" bev="0" fileid="1" />
                <SequencePoint vc="26" uspid="7" ordinal="3" offset="20" sl="18" sc="9" el="18" ec="10" bec="0" bev="0" fileid="1" />
              </SequencePoints>
              <BranchPoints />
              <MethodPoint xsi:type="SequencePoint" vc="26" uspid="4" ordinal="0" offset="0" sl="15" sc="9" el="15" ec="28" bec="0" bev="0" fileid="1" />
            </Method>
            <Method visited="true" cyclomaticComplexity="1" nPathComplexity="0" sequenceCoverage="100" branchCoverage="100" crapScore="1" isConstructor="false" isStatic="false" isGetter="false" isSetter="false">
              <Summary numSequencePoints="3" visitedSequencePoints="3" numBranchPoints="1" visitedBranchPoints="1" sequenceCoverage="100" branchCoverage="100" maxCyclomaticComplexity="1" minCyclomaticComplexity="1" maxCrapScore="1" minCrapScore="1" visitedClasses="0" numClasses="0" visitedMethods="1" numMethods="1" />
              <MetadataToken>100663307</MetadataToken>
              <Name>System.Void CalculatorClassLibrary.Calculator::Clear()</Name>
              <FileRef uid="1" />
              <SequencePoints>
                <SequencePoint vc="6" uspid="8" ordinal="0" offset="0" sl="20" sc="37" el="20" ec="38" bec="0" bev="0" fileid="1" />
                <SequencePoint vc="6" uspid="9" ordinal="1" offset="1" sl="22" sc="13" el="22" ec="28" bec="0" bev="0" fileid="1" />
                <SequencePoint vc="6" uspid="10" ordinal="2" offset="13" sl="23" sc="9" el="23" ec="10" bec="0" bev="0" fileid="1" />
              </SequencePoints>
              <BranchPoints />
              <MethodPoint xsi:type="SequencePoint" vc="6" uspid="8" ordinal="0" offset="0" sl="20" sc="37" el="20" ec="38" bec="0" bev="0" fileid="1" />
            </Method>
            <Method visited="true" cyclomaticComplexity="1" nPathComplexity="0" sequenceCoverage="100" branchCoverage="100" crapScore="1" isConstructor="false" isStatic="false" isGetter="false" isSetter="false">
              <Summary numSequencePoints="3" visitedSequencePoints="3" numBranchPoints="1" visitedBranchPoints="1" sequenceCoverage="100" branchCoverage="100" maxCyclomaticComplexity="1" minCyclomaticComplexity="1" maxCrapScore="1" minCrapScore="1" visitedClasses="0" numClasses="0" visitedMethods="1" numMethods="1" />
              <MetadataToken>100663308</MetadataToken>
              <Name>System.Void CalculatorClassLibrary.Calculator::Undo()</Name>
              <FileRef uid="1" />
              <SequencePoints>
                <SequencePoint vc="4" uspid="11" ordinal="0" offset="0" sl="25" sc="36" el="25" ec="37" bec="0" bev="0" fileid="1" />
                <SequencePoint vc="4" uspid="12" ordinal="1" offset="1" sl="27" sc="13" el="27" ec="27" bec="0" bev="0" fileid="1" />
                <SequencePoint vc="4" uspid="13" ordinal="2" offset="13" sl="28" sc="9" el="28" ec="10" bec="0" bev="0" fileid="1" />
              </SequencePoints>
              <BranchPoints />
              <MethodPoint xsi:type="SequencePoint" vc="4" uspid="11" ordinal="0" offset="0" sl="25" sc="36" el="25" ec="37" bec="0" bev="0" fileid="1" />
            </Method>
            <Method visited="true" cyclomaticComplexity="1" nPathComplexity="0" sequenceCoverage="100" branchCoverage="100" crapScore="1" isConstructor="false" isStatic="false" isGetter="false" isSetter="false">
              <Summary numSequencePoints="3" visitedSequencePoints="3" numBranchPoints="1" visitedBranchPoints="1" sequenceCoverage="100" branchCoverage="100" maxCyclomaticComplexity="1" minCyclomaticComplexity="1" maxCrapScore="1" minCrapScore="1" visitedClasses="0" numClasses="0" visitedMethods="1" numMethods="1" />
              <MetadataToken>100663309</MetadataToken>
              <Name>System.Void CalculatorClassLibrary.Calculator::Add(System.Decimal)</Name>
              <FileRef uid="1" />
              <SequencePoints>
                <SequencePoint vc="39" uspid="14" ordinal="0" offset="0" sl="30" sc="48" el="30" ec="49" bec="0" bev="0" fileid="1" />
                <SequencePoint vc="39" uspid="15" ordinal="1" offset="1" sl="32" sc="13" el="32" ec="42" bec="0" bev="0" fileid="1" />
                <SequencePoint vc="39" uspid="16" ordinal="2" offset="20" sl="33" sc="9" el="33" ec="10" bec="0" bev="0" fileid="1" />
              </SequencePoints>
              <BranchPoints />
              <MethodPoint xsi:type="SequencePoint" vc="39" uspid="14" ordinal="0" offset="0" sl="30" sc="48" el="30" ec="49" bec="0" bev="0" fileid="1" />
            </Method>
            <Method visited="true" cyclomaticComplexity="2" nPathComplexity="2" sequenceCoverage="100" branchCoverage="100" crapScore="2" isConstructor="false" isStatic="false" isGetter="false" isSetter="false">
              <Summary numSequencePoints="6" visitedSequencePoints="6" numBranchPoints="3" visitedBranchPoints="3" sequenceCoverage="100" branchCoverage="100" maxCyclomaticComplexity="2" minCyclomaticComplexity="2" maxCrapScore="2" minCrapScore="2" visitedClasses="0" numClasses="0" visitedMethods="1" numMethods="1" />
              <MetadataToken>100663310</MetadataToken>
              <Name>System.Void CalculatorClassLibrary.Calculator::Add(System.String)</Name>
              <FileRef uid="1" />
              <SequencePoints>
                <SequencePoint vc="8" uspid="17" ordinal="0" offset="0" sl="35" sc="47" el="35" ec="48" bec="0" bev="0" fileid="1" />
                <SequencePoint vc="8" uspid="18" ordinal="1" offset="1" sl="37" sc="13" el="37" ec="29" bec="2" bev="2" fileid="1" />
                <SequencePoint vc="7" uspid="19" ordinal="2" offset="19" sl="37" sc="30" el="37" ec="31" bec="0" bev="0" fileid="1" />
                <SequencePoint vc="7" uspid="20" ordinal="3" offset="20" sl="39" sc="17" el="39" ec="35" bec="0" bev="0" fileid="1" />
                <SequencePoint vc="7" uspid="21" ordinal="4" offset="33" sl="40" sc="13" el="40" ec="14" bec="0" bev="0" fileid="1" />
                <SequencePoint vc="8" uspid="22" ordinal="5" offset="34" sl="41" sc="9" el="41" ec="10" bec="0" bev="0" fileid="1" />
              </SequencePoints>
              <BranchPoints>
                <BranchPoint vc="7" uspid="23" ordinal="0" offset="17" sl="37" path="0" offsetend="19" fileid="1" />
                <BranchPoint vc="1" uspid="24" ordinal="1" offset="17" sl="37" path="1" offsetend="34" fileid="1" />
              </BranchPoints>
              <MethodPoint xsi:type="SequencePoint" vc="8" uspid="17" ordinal="0" offset="0" sl="35" sc="47" el="35" ec="48" bec="0" bev="0" fileid="1" />
            </Method>
          </Methods>
        </Class>
        <Class>
          <Summary numSequencePoints="127" visitedSequencePoints="127" numBranchPoints="28" visitedBranchPoints="28" sequenceCoverage="100" branchCoverage="100" maxCyclomaticComplexity="7" minCyclomaticComplexity="1" maxCrapScore="7" minCrapScore="1" visitedClasses="1" numClasses="1" visitedMethods="14" numMethods="14" />
          <FullName>CalculatorClassLibrary.StandardCalculator</FullName>
          <Methods>
            <Method skippedDueTo="AutoImplementedProperty" visited="false" cyclomaticComplexity="1" nPathComplexity="0" sequenceCoverage="0" branchCoverage="0" crapScore="0" isConstructor="false" isStatic="false" isGetter="true" isSetter="false">
              <MetadataToken>100663315</MetadataToken>
              <Name>ConverterClassLibrary.IUnitConverter CalculatorClassLibrary.StandardCalculator::get_UnitConverter()</Name>
              <SequencePoints />
              <BranchPoints />
            </Method>
            <Method skippedDueTo="AutoImplementedProperty" visited="false" cyclomaticComplexity="1" nPathComplexity="0" sequenceCoverage="0" branchCoverage="0" crapScore="0" isConstructor="false" isStatic="false" isGetter="false" isSetter="true">
              <MetadataToken>100663316</MetadataToken>
              <Name>System.Void CalculatorClassLibrary.StandardCalculator::set_UnitConverter(ConverterClassLibrary.IUnitConverter)</Name>
              <SequencePoints />
              <BranchPoints />
            </Method>
            <Method skippedDueTo="AutoImplementedProperty" visited="false" cyclomaticComplexity="1" nPathComplexity="0" sequenceCoverage="0" branchCoverage="0" crapScore="0" isConstructor="false" isStatic="false" isGetter="true" isSetter="false">
              <MetadataToken>100663317</MetadataToken>
              <Name>ConverterClassLibrary.IOperatorConverter CalculatorClassLibrary.StandardCalculator::get_OperatorConverter()</Name>
              <SequencePoints />
              <BranchPoints />
            </Method>
            <Method skippedDueTo="AutoImplementedProperty" visited="false" cyclomaticComplexity="1" nPathComplexity="0" sequenceCoverage="0" branchCoverage="0" crapScore="0" isConstructor="false" isStatic="false" isGetter="false" isSetter="true">
              <MetadataToken>100663318</MetadataToken>
              <Name>System.Void CalculatorClassLibrary.StandardCalculator::set_OperatorConverter(ConverterClassLibrary.IOperatorConverter)</Name>
              <SequencePoints />
              <BranchPoints />
            </Method>
            <Method skippedDueTo="AutoImplementedProperty" visited="false" cyclomaticComplexity="1" nPathComplexity="0" sequenceCoverage="0" branchCoverage="0" crapScore="0" isConstructor="false" isStatic="false" isGetter="true" isSetter="false">
              <MetadataToken>100663319</MetadataToken>
              <Name>ExpressionsClassLibrary.IExpressionBuilder CalculatorClassLibrary.StandardCalculator::get_Builder()</Name>
              <SequencePoints />
              <BranchPoints />
            </Method>
            <Method skippedDueTo="AutoImplementedProperty" visited="false" cyclomaticComplexity="1" nPathComplexity="0" sequenceCoverage="0" branchCoverage="0" crapScore="0" isConstructor="false" isStatic="false" isGetter="false" isSetter="true">
              <MetadataToken>100663320</MetadataToken>
              <Name>System.Void CalculatorClassLibrary.StandardCalculator::set_Builder(ExpressionsClassLibrary.IExpressionBuilder)</Name>
              <SequencePoints />
              <BranchPoints />
            </Method>
            <Method skippedDueTo="AutoImplementedProperty" visited="false" cyclomaticComplexity="1" nPathComplexity="0" sequenceCoverage="0" branchCoverage="0" crapScore="0" isConstructor="false" isStatic="false" isGetter="true" isSetter="false">
              <MetadataToken>100663321</MetadataToken>
              <Name>ExpressionsClassLibrary.IExpressionParser CalculatorClassLibrary.StandardCalculator::get_Parser()</Name>
              <SequencePoints />
              <BranchPoints />
            </Method>
            <Method skippedDueTo="AutoImplementedProperty" visited="false" cyclomaticComplexity="1" nPathComplexity="0" sequenceCoverage="0" branchCoverage="0" crapScore="0" isConstructor="false" isStatic="false" isGetter="false" isSetter="true">
              <MetadataToken>100663322</MetadataToken>
              <Name>System.Void CalculatorClassLibrary.StandardCalculator::set_Parser(ExpressionsClassLibrary.IExpressionParser)</Name>
              <SequencePoints />
              <BranchPoints />
            </Method>
            <Method skippedDueTo="AutoImplementedProperty" visited="false" cyclomaticComplexity="1" nPathComplexity="0" sequenceCoverage="0" branchCoverage="0" crapScore="0" isConstructor="false" isStatic="false" isGetter="true" isSetter="false">
              <MetadataToken>100663323</MetadataToken>
              <Name>ExpressionsClassLibrary.IEvaluate CalculatorClassLibrary.StandardCalculator::get_Evaluator()</Name>
              <SequencePoints />
              <BranchPoints />
            </Method>
            <Method skippedDueTo="AutoImplementedProperty" visited="false" cyclomaticComplexity="1" nPathComplexity="0" sequenceCoverage="0" branchCoverage="0" crapScore="0" isConstructor="false" isStatic="false" isGetter="false" isSetter="true">
              <MetadataToken>100663324</MetadataToken>
              <Name>System.Void CalculatorClassLibrary.StandardCalculator::set_Evaluator(ExpressionsClassLibrary.IEvaluate)</Name>
              <SequencePoints />
              <BranchPoints />
            </Method>
            <Method skippedDueTo="AutoImplementedProperty" visited="false" cyclomaticComplexity="1" nPathComplexity="0" sequenceCoverage="0" branchCoverage="0" crapScore="0" isConstructor="false" isStatic="false" isGetter="true" isSetter="false">
              <MetadataToken>100663325</MetadataToken>
              <Name>System.Decimal CalculatorClassLibrary.StandardCalculator::get_LastResult()</Name>
              <SequencePoints />
              <BranchPoints />
            </Method>
            <Method skippedDueTo="AutoImplementedProperty" visited="false" cyclomaticComplexity="1" nPathComplexity="0" sequenceCoverage="0" branchCoverage="0" crapScore="0" isConstructor="false" isStatic="false" isGetter="false" isSetter="true">
              <MetadataToken>100663326</MetadataToken>
              <Name>System.Void CalculatorClassLibrary.StandardCalculator::set_LastResult(System.Decimal)</Name>
              <SequencePoints />
              <BranchPoints />
            </Method>
            <Method visited="true" cyclomaticComplexity="1" nPathComplexity="0" sequenceCoverage="100" branchCoverage="100" crapScore="1" isConstructor="false" isStatic="false" isGetter="true" isSetter="false">
              <Summary numSequencePoints="3" visitedSequencePoints="3" numBranchPoints="1" visitedBranchPoints="1" sequenceCoverage="100" branchCoverage="100" maxCyclomaticComplexity="1" minCyclomaticComplexity="1" maxCrapScore="1" minCrapScore="1" visitedClasses="0" numClasses="0" visitedMethods="1" numMethods="1" />
              <MetadataToken>100663327</MetadataToken>
              <Name>System.String CalculatorClassLibrary.StandardCalculator::get_Expression()</Name>
              <FileRef uid="2" />
              <SequencePoints>
                <SequencePoint vc="59" uspid="25" ordinal="0" offset="0" sl="19" sc="40" el="19" ec="41" bec="0" bev="0" fileid="2" />
                <SequencePoint vc="59" uspid="26" ordinal="1" offset="1" sl="19" sc="42" el="19" ec="68" bec="0" bev="0" fileid="2" />
                <SequencePoint vc="59" uspid="27" ordinal="2" offset="15" sl="19" sc="69" el="19" ec="70" bec="0" bev="0" fileid="2" />
              </SequencePoints>
              <BranchPoints />
              <MethodPoint xsi:type="SequencePoint" vc="59" uspid="25" ordinal="0" offset="0" sl="19" sc="40" el="19" ec="41" bec="0" bev="0" fileid="2" />
            </Method>
            <Method visited="true" cyclomaticComplexity="1" nPathComplexity="0" sequenceCoverage="100" branchCoverage="100" crapScore="1" isConstructor="true" isStatic="false" isGetter="false" isSetter="false">
              <Summary numSequencePoints="9" visitedSequencePoints="9" numBranchPoints="1" visitedBranchPoints="1" sequenceCoverage="100" branchCoverage="100" maxCyclomaticComplexity="1" minCyclomaticComplexity="1" maxCrapScore="1" minCrapScore="1" visitedClasses="0" numClasses="0" visitedMethods="1" numMethods="1" />
              <MetadataToken>100663328</MetadataToken>
              <Name>System.Void CalculatorClassLibrary.StandardCalculator::.ctor()</Name>
              <FileRef uid="2" />
              <SequencePoints>
                <SequencePoint vc="17" uspid="28" ordinal="0" offset="0" sl="21" sc="9" el="21" ec="36" bec="0" bev="0" fileid="2" />
                <SequencePoint vc="17" uspid="29" ordinal="1" offset="7" sl="21" sc="37" el="21" ec="38" bec="0" bev="0" fileid="2" />
                <SequencePoint vc="17" uspid="30" ordinal="2" offset="8" sl="23" sc="13" el="23" ec="77" bec="0" bev="0" fileid="2" />
                <SequencePoint vc="17" uspid="31" ordinal="3" offset="19" sl="24" sc="13" el="24" ec="49" bec="0" bev="0" fileid="2" />
                <SequencePoint vc="17" uspid="32" ordinal="4" offset="31" sl="25" sc="13" el="25" ec="81" bec="0" bev="0" fileid="2" />
                <SequencePoint vc="17" uspid="33" ordinal="5" offset="48" sl="26" sc="13" el="26" ec="60" bec="0" bev="0" fileid="2" />
                <SequencePoint vc="17" uspid="34" ordinal="6" offset="61" sl="27" sc="13" el="27" ec="62" bec="0" bev="0" fileid="2" />
                <SequencePoint vc="17" uspid="35" ordinal="7" offset="79" sl="28" sc="13" el="28" ec="73" bec="0" bev="0" fileid="2" />
                <SequencePoint vc="17" uspid="36" ordinal="8" offset="103" sl="29" sc="9" el="29" ec="10" bec="0" bev="0" fileid="2" />
              </SequencePoints>
              <BranchPoints />
              <MethodPoint xsi:type="SequencePoint" vc="17" uspid="28" ordinal="0" offset="0" sl="21" sc="9" el="21" ec="36" bec="0" bev="0" fileid="2" />
            </Method>
            <Method visited="true" cyclomaticComplexity="1" nPathComplexity="0" sequenceCoverage="100" branchCoverage="100" crapScore="1" isConstructor="false" isStatic="false" isGetter="false" isSetter="false">
              <Summary numSequencePoints="5" visitedSequencePoints="5" numBranchPoints="1" visitedBranchPoints="1" sequenceCoverage="100" branchCoverage="100" maxCyclomaticComplexity="1" minCyclomaticComplexity="1" maxCrapScore="1" minCrapScore="1" visitedClasses="0" numClasses="0" visitedMethods="1" numMethods="1" />
              <MetadataToken>100663329</MetadataToken>
              <Name>System.Void CalculatorClassLibrary.StandardCalculator::Clear()</Name>
              <FileRef uid="2" />
              <SequencePoints>
                <SequencePoint vc="4" uspid="37" ordinal="0" offset="0" sl="31" sc="38" el="31" ec="39" bec="0" bev="0" fileid="2" />
                <SequencePoint vc="4" uspid="38" ordinal="1" offset="1" sl="33" sc="13" el="33" ec="26" bec="0" bev="0" fileid="2" />
                <SequencePoint vc="4" uspid="39" ordinal="2" offset="8" sl="34" sc="13" el="34" ec="29" bec="0" bev="0" fileid="2" />
                <SequencePoint vc="4" uspid="40" ordinal="3" offset="20" sl="35" sc="13" el="35" ec="28" bec="0" bev="0" fileid="2" />
                <SequencePoint vc="4" uspid="41" ordinal="4" offset="33" sl="36" sc="9" el="36" ec="10" bec="0" bev="0" fileid="2" />
              </SequencePoints>
              <BranchPoints />
              <MethodPoint xsi:type="SequencePoint" vc="4" uspid="37" ordinal="0" offset="0" sl="31" sc="38" el="31" ec="39" bec="0" bev="0" fileid="2" />
            </Method>
            <Method visited="true" cyclomaticComplexity="1" nPathComplexity="0" sequenceCoverage="100" branchCoverage="100" crapScore="1" isConstructor="false" isStatic="false" isGetter="false" isSetter="false">
              <Summary numSequencePoints="3" visitedSequencePoints="3" numBranchPoints="1" visitedBranchPoints="1" sequenceCoverage="100" branchCoverage="100" maxCyclomaticComplexity="1" minCyclomaticComplexity="1" maxCrapScore="1" minCrapScore="1" visitedClasses="0" numClasses="0" visitedMethods="1" numMethods="1" />
              <MetadataToken>100663330</MetadataToken>
              <Name>System.Void CalculatorClassLibrary.StandardCalculator::ClearInput()</Name>
              <FileRef uid="2" />
              <SequencePoints>
                <SequencePoint vc="26" uspid="42" ordinal="0" offset="0" sl="38" sc="34" el="38" ec="35" bec="0" bev="0" fileid="2" />
                <SequencePoint vc="26" uspid="43" ordinal="1" offset="1" sl="40" sc="13" el="40" ec="28" bec="0" bev="0" fileid="2" />
                <SequencePoint vc="26" uspid="44" ordinal="2" offset="13" sl="41" sc="9" el="41" ec="10" bec="0" bev="0" fileid="2" />
              </SequencePoints>
              <BranchPoints />
              <MethodPoint xsi:type="SequencePoint" vc="26" uspid="42" ordinal="0" offset="0" sl="38" sc="34" el="38" ec="35" bec="0" bev="0" fileid="2" />
            </Method>
            <Method visited="true" cyclomaticComplexity="1" nPathComplexity="0" sequenceCoverage="100" branchCoverage="100" crapScore="1" isConstructor="false" isStatic="false" isGetter="false" isSetter="false">
              <Summary numSequencePoints="4" visitedSequencePoints="4" numBranchPoints="1" visitedBranchPoints="1" sequenceCoverage="100" branchCoverage="100" maxCyclomaticComplexity="1" minCyclomaticComplexity="1" maxCrapScore="1" minCrapScore="1" visitedClasses="0" numClasses="0" visitedMethods="1" numMethods="1" />
              <MetadataToken>100663331</MetadataToken>
              <Name>System.Void CalculatorClassLibrary.StandardCalculator::PushBuffer()</Name>
              <FileRef uid="2" />
              <SequencePoints>
                <SequencePoint vc="25" uspid="45" ordinal="0" offset="0" sl="43" sc="37" el="43" ec="38" bec="0" bev="0" fileid="2" />
                <SequencePoint vc="25" uspid="46" ordinal="1" offset="1" sl="45" sc="13" el="45" ec="36" bec="0" bev="0" fileid="2" />
                <SequencePoint vc="25" uspid="47" ordinal="2" offset="19" sl="46" sc="13" el="46" ec="26" bec="0" bev="0" fileid="2" />
                <SequencePoint vc="25" uspid="48" ordinal="3" offset="26" sl="47" sc="9" el="47" ec="10" bec="0" bev="0" fileid="2" />
              </SequencePoints>
              <BranchPoints />
              <MethodPoint xsi:type="SequencePoint" vc="25" uspid="45" ordinal="0" offset="0" sl="43" sc="37" el="43" ec="38" bec="0" bev="0" fileid="2" />
            </Method>
            <Method visited="true" cyclomaticComplexity="2" nPathComplexity="2" sequenceCoverage="100" branchCoverage="100" crapScore="2" isConstructor="false" isStatic="false" isGetter="false" isSetter="false">
              <Summary numSequencePoints="7" visitedSequencePoints="7" numBranchPoints="3" visitedBranchPoints="3" sequenceCoverage="100" branchCoverage="100" maxCyclomaticComplexity="2" minCyclomaticComplexity="2" maxCrapScore="2" minCrapScore="2" visitedClasses="0" numClasses="0" visitedMethods="1" numMethods="1" />
              <MetadataToken>100663332</MetadataToken>
              <Name>System.Void CalculatorClassLibrary.StandardCalculator::Add(System.Decimal)</Name>
              <FileRef uid="2" />
              <SequencePoints>
                <SequencePoint vc="28" uspid="49" ordinal="0" offset="0" sl="49" sc="49" el="49" ec="50" bec="0" bev="0" fileid="2" />
                <SequencePoint vc="28" uspid="50" ordinal="1" offset="1" sl="51" sc="13" el="51" ec="39" bec="2" bev="2" fileid="2" />
                <SequencePoint vc="2" uspid="51" ordinal="2" offset="16" sl="51" sc="40" el="51" ec="41" bec="0" bev="0" fileid="2" />
                <SequencePoint vc="2" uspid="52" ordinal="3" offset="17" sl="53" sc="17" el="53" ec="25" bec="0" bev="0" fileid="2" />
                <SequencePoint vc="2" uspid="53" ordinal="4" offset="24" sl="54" sc="13" el="54" ec="14" bec="0" bev="0" fileid="2" />
                <SequencePoint vc="28" uspid="54" ordinal="5" offset="25" sl="56" sc="13" el="56" ec="29" bec="0" bev="0" fileid="2" />
                <SequencePoint vc="28" uspid="55" ordinal="6" offset="33" sl="57" sc="9" el="57" ec="10" bec="0" bev="0" fileid="2" />
              </SequencePoints>
              <BranchPoints>
                <BranchPoint vc="2" uspid="56" ordinal="0" offset="14" sl="51" path="0" offsetend="16" fileid="2" />
                <BranchPoint vc="26" uspid="57" ordinal="1" offset="14" sl="51" path="1" offsetend="25" fileid="2" />
              </BranchPoints>
              <MethodPoint xsi:type="SequencePoint" vc="28" uspid="49" ordinal="0" offset="0" sl="49" sc="49" el="49" ec="50" bec="0" bev="0" fileid="2" />
            </Method>
            <Method visited="true" cyclomaticComplexity="1" nPathComplexity="0" sequenceCoverage="100" branchCoverage="100" crapScore="1" isConstructor="false" isStatic="false" isGetter="false" isSetter="false">
              <Summary numSequencePoints="3" visitedSequencePoints="3" numBranchPoints="1" visitedBranchPoints="1" sequenceCoverage="100" branchCoverage="100" maxCyclomaticComplexity="1" minCyclomaticComplexity="1" maxCrapScore="1" minCrapScore="1" visitedClasses="0" numClasses="0" visitedMethods="1" numMethods="1" />
              <MetadataToken>100663333</MetadataToken>
              <Name>System.Void CalculatorClassLibrary.StandardCalculator::AddValue(System.Decimal)</Name>
              <FileRef uid="2" />
              <SequencePoints>
                <SequencePoint vc="26" uspid="58" ordinal="0" offset="0" sl="59" sc="46" el="59" ec="47" bec="0" bev="0" fileid="2" />
                <SequencePoint vc="26" uspid="59" ordinal="1" offset="1" sl="61" sc="13" el="61" ec="37" bec="0" bev="0" fileid="2" />
                <SequencePoint vc="26" uspid="60" ordinal="2" offset="14" sl="62" sc="9" el="62" ec="10" bec="0" bev="0" fileid="2" />
              </SequencePoints>
              <BranchPoints />
              <MethodPoint xsi:type="SequencePoint" vc="26" uspid="58" ordinal="0" offset="0" sl="59" sc="46" el="59" ec="47" bec="0" bev="0" fileid="2" />
            </Method>
            <Method visited="true" cyclomaticComplexity="1" nPathComplexity="0" sequenceCoverage="100" branchCoverage="100" crapScore="1" isConstructor="false" isStatic="false" isGetter="false" isSetter="false">
              <Summary numSequencePoints="8" visitedSequencePoints="8" numBranchPoints="1" visitedBranchPoints="1" sequenceCoverage="100" branchCoverage="100" maxCyclomaticComplexity="1" minCyclomaticComplexity="1" maxCrapScore="1" minCrapScore="1" visitedClasses="0" numClasses="0" visitedMethods="1" numMethods="1" />
              <MetadataToken>100663334</MetadataToken>
              <Name>System.Void CalculatorClassLibrary.StandardCalculator::AddParentheses(System.String)</Name>
              <FileRef uid="2" />
              <SequencePoints>
                <SequencePoint vc="8" uspid="61" ordinal="0" offset="0" sl="64" sc="51" el="64" ec="52" bec="0" bev="0" fileid="2" />
                <SequencePoint vc="8" uspid="62" ordinal="1" offset="1" sl="66" sc="17" el="66" ec="18" bec="0" bev="0" fileid="2" />
                <SequencePoint vc="8" uspid="63" ordinal="2" offset="2" sl="68" sc="17" el="68" ec="47" bec="0" bev="0" fileid="2" />
                <SequencePoint vc="6" uspid="64" ordinal="3" offset="15" sl="69" sc="13" el="69" ec="14" bec="0" bev="0" fileid="2" />
                <SequencePoint vc="2" uspid="65" ordinal="4" offset="18" sl="70" sc="13" el="70" ec="29" bec="0" bev="0" fileid="2" />
                <SequencePoint vc="2" uspid="66" ordinal="5" offset="19" sl="70" sc="30" el="70" ec="31" bec="0" bev="0" fileid="2" />
                <SequencePoint vc="2" uspid="67" ordinal="6" offset="20" sl="70" sc="32" el="70" ec="33" bec="0" bev="0" fileid="2" />
                <SequencePoint vc="8" uspid="68" ordinal="7" offset="24" sl="71" sc="9" el="71" ec="10" bec="0" bev="0" fileid="2" />
              </SequencePoints>
              <BranchPoints />
              <MethodPoint xsi:type="SequencePoint" vc="8" uspid="61" ordinal="0" offset="0" sl="64" sc="51" el="64" ec="52" bec="0" bev="0" fileid="2" />
            </Method>
            <Method visited="true" cyclomaticComplexity="1" nPathComplexity="0" sequenceCoverage="100" branchCoverage="100" crapScore="1" isConstructor="false" isStatic="false" isGetter="false" isSetter="false">
              <Summary numSequencePoints="10" visitedSequencePoints="10" numBranchPoints="1" visitedBranchPoints="1" sequenceCoverage="100" branchCoverage="100" maxCyclomaticComplexity="1" minCyclomaticComplexity="1" maxCrapScore="1" minCrapScore="1" visitedClasses="0" numClasses="0" visitedMethods="1" numMethods="1" />
              <MetadataToken>100663335</MetadataToken>
              <Name>System.Void CalculatorClassLibrary.StandardCalculator::AddUnary(System.String)</Name>
              <FileRef uid="2" />
              <SequencePoints>
                <SequencePoint vc="6" uspid="69" ordinal="0" offset="0" sl="73" sc="45" el="73" ec="46" bec="0" bev="0" fileid="2" />
                <SequencePoint vc="6" uspid="70" ordinal="1" offset="1" sl="75" sc="17" el="75" ec="18" bec="0" bev="0" fileid="2" />
                <SequencePoint vc="6" uspid="71" ordinal="2" offset="2" sl="77" sc="17" el="77" ec="41" bec="0" bev="0" fileid="2" />
                <SequencePoint vc="5" uspid="72" ordinal="3" offset="15" sl="78" sc="13" el="78" ec="14" bec="0" bev="0" fileid="2" />
                <SequencePoint vc="1" uspid="73" ordinal="4" offset="18" sl="79" sc="13" el="79" ec="45" bec="0" bev="0" fileid="2" />
                <SequencePoint vc="1" uspid="74" ordinal="5" offset="19" sl="79" sc="46" el="79" ec="47" bec="0" bev="0" fileid="2" />
                <SequencePoint vc="1" uspid="75" ordinal="6" offset="20" sl="81" sc="17" el="81" ec="46" bec="0" bev="0" fileid="2" />
                <SequencePoint vc="1" uspid="76" ordinal="7" offset="38" sl="82" sc="17" el="82" ec="41" bec="0" bev="0" fileid="2" />
                <SequencePoint vc="1" uspid="77" ordinal="8" offset="51" sl="83" sc="13" el="83" ec="14" bec="0" bev="0" fileid="2" />
                <SequencePoint vc="6" uspid="78" ordinal="9" offset="55" sl="84" sc="9" el="84" ec="10" bec="0" bev="0" fileid="2" />
              </SequencePoints>
              <BranchPoints />
              <MethodPoint xsi:type="SequencePoint" vc="6" uspid="69" ordinal="0" offset="0" sl="73" sc="45" el="73" ec="46" bec="0" bev="0" fileid="2" />
            </Method>
            <Method visited="true" cyclomaticComplexity="1" nPathComplexity="0" sequenceCoverage="100" branchCoverage="100" crapScore="1" isConstructor="false" isStatic="false" isGetter="false" isSetter="false">
              <Summary numSequencePoints="10" visitedSequencePoints="10" numBranchPoints="1" visitedBranchPoints="1" sequenceCoverage="100" branchCoverage="100" maxCyclomaticComplexity="1" minCyclomaticComplexity="1" maxCrapScore="1" minCrapScore="1" visitedClasses="0" numClasses="0" visitedMethods="1" numMethods="1" />
              <MetadataToken>100663336</MetadataToken>
              <Name>System.Void CalculatorClassLibrary.StandardCalculator::AddBinary(System.String)</Name>
              <FileRef uid="2" />
              <SequencePoints>
                <SequencePoint vc="15" uspid="79" ordinal="0" offset="0" sl="86" sc="46" el="86" ec="47" bec="0" bev="0" fileid="2" />
                <SequencePoint vc="15" uspid="80" ordinal="1" offset="1" sl="88" sc="17" el="88" ec="18" bec="0" bev="0" fileid="2" />
                <SequencePoint vc="15" uspid="81" ordinal="2" offset="2" sl="90" sc="17" el="90" ec="42" bec="0" bev="0" fileid="2" />
                <SequencePoint vc="14" uspid="82" ordinal="3" offset="15" sl="91" sc="13" el="91" ec="14" bec="0" bev="0" fileid="2" />
                <SequencePoint vc="1" uspid="83" ordinal="4" offset="18" sl="92" sc="13" el="92" ec="45" bec="0" bev="0" fileid="2" />
                <SequencePoint vc="1" uspid="84" ordinal="5" offset="19" sl="92" sc="46" el="92" ec="47" bec="0" bev="0" fileid="2" />
                <SequencePoint vc="1" uspid="85" ordinal="6" offset="20" sl="94" sc="17" el="94" ec="32" bec="0" bev="0" fileid="2" />
                <SequencePoint vc="1" uspid="86" ordinal="7" offset="32" sl="95" sc="17" el="95" ec="42" bec="0" bev="0" fileid="2" />
                <SequencePoint vc="1" uspid="87" ordinal="8" offset="45" sl="96" sc="13" el="96" ec="14" bec="0" bev="0" fileid="2" />
                <SequencePoint vc="15" uspid="88" ordinal="9" offset="49" sl="97" sc="9" el="97" ec="10" bec="0" bev="0" fileid="2" />
              </SequencePoints>
              <BranchPoints />
              <MethodPoint xsi:type="SequencePoint" vc="15" uspid="79" ordinal="0" offset="0" sl="86" sc="46" el="86" ec="47" bec="0" bev="0" fileid="2" />
            </Method>
            <Method visited="true" cyclomaticComplexity="7" nPathComplexity="32" sequenceCoverage="100" branchCoverage="100" crapScore="7" isConstructor="false" isStatic="false" isGetter="false" isSetter="false">
              <Summary numSequencePoints="27" visitedSequencePoints="27" numBranchPoints="11" visitedBranchPoints="11" sequenceCoverage="100" branchCoverage="100" maxCyclomaticComplexity="7" minCyclomaticComplexity="7" maxCrapScore="7" minCrapScore="7" visitedClasses="0" numClasses="0" visitedMethods="1" numMethods="1" />
              <MetadataToken>100663337</MetadataToken>
              <Name>System.Void CalculatorClassLibrary.StandardCalculator::Add(System.String)</Name>
              <FileRef uid="2" />
              <SequencePoints>
                <SequencePoint vc="33" uspid="89" ordinal="0" offset="0" sl="99" sc="48" el="99" ec="49" bec="0" bev="0" fileid="2" />
                <SequencePoint vc="33" uspid="90" ordinal="1" offset="1" sl="101" sc="13" el="101" ec="29" bec="2" bev="2" fileid="2" />
                <SequencePoint vc="1" uspid="91" ordinal="2" offset="19" sl="101" sc="30" el="101" ec="31" bec="0" bev="0" fileid="2" />
                <SequencePoint vc="1" uspid="92" ordinal="3" offset="20" sl="103" sc="17" el="103" ec="35" bec="0" bev="0" fileid="2" />
                <SequencePoint vc="1" uspid="93" ordinal="4" offset="33" sl="105" sc="17" el="105" ec="24" bec="0" bev="0" fileid="2" />
                <SequencePoint vc="32" uspid="94" ordinal="5" offset="38" sl="108" sc="13" el="108" ec="43" bec="2" bev="2" fileid="2" />
                <SequencePoint vc="1" uspid="95" ordinal="6" offset="56" sl="108" sc="44" el="108" ec="45" bec="0" bev="0" fileid="2" />
                <SequencePoint vc="1" uspid="96" ordinal="7" offset="57" sl="110" sc="17" el="110" ec="48" bec="0" bev="0" fileid="2" />
                <SequencePoint vc="1" uspid="97" ordinal="8" offset="86" sl="112" sc="17" el="112" ec="24" bec="0" bev="0" fileid="2" />
                <SequencePoint vc="31" uspid="98" ordinal="9" offset="88" sl="115" sc="13" el="115" ec="32" bec="2" bev="2" fileid="2" />
                <SequencePoint vc="22" uspid="99" ordinal="10" offset="103" sl="115" sc="33" el="115" ec="34" bec="0" bev="0" fileid="2" />
                <SequencePoint vc="22" uspid="100" ordinal="11" offset="104" sl="117" sc="17" el="117" ec="30" bec="0" bev="0" fileid="2" />
                <SequencePoint vc="22" uspid="101" ordinal="12" offset="111" sl="118" sc="17" el="118" ec="31" bec="0" bev="0" fileid="2" />
                <SequencePoint vc="20" uspid="102" ordinal="13" offset="118" sl="119" sc="13" el="119" ec="14" bec="0" bev="0" fileid="2" />
                <SequencePoint vc="29" uspid="103" ordinal="14" offset="119" sl="121" sc="13" el="121" ec="45" bec="2" bev="2" fileid="2" />
                <SequencePoint vc="8" uspid="104" ordinal="15" offset="154" sl="121" sc="46" el="121" ec="47" bec="0" bev="0" fileid="2" />
                <SequencePoint vc="8" uspid="105" ordinal="16" offset="155" sl="123" sc="17" el="123" ec="39" bec="0" bev="0" fileid="2" />
                <SequencePoint vc="8" uspid="106" ordinal="17" offset="163" sl="124" sc="13" el="124" ec="14" bec="0" bev="0" fileid="2" />
                <SequencePoint vc="21" uspid="107" ordinal="18" offset="166" sl="125" sc="18" el="125" ec="54" bec="2" bev="2" fileid="2" />
                <SequencePoint vc="6" uspid="108" ordinal="19" offset="185" sl="125" sc="55" el="125" ec="56" bec="0" bev="0" fileid="2" />
                <SequencePoint vc="6" uspid="109" ordinal="20" offset="186" sl="127" sc="17" el="127" ec="33" bec="0" bev="0" fileid="2" />
                <SequencePoint vc="6" uspid="110" ordinal="21" offset="194" sl="128" sc="13" el="128" ec="14" bec="0" bev="0" fileid="2" />
                <SequencePoint vc="15" uspid="111" ordinal="22" offset="197" sl="129" sc="18" el="129" ec="19" bec="0" bev="0" fileid="2" />
                <SequencePoint vc="15" uspid="112" ordinal="23" offset="198" sl="131" sc="17" el="131" ec="34" bec="0" bev="0" fileid="2" />
                <SequencePoint vc="15" uspid="113" ordinal="24" offset="206" sl="132" sc="13" el="132" ec="14" bec="0" bev="0" fileid="2" />
                <SequencePoint vc="29" uspid="114" ordinal="25" offset="207" sl="134" sc="13" el="134" ec="27" bec="0" bev="0" fileid="2" />
                <SequencePoint vc="29" uspid="115" ordinal="26" offset="214" sl="135" sc="9" el="135" ec="10" bec="0" bev="0" fileid="2" />
              </SequencePoints>
              <BranchPoints>
                <BranchPoint vc="1" uspid="116" ordinal="0" offset="17" sl="101" path="0" offsetend="19" fileid="2" />
                <BranchPoint vc="32" uspid="117" ordinal="1" offset="17" sl="101" path="1" offsetend="38" fileid="2" />
                <BranchPoint vc="1" uspid="118" ordinal="2" offset="54" sl="108" path="0" offsetend="56" fileid="2" />
                <BranchPoint vc="31" uspid="119" ordinal="3" offset="54" sl="108" path="1" offsetend="88" fileid="2" />
                <BranchPoint vc="22" uspid="120" ordinal="4" offset="101" sl="115" path="0" offsetend="103" fileid="2" />
                <BranchPoint vc="9" uspid="121" ordinal="5" offset="101" sl="115" path="1" offsetend="119" fileid="2" />
                <BranchPoint vc="8" uspid="124" ordinal="8" offset="152" sl="121" path="0" offsetend="154" fileid="2" />
                <BranchPoint vc="21" uspid="125" ordinal="9" offset="152" sl="121" path="1" offsetend="166" fileid="2" />
                <BranchPoint vc="6" uspid="126" ordinal="10" offset="183" sl="125" path="0" offsetend="185" fileid="2" />
                <BranchPoint vc="15" uspid="127" ordinal="11" offset="183" sl="125" path="1" offsetend="197" fileid="2" />
              </BranchPoints>
              <MethodPoint xsi:type="SequencePoint" vc="33" uspid="89" ordinal="0" offset="0" sl="99" sc="48" el="99" ec="49" bec="0" bev="0" fileid="2" />
            </Method>
            <Method visited="true" cyclomaticComplexity="1" nPathComplexity="0" sequenceCoverage="100" branchCoverage="100" crapScore="1" isConstructor="false" isStatic="false" isGetter="false" isSetter="false">
              <Summary numSequencePoints="3" visitedSequencePoints="3" numBranchPoints="1" visitedBranchPoints="1" sequenceCoverage="100" branchCoverage="100" maxCyclomaticComplexity="1" minCyclomaticComplexity="1" maxCrapScore="1" minCrapScore="1" visitedClasses="0" numClasses="0" visitedMethods="1" numMethods="1" />
              <MetadataToken>100663338</MetadataToken>
              <Name>System.Decimal CalculatorClassLibrary.StandardCalculator::GetResult()</Name>
              <FileRef uid="2" />
              <SequencePoints>
                <SequencePoint vc="57" uspid="128" ordinal="0" offset="0" sl="137" sc="39" el="137" ec="40" bec="0" bev="0" fileid="2" />
                <SequencePoint vc="57" uspid="129" ordinal="1" offset="1" sl="139" sc="13" el="139" ec="70" bec="0" bev="0" fileid="2" />
                <SequencePoint vc="26" uspid="130" ordinal="2" offset="37" sl="140" sc="9" el="140" ec="10" bec="0" bev="0" fileid="2" />
              </SequencePoints>
              <BranchPoints />
              <MethodPoint xsi:type="SequencePoint" vc="57" uspid="128" ordinal="0" offset="0" sl="137" sc="39" el="137" ec="40" bec="0" bev="0" fileid="2" />
            </Method>
            <Method visited="true" cyclomaticComplexity="1" nPathComplexity="0" sequenceCoverage="100" branchCoverage="100" crapScore="1" isConstructor="false" isStatic="false" isGetter="false" isSetter="false">
              <Summary numSequencePoints="17" visitedSequencePoints="17" numBranchPoints="1" visitedBranchPoints="1" sequenceCoverage="100" branchCoverage="100" maxCyclomaticComplexity="1" minCyclomaticComplexity="1" maxCrapScore="1" minCrapScore="1" visitedClasses="0" numClasses="0" visitedMethods="1" numMethods="1" />
              <MetadataToken>100663339</MetadataToken>
              <Name>System.Decimal CalculatorClassLibrary.StandardCalculator::TryEvaluate()</Name>
              <FileRef uid="2" />
              <SequencePoints>
                <SequencePoint vc="52" uspid="131" ordinal="0" offset="0" sl="142" sc="41" el="142" ec="42" bec="0" bev="0" fileid="2" />
                <SequencePoint vc="52" uspid="132" ordinal="1" offset="1" sl="144" sc="17" el="144" ec="18" bec="0" bev="0" fileid="2" />
                <SequencePoint vc="52" uspid="133" ordinal="2" offset="2" sl="146" sc="17" el="146" ec="42" bec="0" bev="0" fileid="2" />
                <SequencePoint vc="24" uspid="134" ordinal="3" offset="15" sl="148" sc="17" el="148" ec="35" bec="0" bev="0" fileid="2" />
                <SequencePoint vc="1" uspid="135" ordinal="4" offset="24" sl="150" sc="13" el="150" ec="51" bec="0" bev="0" fileid="2" />
                <SequencePoint vc="1" uspid="136" ordinal="5" offset="25" sl="150" sc="52" el="150" ec="53" bec="0" bev="0" fileid="2" />
                <SequencePoint vc="1" uspid="137" ordinal="6" offset="26" sl="152" sc="17" el="152" ec="33" bec="0" bev="0" fileid="2" />
                <SequencePoint vc="1" uspid="138" ordinal="7" offset="28" sl="154" sc="13" el="154" ec="47" bec="0" bev="0" fileid="2" />
                <SequencePoint vc="1" uspid="139" ordinal="8" offset="29" sl="154" sc="48" el="154" ec="49" bec="0" bev="0" fileid="2" />
                <SequencePoint vc="1" uspid="140" ordinal="9" offset="30" sl="156" sc="17" el="156" ec="33" bec="0" bev="0" fileid="2" />
                <SequencePoint vc="2" uspid="141" ordinal="10" offset="32" sl="158" sc="13" el="158" ec="57" bec="0" bev="0" fileid="2" />
                <SequencePoint vc="2" uspid="142" ordinal="11" offset="33" sl="158" sc="58" el="158" ec="59" bec="0" bev="0" fileid="2" />
                <SequencePoint vc="2" uspid="143" ordinal="12" offset="34" sl="160" sc="17" el="160" ec="33" bec="0" bev="0" fileid="2" />
                <SequencePoint vc="24" uspid="144" ordinal="13" offset="36" sl="162" sc="13" el="162" ec="29" bec="0" bev="0" fileid="2" />
                <SequencePoint vc="24" uspid="145" ordinal="14" offset="37" sl="162" sc="30" el="162" ec="31" bec="0" bev="0" fileid="2" />
                <SequencePoint vc="24" uspid="146" ordinal="15" offset="38" sl="164" sc="17" el="164" ec="35" bec="0" bev="0" fileid="2" />
                <SequencePoint vc="48" uspid="147" ordinal="16" offset="48" sl="166" sc="9" el="166" ec="10" bec="0" bev="0" fileid="2" />
              </SequencePoints>
              <BranchPoints />
              <MethodPoint xsi:type="SequencePoint" vc="52" uspid="131" ordinal="0" offset="0" sl="142" sc="41" el="142" ec="42" bec="0" bev="0" fileid="2" />
            </Method>
            <Method visited="true" cyclomaticComplexity="2" nPathComplexity="2" sequenceCoverage="100" branchCoverage="100" crapScore="2" isConstructor="false" isStatic="false" isGetter="false" isSetter="false">
              <Summary numSequencePoints="18" visitedSequencePoints="18" numBranchPoints="3" visitedBranchPoints="3" sequenceCoverage="100" branchCoverage="100" maxCyclomaticComplexity="2" minCyclomaticComplexity="2" maxCrapScore="2" minCrapScore="2" visitedClasses="0" numClasses="0" visitedMethods="1" numMethods="1" />
              <MetadataToken>100663340</MetadataToken>
              <Name>System.Decimal CalculatorClassLibrary.StandardCalculator::Evaluate()</Name>
              <FileRef uid="2" />
              <SequencePoints>
                <SequencePoint vc="5" uspid="148" ordinal="0" offset="0" sl="168" sc="44" el="168" ec="45" bec="0" bev="0" fileid="2" />
                <SequencePoint vc="5" uspid="149" ordinal="1" offset="1" sl="170" sc="13" el="170" ec="32" bec="2" bev="2" fileid="2" />
                <SequencePoint vc="3" uspid="150" ordinal="2" offset="16" sl="170" sc="33" el="170" ec="34" bec="0" bev="0" fileid="2" />
                <SequencePoint vc="3" uspid="151" ordinal="3" offset="17" sl="172" sc="17" el="172" ec="30" bec="0" bev="0" fileid="2" />
                <SequencePoint vc="3" uspid="152" ordinal="4" offset="24" sl="173" sc="13" el="173" ec="14" bec="0" bev="0" fileid="2" />
                <SequencePoint vc="5" uspid="153" ordinal="5" offset="25" sl="175" sc="17" el="175" ec="18" bec="0" bev="0" fileid="2" />
                <SequencePoint vc="5" uspid="154" ordinal="6" offset="26" sl="177" sc="17" el="177" ec="36" bec="0" bev="0" fileid="2" />
                <SequencePoint vc="1" uspid="155" ordinal="7" offset="35" sl="179" sc="13" el="179" ec="51" bec="0" bev="0" fileid="2" />
                <SequencePoint vc="1" uspid="156" ordinal="8" offset="36" sl="179" sc="52" el="179" ec="53" bec="0" bev="0" fileid="2" />
                <SequencePoint vc="1" uspid="157" ordinal="9" offset="37" sl="181" sc="17" el="181" ec="33" bec="0" bev="0" fileid="2" />
                <SequencePoint vc="1" uspid="158" ordinal="10" offset="39" sl="183" sc="13" el="183" ec="47" bec="0" bev="0" fileid="2" />
                <SequencePoint vc="1" uspid="159" ordinal="11" offset="40" sl="183" sc="48" el="183" ec="49" bec="0" bev="0" fileid="2" />
                <SequencePoint vc="1" uspid="160" ordinal="12" offset="41" sl="185" sc="17" el="185" ec="33" bec="0" bev="0" fileid="2" />
                <SequencePoint vc="1" uspid="161" ordinal="13" offset="43" sl="187" sc="13" el="187" ec="29" bec="0" bev="0" fileid="2" />
                <SequencePoint vc="1" uspid="162" ordinal="14" offset="44" sl="187" sc="30" el="187" ec="31" bec="0" bev="0" fileid="2" />
                <SequencePoint vc="1" uspid="163" ordinal="15" offset="45" sl="189" sc="17" el="189" ec="38" bec="0" bev="0" fileid="2" />
                <SequencePoint vc="1" uspid="164" ordinal="16" offset="58" sl="191" sc="17" el="191" ec="38" bec="0" bev="0" fileid="2" />
                <SequencePoint vc="3" uspid="165" ordinal="17" offset="68" sl="193" sc="9" el="193" ec="10" bec="0" bev="0" fileid="2" />
              </SequencePoints>
              <BranchPoints>
                <BranchPoint vc="3" uspid="166" ordinal="0" offset="14" sl="170" path="0" offsetend="16" fileid="2" />
                <BranchPoint vc="2" uspid="167" ordinal="1" offset="14" sl="170" path="1" offsetend="25" fileid="2" />
              </BranchPoints>
              <MethodPoint xsi:type="SequencePoint" vc="5" uspid="148" ordinal="0" offset="0" sl="168" sc="44" el="168" ec="45" bec="0" bev="0" fileid="2" />
            </Method>
          </Methods>
        </Class>
      </Classes>
    </Module>
    <Module hash="03-AD-E0-EA-D0-9A-80-60-1F-96-83-BF-26-AA-EA-56-AD-E0-24-21">
      <Summary numSequencePoints="100" visitedSequencePoints="100" numBranchPoints="47" visitedBranchPoints="47" sequenceCoverage="100" branchCoverage="100" maxCyclomaticComplexity="9" minCyclomaticComplexity="1" maxCrapScore="9" minCrapScore="1" visitedClasses="4" numClasses="4" visitedMethods="21" numMethods="21" />
      <ModulePath>D:\mock_up_calculator\Calculator\CalculatorTest\bin\Debug\UtilityClassLibrary.dll</ModulePath>
      <ModuleTime>2018-04-26T07:01:59.1918085Z</ModuleTime>
      <ModuleName>UtilityClassLibrary</ModuleName>
      <Files>
        <File uid="5" fullPath="d:\mock_up_calculator\Calculator\UtilityClassLibrary\ButtonTracker.cs" />
        <File uid="6" fullPath="d:\mock_up_calculator\Calculator\UtilityClassLibrary\Formatter.cs" />
        <File uid="7" fullPath="d:\mock_up_calculator\Calculator\UtilityClassLibrary\InputBuffer.cs" />
        <File uid="8" fullPath="d:\mock_up_calculator\Calculator\UtilityClassLibrary\KeyChecker.cs" />
      </Files>
      <Classes>
        <Class>
          <Summary numSequencePoints="16" visitedSequencePoints="16" numBranchPoints="6" visitedBranchPoints="6" sequenceCoverage="100" branchCoverage="100" maxCyclomaticComplexity="2" minCyclomaticComplexity="1" maxCrapScore="2" minCrapScore="1" visitedClasses="1" numClasses="1" visitedMethods="4" numMethods="4" />
          <FullName>UtilityClassLibrary.ButtonTracker</FullName>
          <Methods>
            <Method skippedDueTo="AutoImplementedProperty" visited="false" cyclomaticComplexity="1" nPathComplexity="0" sequenceCoverage="0" branchCoverage="0" crapScore="0" isConstructor="false" isStatic="false" isGetter="true" isSetter="false">
              <MetadataToken>100663300</MetadataToken>
              <Name>System.Collections.Generic.Dictionary`2&lt;System.Windows.Forms.Button,System.Boolean&gt; UtilityClassLibrary.ButtonTracker::get_Buttons()</Name>
              <SequencePoints />
              <BranchPoints />
            </Method>
            <Method skippedDueTo="AutoImplementedProperty" visited="false" cyclomaticComplexity="1" nPathComplexity="0" sequenceCoverage="0" branchCoverage="0" crapScore="0" isConstructor="false" isStatic="false" isGetter="false" isSetter="true">
              <MetadataToken>100663301</MetadataToken>
              <Name>System.Void UtilityClassLibrary.ButtonTracker::set_Buttons(System.Collections.Generic.Dictionary`2&lt;System.Windows.Forms.Button,System.Boolean&gt;)</Name>
              <SequencePoints />
              <BranchPoints />
            </Method>
            <Method visited="true" cyclomaticComplexity="1" nPathComplexity="0" sequenceCoverage="100" branchCoverage="100" crapScore="1" isConstructor="true" isStatic="false" isGetter="false" isSetter="false">
              <Summary numSequencePoints="4" visitedSequencePoints="4" numBranchPoints="1" visitedBranchPoints="1" sequenceCoverage="100" branchCoverage="100" maxCyclomaticComplexity="1" minCyclomaticComplexity="1" maxCrapScore="1" minCrapScore="1" visitedClasses="0" numClasses="0" visitedMethods="1" numMethods="1" />
              <MetadataToken>100663302</MetadataToken>
              <Name>System.Void UtilityClassLibrary.ButtonTracker::.ctor()</Name>
              <FileRef uid="5" />
              <SequencePoints>
                <SequencePoint vc="2" uspid="168" ordinal="0" offset="0" sl="13" sc="9" el="13" ec="31" bec="0" bev="0" fileid="5" />
                <SequencePoint vc="2" uspid="169" ordinal="1" offset="7" sl="13" sc="32" el="13" ec="33" bec="0" bev="0" fileid="5" />
                <SequencePoint vc="2" uspid="170" ordinal="2" offset="8" sl="15" sc="13" el="15" ec="54" bec="0" bev="0" fileid="5" />
                <SequencePoint vc="2" uspid="171" ordinal="3" offset="20" sl="16" sc="9" el="16" ec="10" bec="0" bev="0" fileid="5" />
              </SequencePoints>
              <BranchPoints />
              <MethodPoint xsi:type="SequencePoint" vc="2" uspid="168" ordinal="0" offset="0" sl="13" sc="9" el="13" ec="31" bec="0" bev="0" fileid="5" />
            </Method>
            <Method visited="true" cyclomaticComplexity="2" nPathComplexity="2" sequenceCoverage="100" branchCoverage="100" crapScore="2" isConstructor="false" isStatic="false" isGetter="false" isSetter="false">
              <Summary numSequencePoints="6" visitedSequencePoints="6" numBranchPoints="3" visitedBranchPoints="3" sequenceCoverage="100" branchCoverage="100" maxCyclomaticComplexity="2" minCyclomaticComplexity="2" maxCrapScore="2" minCrapScore="2" visitedClasses="0" numClasses="0" visitedMethods="1" numMethods="1" />
              <MetadataToken>100663303</MetadataToken>
              <Name>System.Boolean UtilityClassLibrary.ButtonTracker::IsDisabled(System.Windows.Forms.Button)</Name>
              <FileRef uid="5" />
              <SequencePoints>
                <SequencePoint vc="6" uspid="172" ordinal="0" offset="0" sl="18" sc="47" el="18" ec="48" bec="0" bev="0" fileid="5" />
                <SequencePoint vc="6" uspid="173" ordinal="1" offset="1" sl="20" sc="13" el="20" ec="45" bec="2" bev="2" fileid="5" />
                <SequencePoint vc="2" uspid="174" ordinal="2" offset="17" sl="20" sc="46" el="20" ec="47" bec="0" bev="0" fileid="5" />
                <SequencePoint vc="2" uspid="175" ordinal="3" offset="18" sl="22" sc="17" el="22" ec="30" bec="0" bev="0" fileid="5" />
                <SequencePoint vc="4" uspid="176" ordinal="4" offset="22" sl="25" sc="13" el="25" ec="37" bec="0" bev="0" fileid="5" />
                <SequencePoint vc="6" uspid="177" ordinal="5" offset="40" sl="26" sc="9" el="26" ec="10" bec="0" bev="0" fileid="5" />
              </SequencePoints>
              <BranchPoints>
                <BranchPoint vc="2" uspid="178" ordinal="0" offset="15" sl="20" path="0" offsetend="17" fileid="5" />
                <BranchPoint vc="4" uspid="179" ordinal="1" offset="15" sl="20" path="1" offsetend="22" fileid="5" />
              </BranchPoints>
              <MethodPoint xsi:type="SequencePoint" vc="6" uspid="172" ordinal="0" offset="0" sl="18" sc="47" el="18" ec="48" bec="0" bev="0" fileid="5" />
            </Method>
            <Method visited="true" cyclomaticComplexity="1" nPathComplexity="0" sequenceCoverage="100" branchCoverage="100" crapScore="1" isConstructor="false" isStatic="false" isGetter="false" isSetter="false">
              <Summary numSequencePoints="3" visitedSequencePoints="3" numBranchPoints="1" visitedBranchPoints="1" sequenceCoverage="100" branchCoverage="100" maxCyclomaticComplexity="1" minCyclomaticComplexity="1" maxCrapScore="1" minCrapScore="1" visitedClasses="0" numClasses="0" visitedMethods="1" numMethods="1" />
              <MetadataToken>100663304</MetadataToken>
              <Name>System.Void UtilityClassLibrary.ButtonTracker::Disable(System.Windows.Forms.Button)</Name>
              <FileRef uid="5" />
              <SequencePoints>
                <SequencePoint vc="2" uspid="180" ordinal="0" offset="0" sl="28" sc="44" el="28" ec="45" bec="0" bev="0" fileid="5" />
                <SequencePoint vc="2" uspid="181" ordinal="1" offset="1" sl="30" sc="13" el="30" ec="37" bec="0" bev="0" fileid="5" />
                <SequencePoint vc="2" uspid="182" ordinal="2" offset="15" sl="31" sc="9" el="31" ec="10" bec="0" bev="0" fileid="5" />
              </SequencePoints>
              <BranchPoints />
              <MethodPoint xsi:type="SequencePoint" vc="2" uspid="180" ordinal="0" offset="0" sl="28" sc="44" el="28" ec="45" bec="0" bev="0" fileid="5" />
            </Method>
            <Method visited="true" cyclomaticComplexity="1" nPathComplexity="0" sequenceCoverage="100" branchCoverage="100" crapScore="1" isConstructor="false" isStatic="false" isGetter="false" isSetter="false">
              <Summary numSequencePoints="3" visitedSequencePoints="3" numBranchPoints="1" visitedBranchPoints="1" sequenceCoverage="100" branchCoverage="100" maxCyclomaticComplexity="1" minCyclomaticComplexity="1" maxCrapScore="1" minCrapScore="1" visitedClasses="0" numClasses="0" visitedMethods="1" numMethods="1" />
              <MetadataToken>100663305</MetadataToken>
              <Name>System.Void UtilityClassLibrary.ButtonTracker::Enable(System.Windows.Forms.Button)</Name>
              <FileRef uid="5" />
              <SequencePoints>
                <SequencePoint vc="2" uspid="183" ordinal="0" offset="0" sl="33" sc="43" el="33" ec="44" bec="0" bev="0" fileid="5" />
                <SequencePoint vc="2" uspid="184" ordinal="1" offset="1" sl="35" sc="13" el="35" ec="36" bec="0" bev="0" fileid="5" />
                <SequencePoint vc="2" uspid="185" ordinal="2" offset="15" sl="36" sc="9" el="36" ec="10" bec="0" bev="0" fileid="5" />
              </SequencePoints>
              <BranchPoints />
              <MethodPoint xsi:type="SequencePoint" vc="2" uspid="183" ordinal="0" offset="0" sl="33" sc="43" el="33" ec="44" bec="0" bev="0" fileid="5" />
            </Method>
          </Methods>
        </Class>
        <Class>
          <Summary numSequencePoints="20" visitedSequencePoints="20" numBranchPoints="13" visitedBranchPoints="13" sequenceCoverage="100" branchCoverage="100" maxCyclomaticComplexity="7" minCyclomaticComplexity="1" maxCrapScore="7" minCrapScore="1" visitedClasses="1" numClasses="1" visitedMethods="3" numMethods="3" />
          <FullName>UtilityClassLibrary.Formatter</FullName>
          <Methods>
            <Method visited="true" cyclomaticComplexity="1" nPathComplexity="0" sequenceCoverage="100" branchCoverage="100" crapScore="1" isConstructor="false" isStatic="false" isGetter="false" isSetter="false">
              <Summary numSequencePoints="3" visitedSequencePoints="3" numBranchPoints="1" visitedBranchPoints="1" sequenceCoverage="100" branchCoverage="100" maxCyclomaticComplexity="1" minCyclomaticComplexity="1" maxCrapScore="1" minCrapScore="1" visitedClasses="0" numClasses="0" visitedMethods="1" numMethods="1" />
              <MetadataToken>100663307</MetadataToken>
              <Name>System.String UtilityClassLibrary.Formatter::RemoveLeadingComma(System.String)</Name>
              <FileRef uid="6" />
              <SequencePoints>
                <SequencePoint vc="18" uspid="186" ordinal="0" offset="0" sl="11" sc="58" el="11" ec="59" bec="0" bev="0" fileid="6" />
                <SequencePoint vc="18" uspid="187" ordinal="1" offset="1" sl="13" sc="13" el="13" ec="60" bec="0" bev="0" fileid="6" />
                <SequencePoint vc="18" uspid="188" ordinal="2" offset="20" sl="14" sc="9" el="14" ec="10" bec="0" bev="0" fileid="6" />
              </SequencePoints>
              <BranchPoints />
              <MethodPoint xsi:type="SequencePoint" vc="18" uspid="186" ordinal="0" offset="0" sl="11" sc="58" el="11" ec="59" bec="0" bev="0" fileid="6" />
            </Method>
            <Method visited="true" cyclomaticComplexity="4" nPathComplexity="4" sequenceCoverage="100" branchCoverage="100" crapScore="4" isConstructor="false" isStatic="false" isGetter="false" isSetter="false">
              <Summary numSequencePoints="11" visitedSequencePoints="11" numBranchPoints="5" visitedBranchPoints="5" sequenceCoverage="100" branchCoverage="100" maxCyclomaticComplexity="4" minCyclomaticComplexity="4" maxCrapScore="4" minCrapScore="4" visitedClasses="0" numClasses="0" visitedMethods="1" numMethods="1" />
              <MetadataToken>100663308</MetadataToken>
              <Name>System.String UtilityClassLibrary.Formatter::AddComma(System.String)</Name>
              <FileRef uid="6" />
              <SequencePoints>
                <SequencePoint vc="18" uspid="189" ordinal="0" offset="0" sl="16" sc="48" el="16" ec="49" bec="0" bev="0" fileid="6" />
                <SequencePoint vc="18" uspid="190" ordinal="1" offset="1" sl="18" sc="13" el="18" ec="46" bec="0" bev="0" fileid="6" />
                <SequencePoint vc="18" uspid="191" ordinal="2" offset="7" sl="20" sc="17" el="20" ec="43" bec="0" bev="0" fileid="6" />
                <SequencePoint vc="75" uspid="192" ordinal="3" offset="18" sl="20" sc="57" el="20" ec="58" bec="0" bev="0" fileid="6" />
                <SequencePoint vc="75" uspid="193" ordinal="4" offset="19" sl="22" sc="17" el="22" ec="62" bec="0" bev="0" fileid="6" />
                <SequencePoint vc="75" uspid="194" ordinal="5" offset="33" sl="23" sc="17" el="23" ec="66" bec="2" bev="2" fileid="6" />
                <SequencePoint vc="75" uspid="195" ordinal="6" offset="73" sl="24" sc="13" el="24" ec="14" bec="0" bev="0" fileid="6" />
                <SequencePoint vc="75" uspid="196" ordinal="7" offset="74" sl="20" sc="52" el="20" ec="55" bec="0" bev="0" fileid="6" />
                <SequencePoint vc="93" uspid="197" ordinal="8" offset="78" sl="20" sc="44" el="20" ec="50" bec="2" bev="2" fileid="6" />
                <SequencePoint vc="18" uspid="198" ordinal="9" offset="91" sl="26" sc="13" el="26" ec="85" bec="0" bev="0" fileid="6" />
                <SequencePoint vc="18" uspid="199" ordinal="10" offset="121" sl="27" sc="9" el="27" ec="10" bec="0" bev="0" fileid="6" />
              </SequencePoints>
              <BranchPoints>
                <BranchPoint vc="57" uspid="200" ordinal="0" offset="47" sl="23" path="0" offsetend="49" fileid="6" />
                <BranchPoint vc="18" uspid="201" ordinal="1" offset="47" sl="23" path="1" offsetend="56" fileid="6" />
                <BranchPoint vc="18" uspid="202" ordinal="2" offset="89" sl="20" path="0" offsetend="91" fileid="6" />
                <BranchPoint vc="75" uspid="203" ordinal="3" offset="89" sl="20" path="1" offsetend="18" fileid="6" />
              </BranchPoints>
              <MethodPoint xsi:type="SequencePoint" vc="18" uspid="189" ordinal="0" offset="0" sl="16" sc="48" el="16" ec="49" bec="0" bev="0" fileid="6" />
            </Method>
            <Method visited="true" cyclomaticComplexity="7" nPathComplexity="8" sequenceCoverage="100" branchCoverage="100" crapScore="7" isConstructor="false" isStatic="false" isGetter="false" isSetter="false">
              <Summary numSequencePoints="6" visitedSequencePoints="6" numBranchPoints="7" visitedBranchPoints="7" sequenceCoverage="100" branchCoverage="100" maxCyclomaticComplexity="7" minCyclomaticComplexity="7" maxCrapScore="7" minCrapScore="7" visitedClasses="0" numClasses="0" visitedMethods="1" numMethods="1" />
              <MetadataToken>100663309</MetadataToken>
              <Name>System.String UtilityClassLibrary.Formatter::Format(System.String)</Name>
              <FileRef uid="6" />
              <SequencePoints>
                <SequencePoint vc="18" uspid="204" ordinal="0" offset="0" sl="29" sc="45" el="29" ec="46" bec="0" bev="0" fileid="6" />
                <SequencePoint vc="18" uspid="205" ordinal="1" offset="1" sl="31" sc="13" el="31" ec="59" bec="0" bev="0" fileid="6" />
                <SequencePoint vc="18" uspid="206" ordinal="2" offset="13" sl="32" sc="13" el="32" ec="72" bec="2" bev="2" fileid="6" />
                <SequencePoint vc="18" uspid="207" ordinal="3" offset="45" sl="33" sc="13" el="33" ec="69" bec="2" bev="2" fileid="6" />
                <SequencePoint vc="18" uspid="208" ordinal="4" offset="81" sl="35" sc="13" el="35" ec="74" bec="2" bev="2" fileid="6" />
                <SequencePoint vc="18" uspid="209" ordinal="5" offset="113" sl="36" sc="9" el="36" ec="10" bec="0" bev="0" fileid="6" />
              </SequencePoints>
              <BranchPoints>
                <BranchPoint vc="6" uspid="210" ordinal="0" offset="14" sl="32" path="0" offsetend="16" fileid="6" />
                <BranchPoint vc="12" uspid="211" ordinal="1" offset="14" sl="32" path="1" offsetend="19" fileid="6" />
                <BranchPoint vc="6" uspid="212" ordinal="2" offset="46" sl="33" path="0" offsetend="48" fileid="6" />
                <BranchPoint vc="12" uspid="213" ordinal="3" offset="46" sl="33" path="1" offsetend="55" fileid="6" />
                <BranchPoint vc="6" uspid="214" ordinal="4" offset="89" sl="35" path="0" offsetend="91" fileid="6" />
                <BranchPoint vc="12" uspid="215" ordinal="5" offset="89" sl="35" path="1" offsetend="98" fileid="6" />
              </BranchPoints>
              <MethodPoint xsi:type="SequencePoint" vc="18" uspid="204" ordinal="0" offset="0" sl="29" sc="45" el="29" ec="46" bec="0" bev="0" fileid="6" />
            </Method>
            <Method visited="false" cyclomaticComplexity="1" nPathComplexity="0" sequenceCoverage="0" branchCoverage="0" crapScore="2" isConstructor="true" isStatic="false" isGetter="false" isSetter="false">
              <Summary numSequencePoints="0" visitedSequencePoints="0" numBranchPoints="0" visitedBranchPoints="0" sequenceCoverage="0" branchCoverage="0" maxCyclomaticComplexity="1" minCyclomaticComplexity="1" maxCrapScore="2" minCrapScore="2" visitedClasses="0" numClasses="0" visitedMethods="0" numMethods="0" />
              <MetadataToken>100663310</MetadataToken>
              <Name>System.Void UtilityClassLibrary.Formatter::.ctor()</Name>
              <SequencePoints />
              <BranchPoints />
              <MethodPoint vc="0" uspid="216" ordinal="0" offset="0" />
            </Method>
          </Methods>
        </Class>
        <Class>
          <Summary numSequencePoints="52" visitedSequencePoints="52" numBranchPoints="24" visitedBranchPoints="24" sequenceCoverage="100" branchCoverage="100" maxCyclomaticComplexity="9" minCyclomaticComplexity="1" maxCrapScore="9" minCrapScore="1" visitedClasses="1" numClasses="1" visitedMethods="10" numMethods="10" />
          <FullName>UtilityClassLibrary.InputBuffer</FullName>
          <Methods>
            <Method skippedDueTo="AutoImplementedProperty" visited="false" cyclomaticComplexity="1" nPathComplexity="0" sequenceCoverage="0" branchCoverage="0" crapScore="0" isConstructor="false" isStatic="false" isGetter="true" isSetter="false">
              <MetadataToken>100663325</MetadataToken>
              <Name>System.Text.StringBuilder UtilityClassLibrary.InputBuffer::get_Buffer()</Name>
              <SequencePoints />
              <BranchPoints />
            </Method>
            <Method skippedDueTo="AutoImplementedProperty" visited="false" cyclomaticComplexity="1" nPathComplexity="0" sequenceCoverage="0" branchCoverage="0" crapScore="0" isConstructor="false" isStatic="false" isGetter="false" isSetter="true">
              <MetadataToken>100663326</MetadataToken>
              <Name>System.Void UtilityClassLibrary.InputBuffer::set_Buffer(System.Text.StringBuilder)</Name>
              <SequencePoints />
              <BranchPoints />
            </Method>
            <Method visited="true" cyclomaticComplexity="1" nPathComplexity="0" sequenceCoverage="100" branchCoverage="100" crapScore="1" isConstructor="false" isStatic="false" isGetter="true" isSetter="false">
              <Summary numSequencePoints="3" visitedSequencePoints="3" numBranchPoints="1" visitedBranchPoints="1" sequenceCoverage="100" branchCoverage="100" maxCyclomaticComplexity="1" minCyclomaticComplexity="1" maxCrapScore="1" minCrapScore="1" visitedClasses="0" numClasses="0" visitedMethods="1" numMethods="1" />
              <MetadataToken>100663327</MetadataToken>
              <Name>System.String UtilityClassLibrary.InputBuffer::get_Content()</Name>
              <FileRef uid="7" />
              <SequencePoints>
                <SequencePoint vc="505" uspid="217" ordinal="0" offset="0" sl="13" sc="37" el="13" ec="38" bec="0" bev="0" fileid="7" />
                <SequencePoint vc="505" uspid="218" ordinal="1" offset="1" sl="13" sc="39" el="13" ec="64" bec="0" bev="0" fileid="7" />
                <SequencePoint vc="505" uspid="219" ordinal="2" offset="15" sl="13" sc="65" el="13" ec="66" bec="0" bev="0" fileid="7" />
              </SequencePoints>
              <BranchPoints />
              <MethodPoint xsi:type="SequencePoint" vc="505" uspid="217" ordinal="0" offset="0" sl="13" sc="37" el="13" ec="38" bec="0" bev="0" fileid="7" />
            </Method>
            <Method visited="true" cyclomaticComplexity="1" nPathComplexity="0" sequenceCoverage="100" branchCoverage="100" crapScore="1" isConstructor="false" isStatic="false" isGetter="true" isSetter="false">
              <Summary numSequencePoints="3" visitedSequencePoints="3" numBranchPoints="1" visitedBranchPoints="1" sequenceCoverage="100" branchCoverage="100" maxCyclomaticComplexity="1" minCyclomaticComplexity="1" maxCrapScore="1" minCrapScore="1" visitedClasses="0" numClasses="0" visitedMethods="1" numMethods="1" />
              <MetadataToken>100663328</MetadataToken>
              <Name>System.Decimal UtilityClassLibrary.InputBuffer::get_Value()</Name>
              <FileRef uid="7" />
              <SequencePoints>
                <SequencePoint vc="60" uspid="220" ordinal="0" offset="0" sl="14" sc="36" el="14" ec="37" bec="0" bev="0" fileid="7" />
                <SequencePoint vc="60" uspid="221" ordinal="1" offset="1" sl="14" sc="38" el="14" ec="68" bec="0" bev="0" fileid="7" />
                <SequencePoint vc="60" uspid="222" ordinal="2" offset="15" sl="14" sc="69" el="14" ec="70" bec="0" bev="0" fileid="7" />
              </SequencePoints>
              <BranchPoints />
              <MethodPoint xsi:type="SequencePoint" vc="60" uspid="220" ordinal="0" offset="0" sl="14" sc="36" el="14" ec="37" bec="0" bev="0" fileid="7" />
            </Method>
            <Method skippedDueTo="AutoImplementedProperty" visited="false" cyclomaticComplexity="1" nPathComplexity="0" sequenceCoverage="0" branchCoverage="0" crapScore="0" isConstructor="false" isStatic="false" isGetter="true" isSetter="false">
              <MetadataToken>100663329</MetadataToken>
              <Name>System.Boolean UtilityClassLibrary.InputBuffer::get_IsEmpty()</Name>
              <SequencePoints />
              <BranchPoints />
            </Method>
            <Method skippedDueTo="AutoImplementedProperty" visited="false" cyclomaticComplexity="1" nPathComplexity="0" sequenceCoverage="0" branchCoverage="0" crapScore="0" isConstructor="false" isStatic="false" isGetter="false" isSetter="true">
              <MetadataToken>100663330</MetadataToken>
              <Name>System.Void UtilityClassLibrary.InputBuffer::set_IsEmpty(System.Boolean)</Name>
              <SequencePoints />
              <BranchPoints />
            </Method>
            <Method visited="true" cyclomaticComplexity="1" nPathComplexity="0" sequenceCoverage="100" branchCoverage="100" crapScore="1" isConstructor="false" isStatic="false" isGetter="true" isSetter="false">
              <Summary numSequencePoints="3" visitedSequencePoints="3" numBranchPoints="1" visitedBranchPoints="1" sequenceCoverage="100" branchCoverage="100" maxCyclomaticComplexity="1" minCyclomaticComplexity="1" maxCrapScore="1" minCrapScore="1" visitedClasses="0" numClasses="0" visitedMethods="1" numMethods="1" />
              <MetadataToken>100663331</MetadataToken>
              <Name>System.Boolean UtilityClassLibrary.InputBuffer::get_IsDecimal()</Name>
              <FileRef uid="7" />
              <SequencePoints>
                <SequencePoint vc="154" uspid="223" ordinal="0" offset="0" sl="16" sc="37" el="16" ec="38" bec="0" bev="0" fileid="7" />
                <SequencePoint vc="154" uspid="224" ordinal="1" offset="1" sl="16" sc="39" el="16" ec="76" bec="0" bev="0" fileid="7" />
                <SequencePoint vc="154" uspid="225" ordinal="2" offset="20" sl="16" sc="77" el="16" ec="78" bec="0" bev="0" fileid="7" />
              </SequencePoints>
              <BranchPoints />
              <MethodPoint xsi:type="SequencePoint" vc="154" uspid="223" ordinal="0" offset="0" sl="16" sc="37" el="16" ec="38" bec="0" bev="0" fileid="7" />
            </Method>
            <Method visited="true" cyclomaticComplexity="1" nPathComplexity="0" sequenceCoverage="100" branchCoverage="100" crapScore="1" isConstructor="false" isStatic="false" isGetter="true" isSetter="false">
              <Summary numSequencePoints="3" visitedSequencePoints="3" numBranchPoints="1" visitedBranchPoints="1" sequenceCoverage="100" branchCoverage="100" maxCyclomaticComplexity="1" minCyclomaticComplexity="1" maxCrapScore="1" minCrapScore="1" visitedClasses="0" numClasses="0" visitedMethods="1" numMethods="1" />
              <MetadataToken>100663332</MetadataToken>
              <Name>System.Boolean UtilityClassLibrary.InputBuffer::get_IsNegative()</Name>
              <FileRef uid="7" />
              <SequencePoints>
                <SequencePoint vc="4" uspid="226" ordinal="0" offset="0" sl="17" sc="38" el="17" ec="39" bec="0" bev="0" fileid="7" />
                <SequencePoint vc="4" uspid="227" ordinal="1" offset="1" sl="17" sc="40" el="17" ec="65" bec="0" bev="0" fileid="7" />
                <SequencePoint vc="4" uspid="228" ordinal="2" offset="20" sl="17" sc="66" el="17" ec="67" bec="0" bev="0" fileid="7" />
              </SequencePoints>
              <BranchPoints />
              <MethodPoint xsi:type="SequencePoint" vc="4" uspid="226" ordinal="0" offset="0" sl="17" sc="38" el="17" ec="39" bec="0" bev="0" fileid="7" />
            </Method>
            <Method visited="true" cyclomaticComplexity="1" nPathComplexity="0" sequenceCoverage="100" branchCoverage="100" crapScore="1" isConstructor="true" isStatic="false" isGetter="false" isSetter="false">
              <Summary numSequencePoints="5" visitedSequencePoints="5" numBranchPoints="1" visitedBranchPoints="1" sequenceCoverage="100" branchCoverage="100" maxCyclomaticComplexity="1" minCyclomaticComplexity="1" maxCrapScore="1" minCrapScore="1" visitedClasses="0" numClasses="0" visitedMethods="1" numMethods="1" />
              <MetadataToken>100663333</MetadataToken>
              <Name>System.Void UtilityClassLibrary.InputBuffer::.ctor()</Name>
              <FileRef uid="7" />
              <SequencePoints>
                <SequencePoint vc="35" uspid="229" ordinal="0" offset="0" sl="19" sc="9" el="19" ec="29" bec="0" bev="0" fileid="7" />
                <SequencePoint vc="35" uspid="230" ordinal="1" offset="7" sl="19" sc="30" el="19" ec="31" bec="0" bev="0" fileid="7" />
                <SequencePoint vc="35" uspid="231" ordinal="2" offset="8" sl="21" sc="13" el="21" ec="42" bec="0" bev="0" fileid="7" />
                <SequencePoint vc="35" uspid="232" ordinal="3" offset="20" sl="22" sc="13" el="22" ec="21" bec="0" bev="0" fileid="7" />
                <SequencePoint vc="35" uspid="233" ordinal="4" offset="27" sl="23" sc="9" el="23" ec="10" bec="0" bev="0" fileid="7" />
              </SequencePoints>
              <BranchPoints />
              <MethodPoint xsi:type="SequencePoint" vc="35" uspid="229" ordinal="0" offset="0" sl="19" sc="9" el="19" ec="29" bec="0" bev="0" fileid="7" />
            </Method>
            <Method visited="true" cyclomaticComplexity="1" nPathComplexity="0" sequenceCoverage="100" branchCoverage="100" crapScore="1" isConstructor="false" isStatic="false" isGetter="false" isSetter="false">
              <Summary numSequencePoints="4" visitedSequencePoints="4" numBranchPoints="1" visitedBranchPoints="1" sequenceCoverage="100" branchCoverage="100" maxCyclomaticComplexity="1" minCyclomaticComplexity="1" maxCrapScore="1" minCrapScore="1" visitedClasses="0" numClasses="0" visitedMethods="1" numMethods="1" />
              <MetadataToken>100663334</MetadataToken>
              <Name>System.Void UtilityClassLibrary.InputBuffer::Clear()</Name>
              <FileRef uid="7" />
              <SequencePoints>
                <SequencePoint vc="71" uspid="234" ordinal="0" offset="0" sl="25" sc="29" el="25" ec="30" bec="0" bev="0" fileid="7" />
                <SequencePoint vc="71" uspid="235" ordinal="1" offset="1" sl="27" sc="13" el="27" ec="22" bec="0" bev="0" fileid="7" />
                <SequencePoint vc="71" uspid="236" ordinal="2" offset="13" sl="28" sc="13" el="28" ec="28" bec="0" bev="0" fileid="7" />
                <SequencePoint vc="71" uspid="237" ordinal="3" offset="21" sl="29" sc="9" el="29" ec="10" bec="0" bev="0" fileid="7" />
              </SequencePoints>
              <BranchPoints />
[...]
              </SequencePoints>
              <BranchPoints>
                <BranchPoint vc="272" uspid="933" ordinal="0" offset="122" sl="27" path="0" offsetend="124" fileid="25" />
                <BranchPoint vc="2176" uspid="934" ordinal="1" offset="122" sl="27" path="1" offsetend="54" fileid="25" />
                <BranchPoint vc="68" uspid="935" ordinal="2" offset="140" sl="25" path="0" offsetend="142" fileid="25" />
                <BranchPoint vc="272" uspid="936" ordinal="3" offset="140" sl="25" path="1" offsetend="49" fileid="25" />
              </BranchPoints>
              <MethodPoint xsi:type="SequencePoint" vc="68" uspid="915" ordinal="0" offset="0" sl="19" sc="59" el="19" ec="60" bec="0" bev="0" fileid="25" />
            </Method>
            <Method visited="true" cyclomaticComplexity="1" nPathComplexity="0" sequenceCoverage="100" branchCoverage="100" crapScore="1" isConstructor="false" isStatic="false" isGetter="false" isSetter="false">
              <Summary numSequencePoints="3" visitedSequencePoints="3" numBranchPoints="1" visitedBranchPoints="1" sequenceCoverage="100" branchCoverage="100" maxCyclomaticComplexity="1" minCyclomaticComplexity="1" maxCrapScore="1" minCrapScore="1" visitedClasses="0" numClasses="0" visitedMethods="1" numMethods="1" />
              <MetadataToken>100663314</MetadataToken>
              <Name>System.Boolean ConverterClassLibrary.OperatorConverter::IsOperator(System.String)</Name>
              <FileRef uid="25" />
              <SequencePoints>
                <SequencePoint vc="447" uspid="937" ordinal="0" offset="0" sl="35" sc="46" el="35" ec="47" bec="0" bev="0" fileid="25" />
                <SequencePoint vc="447" uspid="938" ordinal="1" offset="1" sl="37" sc="13" el="37" ec="46" bec="0" bev="0" fileid="25" />
                <SequencePoint vc="447" uspid="939" ordinal="2" offset="16" sl="38" sc="9" el="38" ec="10" bec="0" bev="0" fileid="25" />
              </SequencePoints>
              <BranchPoints />
              <MethodPoint xsi:type="SequencePoint" vc="447" uspid="937" ordinal="0" offset="0" sl="35" sc="46" el="35" ec="47" bec="0" bev="0" fileid="25" />
            </Method>
            <Method visited="true" cyclomaticComplexity="1" nPathComplexity="0" sequenceCoverage="100" branchCoverage="100" crapScore="1" isConstructor="false" isStatic="false" isGetter="false" isSetter="false">
              <Summary numSequencePoints="3" visitedSequencePoints="3" numBranchPoints="1" visitedBranchPoints="1" sequenceCoverage="100" branchCoverage="100" maxCyclomaticComplexity="1" minCyclomaticComplexity="1" maxCrapScore="1" minCrapScore="1" visitedClasses="0" numClasses="0" visitedMethods="1" numMethods="1" />
              <MetadataToken>100663315</MetadataToken>
              <Name>System.Boolean ConverterClassLibrary.OperatorConverter::IsUnary(System.String)</Name>
              <FileRef uid="25" />
              <SequencePoints>
                <SequencePoint vc="135" uspid="940" ordinal="0" offset="0" sl="40" sc="43" el="40" ec="44" bec="0" bev="0" fileid="25" />
                <SequencePoint vc="135" uspid="941" ordinal="1" offset="1" sl="42" sc="13" el="42" ec="51" bec="0" bev="0" fileid="25" />
                <SequencePoint vc="135" uspid="942" ordinal="2" offset="16" sl="43" sc="9" el="43" ec="10" bec="0" bev="0" fileid="25" />
              </SequencePoints>
              <BranchPoints />
              <MethodPoint xsi:type="SequencePoint" vc="135" uspid="940" ordinal="0" offset="0" sl="40" sc="43" el="40" ec="44" bec="0" bev="0" fileid="25" />
            </Method>
            <Method visited="true" cyclomaticComplexity="2" nPathComplexity="2" sequenceCoverage="100" branchCoverage="100" crapScore="2" isConstructor="false" isStatic="false" isGetter="false" isSetter="false">
              <Summary numSequencePoints="6" visitedSequencePoints="6" numBranchPoints="3" visitedBranchPoints="3" sequenceCoverage="100" branchCoverage="100" maxCyclomaticComplexity="2" minCyclomaticComplexity="2" maxCrapScore="2" minCrapScore="2" visitedClasses="0" numClasses="0" visitedMethods="1" numMethods="1" />
              <MetadataToken>100663316</MetadataToken>
              <Name>System.Boolean ConverterClassLibrary.OperatorConverter::IsBinary(System.String)</Name>
              <FileRef uid="25" />
              <SequencePoints>
                <SequencePoint vc="3" uspid="943" ordinal="0" offset="0" sl="45" sc="44" el="45" ec="45" bec="0" bev="0" fileid="25" />
                <SequencePoint vc="3" uspid="944" ordinal="1" offset="1" sl="47" sc="13" el="47" ec="35" bec="2" bev="2" fileid="25" />
                <SequencePoint vc="1" uspid="945" ordinal="2" offset="12" sl="47" sc="36" el="47" ec="37" bec="0" bev="0" fileid="25" />
                <SequencePoint vc="1" uspid="946" ordinal="3" offset="13" sl="49" sc="17" el="49" ec="30" bec="0" bev="0" fileid="25" />
                <SequencePoint vc="2" uspid="947" ordinal="4" offset="17" sl="52" sc="13" el="52" ec="36" bec="0" bev="0" fileid="25" />
                <SequencePoint vc="3" uspid="948" ordinal="5" offset="30" sl="53" sc="9" el="53" ec="10" bec="0" bev="0" fileid="25" />
              </SequencePoints>
              <BranchPoints>
                <BranchPoint vc="1" uspid="949" ordinal="0" offset="10" sl="47" path="0" offsetend="12" fileid="25" />
                <BranchPoint vc="2" uspid="950" ordinal="1" offset="10" sl="47" path="1" offsetend="17" fileid="25" />
              </BranchPoints>
              <MethodPoint xsi:type="SequencePoint" vc="3" uspid="943" ordinal="0" offset="0" sl="45" sc="44" el="45" ec="45" bec="0" bev="0" fileid="25" />
            </Method>
            <Method visited="true" cyclomaticComplexity="2" nPathComplexity="2" sequenceCoverage="100" branchCoverage="100" crapScore="2" isConstructor="false" isStatic="false" isGetter="false" isSetter="false">
              <Summary numSequencePoints="6" visitedSequencePoints="6" numBranchPoints="3" visitedBranchPoints="3" sequenceCoverage="100" branchCoverage="100" maxCyclomaticComplexity="2" minCyclomaticComplexity="2" maxCrapScore="2" minCrapScore="2" visitedClasses="0" numClasses="0" visitedMethods="1" numMethods="1" />
              <MetadataToken>100663317</MetadataToken>
              <Name>System.Int32 ConverterClassLibrary.OperatorConverter::ToValue(System.String)</Name>
              <FileRef uid="25" />
              <SequencePoints>
                <SequencePoint vc="112" uspid="951" ordinal="0" offset="0" sl="55" sc="42" el="55" ec="43" bec="0" bev="0" fileid="25" />
                <SequencePoint vc="112" uspid="952" ordinal="1" offset="1" sl="57" sc="13" el="57" ec="35" bec="2" bev="2" fileid="25" />
                <SequencePoint vc="1" uspid="953" ordinal="2" offset="12" sl="57" sc="36" el="57" ec="37" bec="0" bev="0" fileid="25" />
                <SequencePoint vc="1" uspid="954" ordinal="3" offset="13" sl="59" sc="17" el="59" ec="27" bec="0" bev="0" fileid="25" />
                <SequencePoint vc="111" uspid="955" ordinal="4" offset="17" sl="62" sc="13" el="62" ec="34" bec="0" bev="0" fileid="25" />
                <SequencePoint vc="112" uspid="956" ordinal="5" offset="32" sl="63" sc="9" el="63" ec="10" bec="0" bev="0" fileid="25" />
              </SequencePoints>
              <BranchPoints>
                <BranchPoint vc="1" uspid="957" ordinal="0" offset="10" sl="57" path="0" offsetend="12" fileid="25" />
                <BranchPoint vc="111" uspid="958" ordinal="1" offset="10" sl="57" path="1" offsetend="17" fileid="25" />
              </BranchPoints>
              <MethodPoint xsi:type="SequencePoint" vc="112" uspid="951" ordinal="0" offset="0" sl="55" sc="42" el="55" ec="43" bec="0" bev="0" fileid="25" />
            </Method>
            <Method visited="true" cyclomaticComplexity="1" nPathComplexity="0" sequenceCoverage="100" branchCoverage="100" crapScore="1" isConstructor="false" isStatic="false" isGetter="false" isSetter="false">
              <Summary numSequencePoints="5" visitedSequencePoints="5" numBranchPoints="1" visitedBranchPoints="1" sequenceCoverage="100" branchCoverage="100" maxCyclomaticComplexity="1" minCyclomaticComplexity="1" maxCrapScore="1" minCrapScore="1" visitedClasses="0" numClasses="0" visitedMethods="1" numMethods="1" />
              <MetadataToken>100663318</MetadataToken>
              <Name>System.String ConverterClassLibrary.OperatorConverter::ToOperator(System.Int32)</Name>
              <FileRef uid="25" />
              <SequencePoints>
                <SequencePoint vc="110" uspid="959" ordinal="0" offset="0" sl="65" sc="45" el="65" ec="46" bec="0" bev="0" fileid="25" />
                <SequencePoint vc="110" uspid="960" ordinal="1" offset="1" sl="67" sc="13" el="67" ec="33" bec="0" bev="0" fileid="25" />
                <SequencePoint vc="110" uspid="961" ordinal="2" offset="3" sl="68" sc="13" el="68" ec="53" bec="0" bev="0" fileid="25" />
                <SequencePoint vc="110" uspid="962" ordinal="3" offset="18" sl="70" sc="13" el="70" ec="26" bec="0" bev="0" fileid="25" />
                <SequencePoint vc="110" uspid="963" ordinal="4" offset="22" sl="71" sc="9" el="71" ec="10" bec="0" bev="0" fileid="25" />
              </SequencePoints>
              <BranchPoints />
              <MethodPoint xsi:type="SequencePoint" vc="110" uspid="959" ordinal="0" offset="0" sl="65" sc="45" el="65" ec="46" bec="0" bev="0" fileid="25" />
            </Method>
          </Methods>
        </Class>
        <Class>
          <Summary numSequencePoints="26" visitedSequencePoints="26" numBranchPoints="9" visitedBranchPoints="9" sequenceCoverage="100" branchCoverage="100" maxCyclomaticComplexity="3" minCyclomaticComplexity="1" maxCrapScore="3" minCrapScore="1" visitedClasses="1" numClasses="1" visitedMethods="5" numMethods="5" />
          <FullName>ConverterClassLibrary.UnitConverter</FullName>
          <Methods>
            <Method visited="true" cyclomaticComplexity="1" nPathComplexity="0" sequenceCoverage="100" branchCoverage="100" crapScore="1" isConstructor="false" isStatic="false" isGetter="false" isSetter="false">
              <Summary numSequencePoints="3" visitedSequencePoints="3" numBranchPoints="1" visitedBranchPoints="1" sequenceCoverage="100" branchCoverage="100" maxCyclomaticComplexity="1" minCyclomaticComplexity="1" maxCrapScore="1" minCrapScore="1" visitedClasses="0" numClasses="0" visitedMethods="1" numMethods="1" />
              <MetadataToken>100663319</MetadataToken>
              <Name>System.Decimal ConverterClassLibrary.UnitConverter::DegreeToRadian(System.Decimal)</Name>
              <FileRef uid="26" />
              <SequencePoints>
                <SequencePoint vc="3" uspid="964" ordinal="0" offset="0" sl="10" sc="55" el="10" ec="56" bec="0" bev="0" fileid="26" />
                <SequencePoint vc="3" uspid="965" ordinal="1" offset="1" sl="12" sc="13" el="12" ec="52" bec="0" bev="0" fileid="26" />
                <SequencePoint vc="3" uspid="966" ordinal="2" offset="44" sl="13" sc="9" el="13" ec="10" bec="0" bev="0" fileid="26" />
              </SequencePoints>
              <BranchPoints />
              <MethodPoint xsi:type="SequencePoint" vc="3" uspid="964" ordinal="0" offset="0" sl="10" sc="55" el="10" ec="56" bec="0" bev="0" fileid="26" />
            </Method>
            <Method visited="true" cyclomaticComplexity="1" nPathComplexity="0" sequenceCoverage="100" branchCoverage="100" crapScore="1" isConstructor="false" isStatic="false" isGetter="false" isSetter="false">
              <Summary numSequencePoints="3" visitedSequencePoints="3" numBranchPoints="1" visitedBranchPoints="1" sequenceCoverage="100" branchCoverage="100" maxCyclomaticComplexity="1" minCyclomaticComplexity="1" maxCrapScore="1" minCrapScore="1" visitedClasses="0" numClasses="0" visitedMethods="1" numMethods="1" />
              <MetadataToken>100663320</MetadataToken>
              <Name>System.Decimal ConverterClassLibrary.UnitConverter::RadianToDegree(System.Decimal)</Name>
              <FileRef uid="26" />
              <SequencePoints>
                <SequencePoint vc="3" uspid="967" ordinal="0" offset="0" sl="15" sc="55" el="15" ec="56" bec="0" bev="0" fileid="26" />
                <SequencePoint vc="3" uspid="968" ordinal="1" offset="1" sl="17" sc="13" el="17" ec="52" bec="0" bev="0" fileid="26" />
                <SequencePoint vc="3" uspid="969" ordinal="2" offset="44" sl="18" sc="9" el="18" ec="10" bec="0" bev="0" fileid="26" />
              </SequencePoints>
              <BranchPoints />
              <MethodPoint xsi:type="SequencePoint" vc="3" uspid="967" ordinal="0" offset="0" sl="15" sc="55" el="15" ec="56" bec="0" bev="0" fileid="26" />
            </Method>
            <Method visited="true" cyclomaticComplexity="2" nPathComplexity="2" sequenceCoverage="100" branchCoverage="100" crapScore="2" isConstructor="false" isStatic="false" isGetter="false" isSetter="false">
              <Summary numSequencePoints="6" visitedSequencePoints="6" numBranchPoints="3" visitedBranchPoints="3" sequenceCoverage="100" branchCoverage="100" maxCyclomaticComplexity="2" minCyclomaticComplexity="2" maxCrapScore="2" minCrapScore="2" visitedClasses="0" numClasses="0" visitedMethods="1" numMethods="1" />
              <MetadataToken>100663321</MetadataToken>
              <Name>System.String ConverterClassLibrary.UnitConverter::GetDecimal(System.Decimal,System.Int32)</Name>
              <FileRef uid="26" />
              <SequencePoints>
                <SequencePoint vc="8" uspid="970" ordinal="0" offset="0" sl="20" sc="66" el="20" ec="67" bec="0" bev="0" fileid="26" />
                <SequencePoint vc="8" uspid="971" ordinal="1" offset="1" sl="22" sc="13" el="22" ec="30" bec="2" bev="2" fileid="26" />
                <SequencePoint vc="3" uspid="972" ordinal="2" offset="20" sl="22" sc="31" el="22" ec="32" bec="0" bev="0" fileid="26" />
                <SequencePoint vc="3" uspid="973" ordinal="3" offset="21" sl="24" sc="17" el="24" ec="60" bec="0" bev="0" fileid="26" />
                <SequencePoint vc="5" uspid="974" ordinal="4" offset="37" sl="27" sc="13" el="27" ec="76" bec="0" bev="0" fileid="26" />
                <SequencePoint vc="8" uspid="975" ordinal="5" offset="61" sl="28" sc="9" el="28" ec="10" bec="0" bev="0" fileid="26" />
              </SequencePoints>
              <BranchPoints>
                <BranchPoint vc="3" uspid="976" ordinal="0" offset="18" sl="22" path="0" offsetend="20" fileid="26" />
                <BranchPoint vc="5" uspid="977" ordinal="1" offset="18" sl="22" path="1" offsetend="37" fileid="26" />
              </BranchPoints>
              <MethodPoint xsi:type="SequencePoint" vc="8" uspid="970" ordinal="0" offset="0" sl="20" sc="66" el="20" ec="67" bec="0" bev="0" fileid="26" />
            </Method>
            <Method visited="true" cyclomaticComplexity="3" nPathComplexity="2" sequenceCoverage="100" branchCoverage="100" crapScore="3" isConstructor="false" isStatic="false" isGetter="false" isSetter="false">
              <Summary numSequencePoints="7" visitedSequencePoints="7" numBranchPoints="3" visitedBranchPoints="3" sequenceCoverage="100" branchCoverage="100" maxCyclomaticComplexity="3" minCyclomaticComplexity="3" maxCrapScore="3" minCrapScore="3" visitedClasses="0" numClasses="0" visitedMethods="1" numMethods="1" />
              <MetadataToken>100663322</MetadataToken>
              <Name>System.Decimal ConverterClassLibrary.UnitConverter::DmsToDegree(System.Decimal)</Name>
              <FileRef uid="26" />
              <SequencePoints>
                <SequencePoint vc="4" uspid="978" ordinal="0" offset="0" sl="30" sc="49" el="30" ec="50" bec="0" bev="0" fileid="26" />
                <SequencePoint vc="4" uspid="979" ordinal="1" offset="1" sl="32" sc="13" el="32" ec="60" bec="0" bev="0" fileid="26" />
                <SequencePoint vc="4" uspid="980" ordinal="2" offset="13" sl="33" sc="13" el="33" ec="70" bec="0" bev="0" fileid="26" />
                <SequencePoint vc="4" uspid="981" ordinal="3" offset="33" sl="34" sc="13" el="34" ec="70" bec="0" bev="0" fileid="26" />
                <SequencePoint vc="4" uspid="982" ordinal="4" offset="47" sl="35" sc="13" el="35" ec="70" bec="0" bev="0" fileid="26" />
                <SequencePoint vc="4" uspid="983" ordinal="5" offset="61" sl="37" sc="13" el="37" ec="81" bec="2" bev="2" fileid="26" />
                <SequencePoint vc="4" uspid="984" ordinal="6" offset="131" sl="38" sc="9" el="38" ec="10" bec="0" bev="0" fileid="26" />
              </SequencePoints>
              <BranchPoints>
                <BranchPoint vc="3" uspid="985" ordinal="0" offset="110" sl="37" path="0" offsetend="112" fileid="26" />
                <BranchPoint vc="1" uspid="986" ordinal="1" offset="110" sl="37" path="1" offsetend="115" fileid="26" />
              </BranchPoints>
              <MethodPoint xsi:type="SequencePoint" vc="4" uspid="978" ordinal="0" offset="0" sl="30" sc="49" el="30" ec="50" bec="0" bev="0" fileid="26" />
            </Method>
            <Method visited="true" cyclomaticComplexity="1" nPathComplexity="0" sequenceCoverage="100" branchCoverage="100" crapScore="1" isConstructor="false" isStatic="false" isGetter="false" isSetter="false">
              <Summary numSequencePoints="7" visitedSequencePoints="7" numBranchPoints="1" visitedBranchPoints="1" sequenceCoverage="100" branchCoverage="100" maxCyclomaticComplexity="1" minCyclomaticComplexity="1" maxCrapScore="1" minCrapScore="1" visitedClasses="0" numClasses="0" visitedMethods="1" numMethods="1" />
              <MetadataToken>100663323</MetadataToken>
              <Name>System.Decimal ConverterClassLibrary.UnitConverter::DegreeToDms(System.Decimal)</Name>
              <FileRef uid="26" />
              <SequencePoints>
                <SequencePoint vc="4" uspid="987" ordinal="0" offset="0" sl="40" sc="52" el="40" ec="53" bec="0" bev="0" fileid="26" />
                <SequencePoint vc="4" uspid="988" ordinal="1" offset="1" sl="42" sc="13" el="42" ec="53" bec="0" bev="0" fileid="26" />
                <SequencePoint vc="4" uspid="989" ordinal="2" offset="8" sl="43" sc="13" el="43" ec="62" bec="0" bev="0" fileid="26" />
                <SequencePoint vc="4" uspid="990" ordinal="3" offset="33" sl="44" sc="13" el="44" ec="52" bec="0" bev="0" fileid="26" />
                <SequencePoint vc="4" uspid="991" ordinal="4" offset="40" sl="45" sc="13" el="45" ec="68" bec="0" bev="0" fileid="26" />
                <SequencePoint vc="4" uspid="992" ordinal="5" offset="65" sl="47" sc="13" el="53" ec="17" bec="0" bev="0" fileid="26" />
                <SequencePoint vc="4" uspid="993" ordinal="6" offset="189" sl="54" sc="9" el="54" ec="10" bec="0" bev="0" fileid="26" />
              </SequencePoints>
              <BranchPoints />
              <MethodPoint xsi:type="SequencePoint" vc="4" uspid="987" ordinal="0" offset="0" sl="40" sc="52" el="40" ec="53" bec="0" bev="0" fileid="26" />
            </Method>
            <Method visited="false" cyclomaticComplexity="1" nPathComplexity="0" sequenceCoverage="0" branchCoverage="0" crapScore="2" isConstructor="true" isStatic="false" isGetter="false" isSetter="false">
              <Summary numSequencePoints="0" visitedSequencePoints="0" numBranchPoints="0" visitedBranchPoints="0" sequenceCoverage="0" branchCoverage="0" maxCyclomaticComplexity="1" minCyclomaticComplexity="1" maxCrapScore="2" minCrapScore="2" visitedClasses="0" numClasses="0" visitedMethods="0" numMethods="0" />
              <MetadataToken>100663324</MetadataToken>
              <Name>System.Void ConverterClassLibrary.UnitConverter::.ctor()</Name>
              <SequencePoints />
              <BranchPoints />
              <MethodPoint vc="0" uspid="994" ordinal="0" offset="0" />
            </Method>
          </Methods>
        </Class>
      </Classes>
    </Module>
  </Modules>
</CoverageSession>