<?xml version="1.0" encoding="utf-8"?>
<CoverageSession xmlns:xsd="http://www.w3.org/2001/XMLSchema" xmlns:xsi="http://www.w3.org/2001/XMLSchema-instance" Version="4.6.0.0">
  <Summary numSequencePoints="99" visitedSequencePoints="99" numBranchPoints="37" visitedBranchPoints="37" sequenceCoverage="100" branchCoverage="100" maxCyclomaticComplexity="8" minCyclomaticComplexity="1" maxCrapScore="8" minCrapScore="1" visitedClasses="4" numClasses="4" visitedMethods="21" numMethods="21" />
  <Modules>
    <Module hash="03-44-8E-08-82-88-B1-E7-E9-A5-09-4A-9D-F3-38-7D-75-51-60-20">
      <Summary numSequencePoints="99" visitedSequencePoints="99" numBranchPoints="37" visitedBranchPoints="37" sequenceCoverage="100" branchCoverage="100" maxCyclomaticComplexity="8" minCyclomaticComplexity="1" maxCrapScore="8" minCrapScore="1" visitedClasses="4" numClasses="4" visitedMethods="21" numMethods="21" />
      <ModulePath>D:\mock_up_calculator\Calculator\FormatterTest\bin\Debug\FormatterClassLibrary.dll</ModulePath>
      <ModuleTime>2018-05-07T17:50:41.5458467Z</ModuleTime>
      <ModuleName>FormatterClassLibrary</ModuleName>
      <Files>
        <File uid="1" fullPath="d:\mock_up_calculator\Calculator\FormatterClassLibrary\EngineeringFormatter.cs" />
        <File uid="2" fullPath="d:\mock_up_calculator\Calculator\FormatterClassLibrary\ExpressionFormatter.cs" />
        <File uid="4" fullPath="d:\mock_up_calculator\Calculator\FormatterClassLibrary\NumberFormatter.cs" />
      </Files>
      <Classes>
        <Class>
          <Summary numSequencePoints="11" visitedSequencePoints="11" numBranchPoints="5" visitedBranchPoints="5" sequenceCoverage="100" branchCoverage="100" maxCyclomaticComplexity="3" minCyclomaticComplexity="1" maxCrapScore="3" minCrapScore="1" visitedClasses="1" numClasses="1" visitedMethods="3" numMethods="3" />
          <FullName>FormatterClassLibrary.EngineeringFormatter</FullName>
          <Methods>
            <Method visited="true" cyclomaticComplexity="1" nPathComplexity="0" sequenceCoverage="100" branchCoverage="100" crapScore="1" isConstructor="false" isStatic="false" isGetter="false" isSetter="false">
              <Summary numSequencePoints="3" visitedSequencePoints="3" numBranchPoints="1" visitedBranchPoints="1" sequenceCoverage="100" branchCoverage="100" maxCyclomaticComplexity="1" minCyclomaticComplexity="1" maxCrapScore="1" minCrapScore="1" visitedClasses="0" numClasses="0" visitedMethods="1" numMethods="1" />
              <MetadataToken>100663298</MetadataToken>
              <Name>System.String FormatterClassLibrary.EngineeringFormatter::RemoveLeadZero(System.String)</Name>
              <FileRef uid="1" />
              <SequencePoints>
                <SequencePoint vc="8" uspid="1" ordinal="0" offset="0" sl="11" sc="54" el="11" ec="55" bec="0" bev="0" fileid="1" />
                <SequencePoint vc="8" uspid="2" ordinal="1" offset="1" sl="13" sc="13" el="13" ec="55" bec="0" bev="0" fileid="1" />
                <SequencePoint vc="8" uspid="3" ordinal="2" offset="20" sl="14" sc="9" el="14" ec="10" bec="0" bev="0" fileid="1" />
              </SequencePoints>
              <BranchPoints />
              <MethodPoint xsi:type="SequencePoint" vc="8" uspid="1" ordinal="0" offset="0" sl="11" sc="54" el="11" ec="55" bec="0" bev="0" fileid="1" />
            </Method>
            <Method visited="true" cyclomaticComplexity="3" nPathComplexity="2" sequenceCoverage="100" branchCoverage="100" crapScore="3" isConstructor="false" isStatic="false" isGetter="false" isSetter="false">
              <Summary numSequencePoints="4" visitedSequencePoints="4" numBranchPoints="3" visitedBranchPoints="3" sequenceCoverage="100" branchCoverage="100" maxCyclomaticComplexity="3" minCyclomaticComplexity="3" maxCrapScore="3" minCrapScore="3" visitedClasses="0" numClasses="0" visitedMethods="1" numMethods="1" />
              <MetadataToken>100663299</MetadataToken>
              <Name>System.String FormatterClassLibrary.EngineeringFormatter::RemoveTrailZero(System.String)</Name>
              <FileRef uid="1" />
              <SequencePoints>
                <SequencePoint vc="8" uspid="4" ordinal="0" offset="0" sl="16" sc="55" el="16" ec="56" bec="0" bev="0" fileid="1" />
                <SequencePoint vc="8" uspid="5" ordinal="1" offset="1" sl="18" sc="13" el="18" ec="60" bec="0" bev="0" fileid="1" />
                <SequencePoint vc="8" uspid="6" ordinal="2" offset="13" sl="20" sc="13" el="20" ec="73" bec="2" bev="2" fileid="1" />
                <SequencePoint vc="8" uspid="7" ordinal="3" offset="43" sl="21" sc="9" el="21" ec="10" bec="0" bev="0" fileid="1" />
              </SequencePoints>
              <BranchPoints>
                <BranchPoint vc="3" uspid="8" ordinal="0" offset="20" sl="20" path="0" offsetend="22" fileid="1" />
                <BranchPoint vc="5" uspid="9" ordinal="1" offset="20" sl="20" path="1" offsetend="29" fileid="1" />
              </BranchPoints>
              <MethodPoint xsi:type="SequencePoint" vc="8" uspid="4" ordinal="0" offset="0" sl="16" sc="55" el="16" ec="56" bec="0" bev="0" fileid="1" />
            </Method>
            <Method visited="true" cyclomaticComplexity="1" nPathComplexity="0" sequenceCoverage="100" branchCoverage="100" crapScore="1" isConstructor="false" isStatic="false" isGetter="false" isSetter="false">
              <Summary numSequencePoints="4" visitedSequencePoints="4" numBranchPoints="1" visitedBranchPoints="1" sequenceCoverage="100" branchCoverage="100" maxCyclomaticComplexity="1" minCyclomaticComplexity="1" maxCrapScore="1" minCrapScore="1" visitedClasses="0" numClasses="0" visitedMethods="1" numMethods="1" />
              <MetadataToken>100663300</MetadataToken>
              <Name>System.String FormatterClassLibrary.EngineeringFormatter::Format(System.String)</Name>
              <FileRef uid="1" />
              <SequencePoints>
                <SequencePoint vc="9" uspid="10" ordinal="0" offset="0" sl="23" sc="45" el="23" ec="46" bec="0" bev="0" fileid="1" />
                <SequencePoint vc="9" uspid="11" ordinal="1" offset="1" sl="25" sc="13" el="25" ec="81" bec="0" bev="0" fileid="1" />
                <SequencePoint vc="8" uspid="12" ordinal="2" offset="27" sl="27" sc="13" el="27" ec="44" bec="0" bev="0" fileid="1" />
                <SequencePoint vc="8" uspid="13" ordinal="3" offset="37" sl="28" sc="9" el="28" ec="10" bec="0" bev="0" fileid="1" />
              </SequencePoints>
              <BranchPoints />
              <MethodPoint xsi:type="SequencePoint" vc="9" uspid="10" ordinal="0" offset="0" sl="23" sc="45" el="23" ec="46" bec="0" bev="0" fileid="1" />
            </Method>
            <Method visited="false" cyclomaticComplexity="1" nPathComplexity="0" sequenceCoverage="0" branchCoverage="0" crapScore="2" isConstructor="true" isStatic="false" isGetter="false" isSetter="false">
              <Summary numSequencePoints="0" visitedSequencePoints="0" numBranchPoints="0" visitedBranchPoints="0" sequenceCoverage="0" branchCoverage="0" maxCyclomaticComplexity="1" minCyclomaticComplexity="1" maxCrapScore="2" minCrapScore="2" visitedClasses="0" numClasses="0" visitedMethods="0" numMethods="0" />
              <MetadataToken>100663301</MetadataToken>
              <Name>System.Void FormatterClassLibrary.EngineeringFormatter::.ctor()</Name>
              <SequencePoints />
              <BranchPoints />
              <MethodPoint vc="0" uspid="14" ordinal="0" offset="0" />
            </Method>
          </Methods>
        </Class>
        <Class>
          <Summary numSequencePoints="74" visitedSequencePoints="74" numBranchPoints="27" visitedBranchPoints="27" sequenceCoverage="100" branchCoverage="100" maxCyclomaticComplexity="8" minCyclomaticComplexity="1" maxCrapScore="8" minCrapScore="1" visitedClasses="1" numClasses="1" visitedMethods="13" numMethods="13" />
          <FullName>FormatterClassLibrary.ExpressionFormatter</FullName>
          <Methods>
            <Method skippedDueTo="AutoImplementedProperty" visited="false" cyclomaticComplexity="1" nPathComplexity="0" sequenceCoverage="0" branchCoverage="0" crapScore="0" isConstructor="false" isStatic="false" isGetter="true" isSetter="false">
              <MetadataToken>100663302</MetadataToken>
              <Name>System.Collections.Generic.HashSet`1&lt;System.String&gt; FormatterClassLibrary.ExpressionFormatter::get_Unarys()</Name>
              <SequencePoints />
              <BranchPoints />
            </Method>
            <Method skippedDueTo="AutoImplementedProperty" visited="false" cyclomaticComplexity="1" nPathComplexity="0" sequenceCoverage="0" branchCoverage="0" crapScore="0" isConstructor="false" isStatic="false" isGetter="false" isSetter="true">
              <MetadataToken>100663303</MetadataToken>
              <Name>System.Void FormatterClassLibrary.ExpressionFormatter::set_Unarys(System.Collections.Generic.HashSet`1&lt;System.String&gt;)</Name>
              <SequencePoints />
              <BranchPoints />
            </Method>
            <Method visited="true" cyclomaticComplexity="1" nPathComplexity="0" sequenceCoverage="100" branchCoverage="100" crapScore="1" isConstructor="true" isStatic="false" isGetter="false" isSetter="false">
              <Summary numSequencePoints="4" visitedSequencePoints="4" numBranchPoints="1" visitedBranchPoints="1" sequenceCoverage="100" branchCoverage="100" maxCyclomaticComplexity="1" minCyclomaticComplexity="1" maxCrapScore="1" minCrapScore="1" visitedClasses="0" numClasses="0" visitedMethods="1" numMethods="1" />
              <MetadataToken>100663304</MetadataToken>
              <Name>System.Void FormatterClassLibrary.ExpressionFormatter::.ctor(System.Collections.Generic.HashSet`1&lt;System.String&gt;)</Name>
              <FileRef uid="2" />
              <SequencePoints>
                <SequencePoint vc="6" uspid="15" ordinal="0" offset="0" sl="14" sc="9" el="14" ec="59" bec="0" bev="0" fileid="2" />
                <SequencePoint vc="6" uspid="16" ordinal="1" offset="7" sl="14" sc="60" el="14" ec="61" bec="0" bev="0" fileid="2" />
                <SequencePoint vc="6" uspid="17" ordinal="2" offset="8" sl="16" sc="13" el="16" ec="29" bec="0" bev="0" fileid="2" />
                <SequencePoint vc="6" uspid="18" ordinal="3" offset="16" sl="17" sc="9" el="17" ec="10" bec="0" bev="0" fileid="2" />
              </SequencePoints>
              <BranchPoints />
              <MethodPoint xsi:type="SequencePoint" vc="6" uspid="15" ordinal="0" offset="0" sl="14" sc="9" el="14" ec="59" bec="0" bev="0" fileid="2" />
            </Method>
            <Method visited="true" cyclomaticComplexity="1" nPathComplexity="0" sequenceCoverage="100" branchCoverage="100" crapScore="1" isConstructor="false" isStatic="false" isGetter="false" isSetter="false">
              <Summary numSequencePoints="3" visitedSequencePoints="3" numBranchPoints="1" visitedBranchPoints="1" sequenceCoverage="100" branchCoverage="100" maxCyclomaticComplexity="1" minCyclomaticComplexity="1" maxCrapScore="1" minCrapScore="1" visitedClasses="0" numClasses="0" visitedMethods="1" numMethods="1" />
              <MetadataToken>100663305</MetadataToken>
              <Name>System.String[] FormatterClassLibrary.ExpressionFormatter::Tokenize(System.String)</Name>
              <FileRef uid="2" />
              <SequencePoints>
                <SequencePoint vc="17" uspid="19" ordinal="0" offset="0" sl="19" sc="54" el="19" ec="55" bec="0" bev="0" fileid="2" />
                <SequencePoint vc="17" uspid="20" ordinal="1" offset="1" sl="21" sc="13" el="21" ec="42" bec="0" bev="0" fileid="2" />
                <SequencePoint vc="17" uspid="21" ordinal="2" offset="23" sl="22" sc="9" el="22" ec="10" bec="0" bev="0" fileid="2" />
              </SequencePoints>
              <BranchPoints />
              <MethodPoint xsi:type="SequencePoint" vc="17" uspid="19" ordinal="0" offset="0" sl="19" sc="54" el="19" ec="55" bec="0" bev="0" fileid="2" />
            </Method>
            <Method visited="true" cyclomaticComplexity="1" nPathComplexity="0" sequenceCoverage="100" branchCoverage="100" crapScore="1" isConstructor="false" isStatic="false" isGetter="false" isSetter="false">
              <Summary numSequencePoints="4" visitedSequencePoints="4" numBranchPoints="1" visitedBranchPoints="1" sequenceCoverage="100" branchCoverage="100" maxCyclomaticComplexity="1" minCyclomaticComplexity="1" maxCrapScore="1" minCrapScore="1" visitedClasses="0" numClasses="0" visitedMethods="1" numMethods="1" />
              <MetadataToken>100663306</MetadataToken>
              <Name>System.Collections.Generic.HashSet`1&lt;System.String&gt; FormatterClassLibrary.ExpressionFormatter::UnaryOperatorUsed(System.String)</Name>
              <FileRef uid="2" />
              <SequencePoints>
                <SequencePoint vc="8" uspid="22" ordinal="0" offset="0" sl="24" sc="70" el="24" ec="71" bec="0" bev="0" fileid="2" />
                <SequencePoint vc="8" uspid="23" ordinal="1" offset="1" sl="26" sc="13" el="26" ec="47" bec="0" bev="0" fileid="2" />
                <SequencePoint vc="8" uspid="24" ordinal="2" offset="9" sl="28" sc="13" el="28" ec="87" bec="0" bev="0" fileid="2" />
                <SequencePoint vc="8" uspid="25" ordinal="3" offset="35" sl="29" sc="9" el="29" ec="10" bec="0" bev="0" fileid="2" />
              </SequencePoints>
              <BranchPoints />
              <MethodPoint xsi:type="SequencePoint" vc="8" uspid="22" ordinal="0" offset="0" sl="24" sc="70" el="24" ec="71" bec="0" bev="0" fileid="2" />
            </Method>
            <Method visited="true" cyclomaticComplexity="1" nPathComplexity="0" sequenceCoverage="100" branchCoverage="100" crapScore="1" isConstructor="false" isStatic="false" isGetter="false" isSetter="false">
              <Summary numSequencePoints="3" visitedSequencePoints="3" numBranchPoints="1" visitedBranchPoints="1" sequenceCoverage="100" branchCoverage="100" maxCyclomaticComplexity="1" minCyclomaticComplexity="1" maxCrapScore="1" minCrapScore="1" visitedClasses="0" numClasses="0" visitedMethods="1" numMethods="1" />
              <MetadataToken>100663307</MetadataToken>
              <Name>System.Boolean FormatterClassLibrary.ExpressionFormatter::HasUnformattedUnary(System.String,System.Collections.Generic.HashSet`1&lt;System.String&gt;)</Name>
              <FileRef uid="2" />
              <SequencePoints>
                <SequencePoint vc="16" uspid="26" ordinal="0" offset="13" sl="31" sc="85" el="31" ec="86" bec="0" bev="0" fileid="2" />
                <SequencePoint vc="16" uspid="27" ordinal="1" offset="14" sl="33" sc="13" el="33" ec="89" bec="0" bev="0" fileid="2" />
                <SequencePoint vc="16" uspid="28" ordinal="2" offset="35" sl="34" sc="9" el="34" ec="10" bec="0" bev="0" fileid="2" />
              </SequencePoints>
              <BranchPoints />
              <MethodPoint vc="16" uspid="29" ordinal="0" offset="0" />
            </Method>
            <Method visited="true" cyclomaticComplexity="8" nPathComplexity="32" sequenceCoverage="100" branchCoverage="100" crapScore="8" isConstructor="false" isStatic="false" isGetter="false" isSetter="false">
              <Summary numSequencePoints="19" visitedSequencePoints="19" numBranchPoints="11" visitedBranchPoints="11" sequenceCoverage="100" branchCoverage="100" maxCyclomaticComplexity="8" minCyclomaticComplexity="8" maxCrapScore="8" minCrapScore="8" visitedClasses="0" numClasses="0" visitedMethods="1" numMethods="1" />
              <MetadataToken>100663308</MetadataToken>
              <Name>System.String FormatterClassLibrary.ExpressionFormatter::GetOperand(System.String[],System.Int32)</Name>
              <FileRef uid="2" />
              <SequencePoints>
                <SequencePoint vc="9" uspid="30" ordinal="0" offset="0" sl="36" sc="63" el="36" ec="64" bec="0" bev="0" fileid="2" />
                <SequencePoint vc="9" uspid="31" ordinal="1" offset="1" sl="38" sc="13" el="38" ec="37" bec="2" bev="2" fileid="2" />
                <SequencePoint vc="4" uspid="32" ordinal="2" offset="21" sl="38" sc="38" el="38" ec="39" bec="0" bev="0" fileid="2" />
                <SequencePoint vc="4" uspid="33" ordinal="3" offset="22" sl="40" sc="17" el="40" ec="38" bec="0" bev="0" fileid="2" />
                <SequencePoint vc="5" uspid="34" ordinal="4" offset="31" sl="43" sc="17" el="43" ec="35" bec="0" bev="0" fileid="2" />
                <SequencePoint vc="5" uspid="35" ordinal="5" offset="35" sl="43" sc="36" el="43" ec="48" bec="0" bev="0" fileid="2" />
                <SequencePoint vc="10" uspid="36" ordinal="6" offset="39" sl="43" sc="62" el="43" ec="63" bec="0" bev="0" fileid="2" />
                <SequencePoint vc="10" uspid="37" ordinal="7" offset="40" sl="45" sc="17" el="45" ec="64" bec="2" bev="2" fileid="2" />
                <SequencePoint vc="6" uspid="38" ordinal="8" offset="76" sl="45" sc="65" el="45" ec="66" bec="0" bev="0" fileid="2" />
                <SequencePoint vc="6" uspid="39" ordinal="9" offset="77" sl="47" sc="21" el="47" ec="58" bec="2" bev="2" fileid="2" />
                <SequencePoint vc="6" uspid="40" ordinal="10" offset="100" sl="48" sc="17" el="48" ec="18" bec="0" bev="0" fileid="2" />
                <SequencePoint vc="10" uspid="41" ordinal="11" offset="101" sl="50" sc="17" el="50" ec="33" bec="2" bev="2" fileid="2" />
                <SequencePoint vc="4" uspid="42" ordinal="12" offset="112" sl="50" sc="34" el="50" ec="35" bec="0" bev="0" fileid="2" />
                <SequencePoint vc="4" uspid="43" ordinal="13" offset="113" sl="52" sc="21" el="52" ec="81" bec="0" bev="0" fileid="2" />
                <SequencePoint vc="6" uspid="44" ordinal="14" offset="143" sl="54" sc="13" el="54" ec="14" bec="0" bev="0" fileid="2" />
                <SequencePoint vc="6" uspid="45" ordinal="15" offset="144" sl="43" sc="57" el="43" ec="60" bec="0" bev="0" fileid="2" />
                <SequencePoint vc="11" uspid="46" ordinal="16" offset="148" sl="43" sc="49" el="43" ec="55" bec="2" bev="2" fileid="2" />
                <SequencePoint vc="1" uspid="47" ordinal="17" offset="159" sl="56" sc="13" el="56" ec="64" bec="0" bev="0" fileid="2" />
                <SequencePoint vc="8" uspid="48" ordinal="18" offset="170" sl="57" sc="9" el="57" ec="10" bec="0" bev="0" fileid="2" />
              </SequencePoints>
              <BranchPoints>
                <BranchPoint vc="4" uspid="49" ordinal="0" offset="19" sl="38" path="0" offsetend="21" fileid="2" />
                <BranchPoint vc="5" uspid="50" ordinal="1" offset="19" sl="38" path="1" offsetend="31" fileid="2" />
                <BranchPoint vc="6" uspid="53" ordinal="4" offset="74" sl="45" path="0" offsetend="76" fileid="2" />
                <BranchPoint vc="4" uspid="54" ordinal="5" offset="74" sl="45" path="1" offsetend="101" fileid="2" />
                <BranchPoint vc="5" uspid="55" ordinal="6" offset="91" sl="47" path="0" offsetend="93" fileid="2" />
                <BranchPoint vc="1" uspid="56" ordinal="7" offset="91" sl="47" path="1" offsetend="96" fileid="2" />
                <BranchPoint vc="4" uspid="57" ordinal="8" offset="110" sl="50" path="0" offsetend="112" fileid="2" />
                <BranchPoint vc="6" uspid="58" ordinal="9" offset="110" sl="50" path="1" offsetend="143" fileid="2" />
                <BranchPoint vc="1" uspid="59" ordinal="10" offset="157" sl="43" path="0" offsetend="159" fileid="2" />
                <BranchPoint vc="10" uspid="60" ordinal="11" offset="157" sl="43" path="1" offsetend="39" fileid="2" />
              </BranchPoints>
              <MethodPoint xsi:type="SequencePoint" vc="9" uspid="30" ordinal="0" offset="0" sl="36" sc="63" el="36" ec="64" bec="0" bev="0" fileid="2" />
            </Method>
            <Method visited="true" cyclomaticComplexity="2" nPathComplexity="0" sequenceCoverage="100" branchCoverage="100" crapScore="2" isConstructor="false" isStatic="false" isGetter="false" isSetter="false">
              <Summary numSequencePoints="3" visitedSequencePoints="3" numBranchPoints="1" visitedBranchPoints="1" sequenceCoverage="100" branchCoverage="100" maxCyclomaticComplexity="2" minCyclomaticComplexity="2" maxCrapScore="2" minCrapScore="2" visitedClasses="0" numClasses="0" visitedMethods="1" numMethods="1" />
              <MetadataToken>100663309</MetadataToken>
              <Name>System.String FormatterClassLibrary.ExpressionFormatter::EscapeParentheses(System.String)</Name>
              <FileRef uid="2" />
              <SequencePoints>
                <SequencePoint vc="8" uspid="61" ordinal="0" offset="0" sl="59" sc="58" el="59" ec="59" bec="0" bev="0" fileid="2" />
                <SequencePoint vc="8" uspid="62" ordinal="1" offset="1" sl="61" sc="13" el="61" ec="82" bec="0" bev="0" fileid="2" />
                <SequencePoint vc="8" uspid="63" ordinal="2" offset="46" sl="62" sc="9" el="62" ec="10" bec="0" bev="0" fileid="2" />
              </SequencePoints>
              <BranchPoints />
              <MethodPoint xsi:type="SequencePoint" vc="8" uspid="61" ordinal="0" offset="0" sl="59" sc="58" el="59" ec="59" bec="0" bev="0" fileid="2" />
            </Method>
            <Method visited="true" cyclomaticComplexity="3" nPathComplexity="2" sequenceCoverage="100" branchCoverage="100" crapScore="3" isConstructor="false" isStatic="false" isGetter="false" isSetter="false">
              <Summary numSequencePoints="20" visitedSequencePoints="20" numBranchPoints="3" visitedBranchPoints="3" sequenceCoverage="100" branchCoverage="100" maxCyclomaticComplexity="3" minCyclomaticComplexity="3" maxCrapScore="3" minCrapScore="3" visitedClasses="0" numClasses="0" visitedMethods="1" numMethods="1" />
              <MetadataToken>100663310</MetadataToken>
              <Name>System.String FormatterClassLibrary.ExpressionFormatter::FormatUnary(System.String,System.Collections.Generic.HashSet`1&lt;System.String&gt;)</Name>
              <FileRef uid="2" />
              <SequencePoints>
                <SequencePoint vc="9" uspid="66" ordinal="0" offset="0" sl="64" sc="79" el="64" ec="80" bec="0" bev="0" fileid="2" />
                <SequencePoint vc="9" uspid="67" ordinal="1" offset="1" sl="66" sc="13" el="66" ec="47" bec="0" bev="0" fileid="2" />
                <SequencePoint vc="9" uspid="68" ordinal="2" offset="9" sl="67" sc="13" el="67" ec="43" bec="0" bev="0" fileid="2" />
                <SequencePoint vc="9" uspid="69" ordinal="3" offset="15" sl="68" sc="13" el="68" ec="43" bec="0" bev="0" fileid="2" />
                <SequencePoint vc="9" uspid="70" ordinal="4" offset="21" sl="69" sc="13" el="69" ec="29" bec="0" bev="0" fileid="2" />
                <SequencePoint vc="9" uspid="71" ordinal="5" offset="23" sl="71" sc="13" el="71" ec="20" bec="0" bev="0" fileid="2" />
                <SequencePoint vc="9" uspid="72" ordinal="6" offset="24" sl="71" sc="37" el="71" ec="43" bec="0" bev="0" fileid="2" />
                <SequencePoint vc="44" uspid="73" ordinal="7" offset="32" sl="71" sc="21" el="71" ec="33" bec="0" bev="0" fileid="2" />
                <SequencePoint vc="44" uspid="74" ordinal="8" offset="39" sl="71" sc="45" el="71" ec="46" bec="0" bev="0" fileid="2" />
                <SequencePoint vc="44" uspid="75" ordinal="9" offset="40" sl="73" sc="17" el="73" ec="43" bec="2" bev="2" fileid="2" />
                <SequencePoint vc="9" uspid="76" ordinal="10" offset="57" sl="73" sc="44" el="73" ec="45" bec="0" bev="0" fileid="2" />
                <SequencePoint vc="9" uspid="77" ordinal="11" offset="58" sl="75" sc="21" el="75" ec="70" bec="0" bev="0" fileid="2" />
                <SequencePoint vc="8" uspid="78" ordinal="12" offset="70" sl="76" sc="21" el="76" ec="72" bec="0" bev="0" fileid="2" />
                <SequencePoint vc="8" uspid="79" ordinal="13" offset="91" sl="77" sc="21" el="77" ec="61" bec="0" bev="0" fileid="2" />
                <SequencePoint vc="8" uspid="80" ordinal="14" offset="111" sl="79" sc="21" el="79" ec="27" bec="0" bev="0" fileid="2" />
                <SequencePoint vc="35" uspid="81" ordinal="15" offset="113" sl="82" sc="17" el="82" ec="27" bec="0" bev="0" fileid="2" />
                <SequencePoint vc="35" uspid="82" ordinal="16" offset="117" sl="83" sc="13" el="83" ec="14" bec="0" bev="0" fileid="2" />
                <SequencePoint vc="44" uspid="83" ordinal="17" offset="124" sl="71" sc="34" el="71" ec="36" bec="0" bev="0" fileid="2" />
                <SequencePoint vc="8" uspid="84" ordinal="18" offset="138" sl="85" sc="13" el="85" ec="64" bec="0" bev="0" fileid="2" />
                <SequencePoint vc="8" uspid="85" ordinal="19" offset="150" sl="86" sc="9" el="86" ec="10" bec="0" bev="0" fileid="2" />
              </SequencePoints>
              <BranchPoints>
                <BranchPoint vc="9" uspid="86" ordinal="0" offset="55" sl="73" path="0" offsetend="57" fileid="2" />
                <BranchPoint vc="35" uspid="87" ordinal="1" offset="55" sl="73" path="1" offsetend="113" fileid="2" />
              </BranchPoints>
              <MethodPoint xsi:type="SequencePoint" vc="9" uspid="66" ordinal="0" offset="0" sl="64" sc="79" el="64" ec="80" bec="0" bev="0" fileid="2" />
            </Method>
            <Method visited="true" cyclomaticComplexity="2" nPathComplexity="2" sequenceCoverage="100" branchCoverage="100" crapScore="2" isConstructor="false" isStatic="false" isGetter="false" isSetter="false">
              <Summary numSequencePoints="8" visitedSequencePoints="8" numBranchPoints="3" visitedBranchPoints="3" sequenceCoverage="100" branchCoverage="100" maxCyclomaticComplexity="2" minCyclomaticComplexity="2" maxCrapScore="2" minCrapScore="2" visitedClasses="0" numClasses="0" visitedMethods="1" numMethods="1" />
              <MetadataToken>100663311</MetadataToken>
              <Name>System.String FormatterClassLibrary.ExpressionFormatter::FormatOperators(System.String)</Name>
              <FileRef uid="2" />
              <SequencePoints>
                <SequencePoint vc="8" uspid="90" ordinal="0" offset="0" sl="88" sc="59" el="88" ec="60" bec="0" bev="0" fileid="2" />
                <SequencePoint vc="8" uspid="91" ordinal="1" offset="1" sl="90" sc="13" el="90" ec="60" bec="0" bev="0" fileid="2" />
                <SequencePoint vc="9" uspid="92" ordinal="2" offset="11" sl="92" sc="64" el="92" ec="65" bec="0" bev="0" fileid="2" />
                <SequencePoint vc="9" uspid="93" ordinal="3" offset="12" sl="94" sc="17" el="94" ec="66" bec="0" bev="0" fileid="2" />
                <SequencePoint vc="8" uspid="94" ordinal="4" offset="22" sl="95" sc="13" el="95" ec="14" bec="0" bev="0" fileid="2" />
                <SequencePoint vc="16" uspid="95" ordinal="5" offset="23" sl="92" sc="13" el="92" ec="63" bec="2" bev="2" fileid="2" />
                <SequencePoint vc="7" uspid="96" ordinal="6" offset="35" sl="97" sc="13" el="97" ec="31" bec="0" bev="0" fileid="2" />
                <SequencePoint vc="7" uspid="97" ordinal="7" offset="39" sl="98" sc="9" el="98" ec="10" bec="0" bev="0" fileid="2" />
              </SequencePoints>
              <BranchPoints>
                <BranchPoint vc="7" uspid="98" ordinal="0" offset="33" sl="92" path="0" offsetend="35" fileid="2" />
                <BranchPoint vc="9" uspid="99" ordinal="1" offset="33" sl="92" path="1" offsetend="11" fileid="2" />
              </BranchPoints>
              <MethodPoint xsi:type="SequencePoint" vc="8" uspid="90" ordinal="0" offset="0" sl="88" sc="59" el="88" ec="60" bec="0" bev="0" fileid="2" />
            </Method>
            <Method visited="true" cyclomaticComplexity="2" nPathComplexity="0" sequenceCoverage="100" branchCoverage="100" crapScore="2" isConstructor="false" isStatic="false" isGetter="false" isSetter="false">
              <Summary numSequencePoints="3" visitedSequencePoints="3" numBranchPoints="1" visitedBranchPoints="1" sequenceCoverage="100" branchCoverage="100" maxCyclomaticComplexity="2" minCyclomaticComplexity="2" maxCrapScore="2" minCrapScore="2" visitedClasses="0" numClasses="0" visitedMethods="1" numMethods="1" />
              <MetadataToken>100663312</MetadataToken>
              <Name>System.String FormatterClassLibrary.ExpressionFormatter::RemoveParenthesesSpacing(System.String)</Name>
              <FileRef uid="2" />
              <SequencePoints>
                <SequencePoint vc="7" uspid="100" ordinal="0" offset="0" sl="100" sc="68" el="100" ec="69" bec="0" bev="0" fileid="2" />
                <SequencePoint vc="7" uspid="101" ordinal="1" offset="1" sl="102" sc="13" el="102" ec="91" bec="0" bev="0" fileid="2" />
                <SequencePoint vc="7" uspid="102" ordinal="2" offset="46" sl="103" sc="9" el="103" ec="10" bec="0" bev="0" fileid="2" />
              </SequencePoints>
              <BranchPoints />
              <MethodPoint xsi:type="SequencePoint" vc="7" uspid="100" ordinal="0" offset="0" sl="100" sc="68" el="100" ec="69" bec="0" bev="0" fileid="2" />
            </Method>
            <Method visited="true" cyclomaticComplexity="1" nPathComplexity="0" sequenceCoverage="100" branchCoverage="100" crapScore="1" isConstructor="false" isStatic="false" isGetter="false" isSetter="false">
              <Summary numSequencePoints="4" visitedSequencePoints="4" numBranchPoints="1" visitedBranchPoints="1" sequenceCoverage="100" branchCoverage="100" maxCyclomaticComplexity="1" minCyclomaticComplexity="1" maxCrapScore="1" minCrapScore="1" visitedClasses="0" numClasses="0" visitedMethods="1" numMethods="1" />
              <MetadataToken>100663313</MetadataToken>
              <Name>System.String FormatterClassLibrary.ExpressionFormatter::Format(System.String)</Name>
              <FileRef uid="2" />
              <SequencePoints>
                <SequencePoint vc="8" uspid="105" ordinal="0" offset="0" sl="105" sc="49" el="105" ec="50" bec="0" bev="0" fileid="2" />
                <SequencePoint vc="8" uspid="106" ordinal="1" offset="1" sl="107" sc="13" el="107" ec="54" bec="0" bev="0" fileid="2" />
                <SequencePoint vc="7" uspid="107" ordinal="2" offset="10" sl="109" sc="13" el="109" ec="57" bec="0" bev="0" fileid="2" />
                <SequencePoint vc="7" uspid="108" ordinal="3" offset="20" sl="110" sc="9" el="110" ec="10" bec="0" bev="0" fileid="2" />
              </SequencePoints>
              <BranchPoints />
              <MethodPoint xsi:type="SequencePoint" vc="8" uspid="105" ordinal="0" offset="0" sl="105" sc="49" el="105" ec="50" bec="0" bev="0" fileid="2" />
            </Method>
            <Method visited="true" cyclomaticComplexity="1" nPathComplexity="0" sequenceCoverage="100" branchCoverage="100" crapScore="1" isConstructor="false" isStatic="false" isGetter="false" isSetter="false">
              <Summary numSequencePoints="1" visitedSequencePoints="1" numBranchPoints="1" visitedBranchPoints="1" sequenceCoverage="100" branchCoverage="100" maxCyclomaticComplexity="1" minCyclomaticComplexity="1" maxCrapScore="1" minCrapScore="1" visitedClasses="0" numClasses="0" visitedMethods="1" numMethods="1" />
              <MetadataToken>100663314</MetadataToken>
              <Name>System.Boolean FormatterClassLibrary.ExpressionFormatter::&lt;UnaryOperatorUsed&gt;b__0(System.String)</Name>
              <FileRef uid="2" />
              <SequencePoints>
                <SequencePoint vc="35" uspid="109" ordinal="0" offset="0" sl="28" sc="62" el="28" ec="84" bec="0" bev="0" fileid="2" />
              </SequencePoints>
              <BranchPoints />
              <MethodPoint xsi:type="SequencePoint" vc="35" uspid="109" ordinal="0" offset="0" sl="28" sc="62" el="28" ec="84" bec="0" bev="0" fileid="2" />
            </Method>
            <Method visited="true" cyclomaticComplexity="1" nPathComplexity="0" sequenceCoverage="100" branchCoverage="100" crapScore="1" isConstructor="false" isStatic="true" isGetter="false" isSetter="false">
              <Summary numSequencePoints="1" visitedSequencePoints="1" numBranchPoints="1" visitedBranchPoints="1" sequenceCoverage="100" branchCoverage="100" maxCyclomaticComplexity="1" minCyclomaticComplexity="1" maxCrapScore="1" minCrapScore="1" visitedClasses="0" numClasses="0" visitedMethods="1" numMethods="1" />
              <MetadataToken>100663315</MetadataToken>
              <Name>System.String FormatterClassLibrary.ExpressionFormatter::&lt;EscapeParentheses&gt;b__4(System.Text.RegularExpressions.Match)</Name>
              <FileRef uid="2" />
              <SequencePoints>
                <SequencePoint vc="10" uspid="110" ordinal="0" offset="0" sl="61" sc="62" el="61" ec="80" bec="0" bev="0" fileid="2" />
              </SequencePoints>
              <BranchPoints />
              <MethodPoint xsi:type="SequencePoint" vc="10" uspid="110" ordinal="0" offset="0" sl="61" sc="62" el="61" ec="80" bec="0" bev="0" fileid="2" />
            </Method>
            <Method visited="true" cyclomaticComplexity="1" nPathComplexity="0" sequenceCoverage="100" branchCoverage="100" crapScore="1" isConstructor="false" isStatic="true" isGetter="false" isSetter="false">
              <Summary numSequencePoints="1" visitedSequencePoints="1" numBranchPoints="1" visitedBranchPoints="1" sequenceCoverage="100" branchCoverage="100" maxCyclomaticComplexity="1" minCyclomaticComplexity="1" maxCrapScore="1" minCrapScore="1" visitedClasses="0" numClasses="0" visitedMethods="1" numMethods="1" />
              <MetadataToken>100663316</MetadataToken>
              <Name>System.String FormatterClassLibrary.ExpressionFormatter::&lt;RemoveParenthesesSpacing&gt;b__6(System.Text.RegularExpressions.Match)</Name>
              <FileRef uid="2" />
              <SequencePoints>
                <SequencePoint vc="18" uspid="111" ordinal="0" offset="0" sl="102" sc="71" el="102" ec="89" bec="0" bev="0" fileid="2" />
              </SequencePoints>
              <BranchPoints />
              <MethodPoint xsi:type="SequencePoint" vc="18" uspid="111" ordinal="0" offset="0" sl="102" sc="71" el="102" ec="89" bec="0" bev="0" fileid="2" />
            </Method>
          </Methods>
        </Class>
        <Class>
          <Summary numSequencePoints="1" visitedSequencePoints="1" numBranchPoints="1" visitedBranchPoints="1" sequenceCoverage="100" branchCoverage="100" maxCyclomaticComplexity="1" minCyclomaticComplexity="1" maxCrapScore="2" minCrapScore="1" visitedClasses="1" numClasses="1" visitedMethods="1" numMethods="1" />
          <FullName>FormatterClassLibrary.ExpressionFormatter/&lt;&gt;c__DisplayClass2</FullName>
          <Methods>
            <Method visited="false" cyclomaticComplexity="1" nPathComplexity="0" sequenceCoverage="0" branchCoverage="0" crapScore="2" isConstructor="true" isStatic="false" isGetter="false" isSetter="false">
              <Summary numSequencePoints="0" visitedSequencePoints="0" numBranchPoints="0" visitedBranchPoints="0" sequenceCoverage="0" branchCoverage="0" maxCyclomaticComplexity="1" minCyclomaticComplexity="1" maxCrapScore="2" minCrapScore="2" visitedClasses="0" numClasses="0" visitedMethods="0" numMethods="0" />
              <MetadataToken>100663322</MetadataToken>
              <Name>System.Void FormatterClassLibrary.ExpressionFormatter/&lt;&gt;c__DisplayClass2::.ctor()</Name>
              <SequencePoints />
              <BranchPoints />
              <MethodPoint vc="0" uspid="112" ordinal="0" offset="0" />
            </Method>
            <Method visited="true" cyclomaticComplexity="1" nPathComplexity="0" sequenceCoverage="100" branchCoverage="100" crapScore="1" isConstructor="false" isStatic="false" isGetter="false" isSetter="false">
              <Summary numSequencePoints="1" visitedSequencePoints="1" numBranchPoints="1" visitedBranchPoints="1" sequenceCoverage="100" branchCoverage="100" maxCyclomaticComplexity="1" minCyclomaticComplexity="1" maxCrapScore="1" minCrapScore="1" visitedClasses="0" numClasses="0" visitedMethods="1" numMethods="1" />
              <MetadataToken>100663323</MetadataToken>
              <Name>System.Boolean FormatterClassLibrary.ExpressionFormatter/&lt;&gt;c__DisplayClass2::&lt;HasUnformattedUnary&gt;b__1(System.String)</Name>
              <FileRef uid="2" />
              <SequencePoints>
                <SequencePoint vc="20" uspid="113" ordinal="0" offset="0" sl="33" sc="40" el="33" ec="87" bec="0" bev="0" fileid="2" />
              </SequencePoints>
              <BranchPoints />
              <MethodPoint xsi:type="SequencePoint" vc="20" uspid="113" ordinal="0" offset="0" sl="33" sc="40" el="33" ec="87" bec="0" bev="0" fileid="2" />
            </Method>
          </Methods>
        </Class>
        <Class>
          <Summary numSequencePoints="13" visitedSequencePoints="13" numBranchPoints="4" visitedBranchPoints="4" sequenceCoverage="100" branchCoverage="100" maxCyclomaticComplexity="1" minCyclomaticComplexity="1" maxCrapScore="2" minCrapScore="1" visitedClasses="1" numClasses="1" visitedMethods="4" numMethods="4" />
          <FullName>FormatterClassLibrary.NumberFormatter</FullName>
          <Methods>
            <Method visited="true" cyclomaticComplexity="1" nPathComplexity="0" sequenceCoverage="100" branchCoverage="100" crapScore="1" isConstructor="false" isStatic="false" isGetter="false" isSetter="false">
              <Summary numSequencePoints="3" visitedSequencePoints="3" numBranchPoints="1" visitedBranchPoints="1" sequenceCoverage="100" branchCoverage="100" maxCyclomaticComplexity="1" minCyclomaticComplexity="1" maxCrapScore="1" minCrapScore="1" visitedClasses="0" numClasses="0" visitedMethods="1" numMethods="1" />
              <MetadataToken>100663317</MetadataToken>
              <Name>System.Decimal FormatterClassLibrary.NumberFormatter::GetInteger(System.String)</Name>
              <FileRef uid="4" />
              <SequencePoints>
                <SequencePoint vc="19" uspid="114" ordinal="0" offset="0" sl="11" sc="51" el="11" ec="52" bec="0" bev="0" fileid="4" />
                <SequencePoint vc="19" uspid="115" ordinal="1" offset="1" sl="13" sc="13" el="13" ec="57" bec="0" bev="0" fileid="4" />
                <SequencePoint vc="18" uspid="116" ordinal="2" offset="15" sl="14" sc="9" el="14" ec="10" bec="0" bev="0" fileid="4" />
              </SequencePoints>
              <BranchPoints />
              <MethodPoint xsi:type="SequencePoint" vc="19" uspid="114" ordinal="0" offset="0" sl="11" sc="51" el="11" ec="52" bec="0" bev="0" fileid="4" />
            </Method>
            <Method visited="true" cyclomaticComplexity="1" nPathComplexity="0" sequenceCoverage="100" branchCoverage="100" crapScore="1" isConstructor="false" isStatic="false" isGetter="false" isSetter="false">
              <Summary numSequencePoints="3" visitedSequencePoints="3" numBranchPoints="1" visitedBranchPoints="1" sequenceCoverage="100" branchCoverage="100" maxCyclomaticComplexity="1" minCyclomaticComplexity="1" maxCrapScore="1" minCrapScore="1" visitedClasses="0" numClasses="0" visitedMethods="1" numMethods="1" />
              <MetadataToken>100663318</MetadataToken>
              <Name>System.String FormatterClassLibrary.NumberFormatter::GetSign(System.String)</Name>
              <FileRef uid="4" />
              <SequencePoints>
                <SequencePoint vc="18" uspid="117" ordinal="0" offset="0" sl="16" sc="47" el="16" ec="48" bec="0" bev="0" fileid="4" />
                <SequencePoint vc="18" uspid="118" ordinal="1" offset="1" sl="18" sc="13" el="18" ec="68" bec="0" bev="0" fileid="4" />
                <SequencePoint vc="18" uspid="119" ordinal="2" offset="25" sl="19" sc="9" el="19" ec="10" bec="0" bev="0" fileid="4" />
              </SequencePoints>
              <BranchPoints />
              <MethodPoint xsi:type="SequencePoint" vc="18" uspid="117" ordinal="0" offset="0" sl="16" sc="47" el="16" ec="48" bec="0" bev="0" fileid="4" />
            </Method>
            <Method visited="true" cyclomaticComplexity="1" nPathComplexity="0" sequenceCoverage="100" branchCoverage="100" crapScore="1" isConstructor="false" isStatic="false" isGetter="false" isSetter="false">
              <Summary numSequencePoints="3" visitedSequencePoints="3" numBranchPoints="1" visitedBranchPoints="1" sequenceCoverage="100" branchCoverage="100" maxCyclomaticComplexity="1" minCyclomaticComplexity="1" maxCrapScore="1" minCrapScore="1" visitedClasses="0" numClasses="0" visitedMethods="1" numMethods="1" />
              <MetadataToken>100663319</MetadataToken>
              <Name>System.String FormatterClassLibrary.NumberFormatter::GetDecimals(System.String)</Name>
              <FileRef uid="4" />
              <SequencePoints>
                <SequencePoint vc="18" uspid="120" ordinal="0" offset="0" sl="21" sc="51" el="21" ec="52" bec="0" bev="0" fileid="4" />
                <SequencePoint vc="18" uspid="121" ordinal="1" offset="1" sl="23" sc="13" el="23" ec="56" bec="0" bev="0" fileid="4" />
                <SequencePoint vc="18" uspid="122" ordinal="2" offset="20" sl="24" sc="9" el="24" ec="10" bec="0" bev="0" fileid="4" />
              </SequencePoints>
              <BranchPoints />
              <MethodPoint xsi:type="SequencePoint" vc="18" uspid="120" ordinal="0" offset="0" sl="21" sc="51" el="21" ec="52" bec="0" bev="0" fileid="4" />
            </Method>
            <Method visited="true" cyclomaticComplexity="1" nPathComplexity="0" sequenceCoverage="100" branchCoverage="100" crapScore="1" isConstructor="false" isStatic="false" isGetter="false" isSetter="false">
              <Summary numSequencePoints="4" visitedSequencePoints="4" numBranchPoints="1" visitedBranchPoints="1" sequenceCoverage="100" branchCoverage="100" maxCyclomaticComplexity="1" minCyclomaticComplexity="1" maxCrapScore="1" minCrapScore="1" visitedClasses="0" numClasses="0" visitedMethods="1" numMethods="1" />
              <MetadataToken>100663320</MetadataToken>
              <Name>System.String FormatterClassLibrary.NumberFormatter::Format(System.String)</Name>
              <FileRef uid="4" />
              <SequencePoints>
                <SequencePoint vc="19" uspid="123" ordinal="0" offset="0" sl="26" sc="45" el="26" ec="46" bec="0" bev="0" fileid="4" />
                <SequencePoint vc="19" uspid="124" ordinal="1" offset="1" sl="28" sc="13" el="28" ec="74" bec="0" bev="0" fileid="4" />
                <SequencePoint vc="18" uspid="125" ordinal="2" offset="27" sl="30" sc="13" el="30" ec="68" bec="0" bev="0" fileid="4" />
                <SequencePoint vc="18" uspid="126" ordinal="3" offset="50" sl="31" sc="9" el="31" ec="10" bec="0" bev="0" fileid="4" />
              </SequencePoints>
              <BranchPoints />
              <MethodPoint xsi:type="SequencePoint" vc="19" uspid="123" ordinal="0" offset="0" sl="26" sc="45" el="26" ec="46" bec="0" bev="0" fileid="4" />
            </Method>
            <Method visited="false" cyclomaticComplexity="1" nPathComplexity="0" sequenceCoverage="0" branchCoverage="0" crapScore="2" isConstructor="true" isStatic="false" isGetter="false" isSetter="false">
              <Summary numSequencePoints="0" visitedSequencePoints="0" numBranchPoints="0" visitedBranchPoints="0" sequenceCoverage="0" branchCoverage="0" maxCyclomaticComplexity="1" minCyclomaticComplexity="1" maxCrapScore="2" minCrapScore="2" visitedClasses="0" numClasses="0" visitedMethods="0" numMethods="0" />
              <MetadataToken>100663321</MetadataToken>
              <Name>System.Void FormatterClassLibrary.NumberFormatter::.ctor()</Name>
              <SequencePoints />
              <BranchPoints />
              <MethodPoint vc="0" uspid="127" ordinal="0" offset="0" />
            </Method>
          </Methods>
        </Class>
      </Classes>
    </Module>
  </Modules>
</CoverageSession>