<?xml version="1.0" encoding="utf-8"?>
<CoverageSession xmlns:xsd="http://www.w3.org/2001/XMLSchema" xmlns:xsi="http://www.w3.org/2001/XMLSchema-instance" Version="4.6.0.0">
  <Summary numSequencePoints="216" visitedSequencePoints="212" numBranchPoints="77" visitedBranchPoints="75" sequenceCoverage="98.15" branchCoverage="97.40" maxCyclomaticComplexity="7" minCyclomaticComplexity="1" maxCrapScore="7" minCrapScore="1" visitedClasses="5" numClasses="5" visitedMethods="45" numMethods="45" />
  <Modules>
    <Module hash="A4-F7-AC-A4-F4-A8-B2-CD-E3-F0-B0-3E-3A-DB-A5-F0-F9-26-E1-3A">
      <Summary numSequencePoints="53" visitedSequencePoints="51" numBranchPoints="21" visitedBranchPoints="20" sequenceCoverage="96.23" branchCoverage="95.24" maxCyclomaticComplexity="6" minCyclomaticComplexity="1" maxCrapScore="6" minCrapScore="1" visitedClasses="1" numClasses="1" visitedMethods="17" numMethods="17" />
      <ModulePath>D:\mock_up_calculator\Calculator\CalculatorTest\bin\Debug\CalculatorClassLibrary.dll</ModulePath>
      <ModuleTime>2018-04-20T06:45:57.0239604Z</ModuleTime>
      <ModuleName>CalculatorClassLibrary</ModuleName>
      <Files>
        <File uid="1" fullPath="d:\mock_up_calculator\Calculator\CalculatorClassLibrary\Calculator.cs" />
      </Files>
      <Classes>
        <Class>
          <Summary numSequencePoints="53" visitedSequencePoints="51" numBranchPoints="21" visitedBranchPoints="20" sequenceCoverage="96.23" branchCoverage="95.24" maxCyclomaticComplexity="6" minCyclomaticComplexity="1" maxCrapScore="6" minCrapScore="1" visitedClasses="1" numClasses="1" visitedMethods="17" numMethods="17" />
          <FullName>CalculatorClassLibrary.Calculator</FullName>
          <Methods>
            <Method skippedDueTo="AutoImplementedProperty" visited="false" cyclomaticComplexity="1" nPathComplexity="0" sequenceCoverage="0" branchCoverage="0" crapScore="0" isConstructor="false" isStatic="false" isGetter="true" isSetter="false">
              <MetadataToken>100663298</MetadataToken>
              <Name>System.Collections.Generic.Dictionary`2&lt;System.String,System.Func`3&lt;System.Decimal,System.Decimal,System.Decimal&gt;&gt; CalculatorClassLibrary.Calculator::get_Expression()</Name>
              <SequencePoints />
              <BranchPoints />
            </Method>
            <Method skippedDueTo="AutoImplementedProperty" visited="false" cyclomaticComplexity="1" nPathComplexity="0" sequenceCoverage="0" branchCoverage="0" crapScore="0" isConstructor="false" isStatic="false" isGetter="false" isSetter="true">
              <MetadataToken>100663299</MetadataToken>
              <Name>System.Void CalculatorClassLibrary.Calculator::set_Expression(System.Collections.Generic.Dictionary`2&lt;System.String,System.Func`3&lt;System.Decimal,System.Decimal,System.Decimal&gt;&gt;)</Name>
              <SequencePoints />
              <BranchPoints />
            </Method>
            <Method visited="true" cyclomaticComplexity="1" nPathComplexity="0" sequenceCoverage="100" branchCoverage="100" crapScore="1" isConstructor="true" isStatic="false" isGetter="false" isSetter="false">
              <Summary numSequencePoints="4" visitedSequencePoints="4" numBranchPoints="1" visitedBranchPoints="1" sequenceCoverage="100" branchCoverage="100" maxCyclomaticComplexity="1" minCyclomaticComplexity="1" maxCrapScore="1" minCrapScore="1" visitedClasses="0" numClasses="0" visitedMethods="1" numMethods="1" />
              <MetadataToken>100663300</MetadataToken>
              <Name>System.Void CalculatorClassLibrary.Calculator::.ctor()</Name>
              <FileRef uid="1" />
              <SequencePoints>
                <SequencePoint vc="11" uspid="1" ordinal="0" offset="0" sl="13" sc="9" el="13" ec="28" bec="0" bev="0" fileid="1" />
                <SequencePoint vc="11" uspid="2" ordinal="1" offset="7" sl="13" sc="29" el="13" ec="30" bec="0" bev="0" fileid="1" />
                <SequencePoint vc="11" uspid="3" ordinal="2" offset="8" sl="15" sc="13" el="15" ec="26" bec="0" bev="0" fileid="1" />
                <SequencePoint vc="11" uspid="4" ordinal="3" offset="15" sl="16" sc="9" el="16" ec="10" bec="0" bev="0" fileid="1" />
              </SequencePoints>
              <BranchPoints />
              <MethodPoint xsi:type="SequencePoint" vc="11" uspid="1" ordinal="0" offset="0" sl="13" sc="9" el="13" ec="28" bec="0" bev="0" fileid="1" />
            </Method>
            <Method visited="true" cyclomaticComplexity="6" nPathComplexity="0" sequenceCoverage="100" branchCoverage="100" crapScore="6" isConstructor="false" isStatic="false" isGetter="false" isSetter="false">
              <Summary numSequencePoints="14" visitedSequencePoints="14" numBranchPoints="1" visitedBranchPoints="1" sequenceCoverage="100" branchCoverage="100" maxCyclomaticComplexity="6" minCyclomaticComplexity="6" maxCrapScore="6" minCrapScore="6" visitedClasses="0" numClasses="0" visitedMethods="1" numMethods="1" />
              <MetadataToken>100663301</MetadataToken>
              <Name>System.Void CalculatorClassLibrary.Calculator::initialize()</Name>
              <FileRef uid="1" />
              <SequencePoints>
                <SequencePoint vc="11" uspid="5" ordinal="0" offset="0" sl="18" sc="35" el="18" ec="36" bec="0" bev="0" fileid="1" />
                <SequencePoint vc="11" uspid="6" ordinal="1" offset="1" sl="20" sc="13" el="20" ec="84" bec="0" bev="0" fileid="1" />
                <SequencePoint vc="11" uspid="7" ordinal="2" offset="13" sl="22" sc="13" el="22" ec="55" bec="0" bev="0" fileid="1" />
                <SequencePoint vc="11" uspid="8" ordinal="3" offset="61" sl="23" sc="13" el="23" ec="55" bec="0" bev="0" fileid="1" />
                <SequencePoint vc="11" uspid="9" ordinal="4" offset="109" sl="24" sc="13" el="24" ec="55" bec="0" bev="0" fileid="1" />
                <SequencePoint vc="11" uspid="10" ordinal="5" offset="157" sl="25" sc="13" el="25" ec="55" bec="0" bev="0" fileid="1" />
                <SequencePoint vc="11" uspid="11" ordinal="6" offset="205" sl="26" sc="13" el="26" ec="55" bec="0" bev="0" fileid="1" />
                <SequencePoint vc="11" uspid="12" ordinal="7" offset="253" sl="27" sc="13" el="27" ec="44" bec="0" bev="0" fileid="1" />
                <SequencePoint vc="11" uspid="13" ordinal="8" offset="282" sl="28" sc="13" el="28" ec="42" bec="0" bev="0" fileid="1" />
                <SequencePoint vc="11" uspid="14" ordinal="9" offset="311" sl="29" sc="13" el="29" ec="51" bec="0" bev="0" fileid="1" />
                <SequencePoint vc="11" uspid="15" ordinal="10" offset="340" sl="30" sc="13" el="30" ec="64" bec="0" bev="0" fileid="1" />
                <SequencePoint vc="11" uspid="16" ordinal="11" offset="369" sl="31" sc="13" el="31" ec="58" bec="0" bev="0" fileid="1" />
                <SequencePoint vc="11" uspid="17" ordinal="12" offset="398" sl="32" sc="13" el="32" ec="68" bec="0" bev="0" fileid="1" />
                <SequencePoint vc="11" uspid="18" ordinal="13" offset="427" sl="33" sc="9" el="33" ec="10" bec="0" bev="0" fileid="1" />
              </SequencePoints>
              <BranchPoints />
              <MethodPoint xsi:type="SequencePoint" vc="11" uspid="5" ordinal="0" offset="0" sl="18" sc="35" el="18" ec="36" bec="0" bev="0" fileid="1" />
            </Method>
            <Method visited="true" cyclomaticComplexity="1" nPathComplexity="0" sequenceCoverage="100" branchCoverage="100" crapScore="1" isConstructor="false" isStatic="false" isGetter="false" isSetter="false">
              <Summary numSequencePoints="3" visitedSequencePoints="3" numBranchPoints="1" visitedBranchPoints="1" sequenceCoverage="100" branchCoverage="100" maxCyclomaticComplexity="1" minCyclomaticComplexity="1" maxCrapScore="1" minCrapScore="1" visitedClasses="0" numClasses="0" visitedMethods="1" numMethods="1" />
              <MetadataToken>100663302</MetadataToken>
              <Name>System.Decimal CalculatorClassLibrary.Calculator::RaiseToPower(System.Decimal,System.Decimal)</Name>
              <FileRef uid="1" />
              <SequencePoints>
                <SequencePoint vc="4" uspid="29" ordinal="0" offset="0" sl="35" sc="69" el="35" ec="70" bec="0" bev="0" fileid="1" />
                <SequencePoint vc="4" uspid="30" ordinal="1" offset="1" sl="37" sc="13" el="37" ec="69" bec="0" bev="0" fileid="1" />
                <SequencePoint vc="4" uspid="31" ordinal="2" offset="29" sl="38" sc="9" el="38" ec="10" bec="0" bev="0" fileid="1" />
              </SequencePoints>
              <BranchPoints />
              <MethodPoint xsi:type="SequencePoint" vc="4" uspid="29" ordinal="0" offset="0" sl="35" sc="69" el="35" ec="70" bec="0" bev="0" fileid="1" />
            </Method>
            <Method visited="true" cyclomaticComplexity="2" nPathComplexity="2" sequenceCoverage="100" branchCoverage="100" crapScore="2" isConstructor="false" isStatic="false" isGetter="false" isSetter="false">
              <Summary numSequencePoints="6" visitedSequencePoints="6" numBranchPoints="3" visitedBranchPoints="3" sequenceCoverage="100" branchCoverage="100" maxCyclomaticComplexity="2" minCyclomaticComplexity="2" maxCrapScore="2" minCrapScore="2" visitedClasses="0" numClasses="0" visitedMethods="1" numMethods="1" />
              <MetadataToken>100663303</MetadataToken>
              <Name>System.Decimal CalculatorClassLibrary.Calculator::NthRoot(System.Decimal,System.Decimal)</Name>
              <FileRef uid="1" />
              <SequencePoints>
                <SequencePoint vc="3" uspid="32" ordinal="0" offset="0" sl="40" sc="64" el="40" ec="65" bec="0" bev="0" fileid="1" />
                <SequencePoint vc="3" uspid="33" ordinal="1" offset="1" sl="42" sc="13" el="42" ec="27" bec="2" bev="2" fileid="1" />
                <SequencePoint vc="1" uspid="34" ordinal="2" offset="20" sl="42" sc="28" el="42" ec="29" bec="0" bev="0" fileid="1" />
                <SequencePoint vc="1" uspid="35" ordinal="3" offset="21" sl="44" sc="17" el="44" ec="59" bec="0" bev="0" fileid="1" />
                <SequencePoint vc="2" uspid="36" ordinal="4" offset="42" sl="47" sc="13" el="47" ec="73" bec="0" bev="0" fileid="1" />
                <SequencePoint vc="3" uspid="37" ordinal="5" offset="80" sl="48" sc="9" el="48" ec="10" bec="0" bev="0" fileid="1" />
              </SequencePoints>
              <BranchPoints>
                <BranchPoint vc="1" uspid="38" ordinal="0" offset="18" sl="42" path="0" offsetend="20" fileid="1" />
                <BranchPoint vc="2" uspid="39" ordinal="1" offset="18" sl="42" path="1" offsetend="42" fileid="1" />
              </BranchPoints>
              <MethodPoint xsi:type="SequencePoint" vc="3" uspid="32" ordinal="0" offset="0" sl="40" sc="64" el="40" ec="65" bec="0" bev="0" fileid="1" />
            </Method>
            <Method visited="true" cyclomaticComplexity="1" nPathComplexity="0" sequenceCoverage="100" branchCoverage="100" crapScore="1" isConstructor="false" isStatic="false" isGetter="false" isSetter="false">
              <Summary numSequencePoints="3" visitedSequencePoints="3" numBranchPoints="1" visitedBranchPoints="1" sequenceCoverage="100" branchCoverage="100" maxCyclomaticComplexity="1" minCyclomaticComplexity="1" maxCrapScore="1" minCrapScore="1" visitedClasses="0" numClasses="0" visitedMethods="1" numMethods="1" />
              <MetadataToken>100663304</MetadataToken>
              <Name>System.Decimal CalculatorClassLibrary.Calculator::RaiseToPowerOfTen(System.Decimal,System.Decimal)</Name>
              <FileRef uid="1" />
              <SequencePoints>
                <SequencePoint vc="3" uspid="40" ordinal="0" offset="0" sl="50" sc="74" el="50" ec="75" bec="0" bev="0" fileid="1" />
                <SequencePoint vc="3" uspid="41" ordinal="1" offset="1" sl="52" sc="13" el="52" ec="66" bec="0" bev="0" fileid="1" />
                <SequencePoint vc="3" uspid="42" ordinal="2" offset="37" sl="53" sc="9" el="53" ec="10" bec="0" bev="0" fileid="1" />
              </SequencePoints>
              <BranchPoints />
              <MethodPoint xsi:type="SequencePoint" vc="3" uspid="40" ordinal="0" offset="0" sl="50" sc="74" el="50" ec="75" bec="0" bev="0" fileid="1" />
            </Method>
            <Method visited="true" cyclomaticComplexity="1" nPathComplexity="0" sequenceCoverage="100" branchCoverage="100" crapScore="1" isConstructor="false" isStatic="false" isGetter="false" isSetter="false">
              <Summary numSequencePoints="3" visitedSequencePoints="3" numBranchPoints="1" visitedBranchPoints="1" sequenceCoverage="100" branchCoverage="100" maxCyclomaticComplexity="1" minCyclomaticComplexity="1" maxCrapScore="1" minCrapScore="1" visitedClasses="0" numClasses="0" visitedMethods="1" numMethods="1" />
              <MetadataToken>100663305</MetadataToken>
              <Name>System.Decimal CalculatorClassLibrary.Calculator::Exponential(System.Decimal)</Name>
              <FileRef uid="1" />
              <SequencePoints>
                <SequencePoint vc="3" uspid="43" ordinal="0" offset="0" sl="55" sc="52" el="55" ec="53" bec="0" bev="0" fileid="1" />
                <SequencePoint vc="3" uspid="44" ordinal="1" offset="1" sl="57" sc="13" el="57" ec="53" bec="0" bev="0" fileid="1" />
                <SequencePoint vc="3" uspid="45" ordinal="2" offset="22" sl="58" sc="9" el="58" ec="10" bec="0" bev="0" fileid="1" />
              </SequencePoints>
              <BranchPoints />
              <MethodPoint xsi:type="SequencePoint" vc="3" uspid="43" ordinal="0" offset="0" sl="55" sc="52" el="55" ec="53" bec="0" bev="0" fileid="1" />
            </Method>
            <Method visited="true" cyclomaticComplexity="1" nPathComplexity="0" sequenceCoverage="100" branchCoverage="100" crapScore="1" isConstructor="false" isStatic="false" isGetter="false" isSetter="false">
              <Summary numSequencePoints="3" visitedSequencePoints="3" numBranchPoints="1" visitedBranchPoints="1" sequenceCoverage="100" branchCoverage="100" maxCyclomaticComplexity="1" minCyclomaticComplexity="1" maxCrapScore="1" minCrapScore="1" visitedClasses="0" numClasses="0" visitedMethods="1" numMethods="1" />
              <MetadataToken>100663306</MetadataToken>
              <Name>System.Decimal CalculatorClassLibrary.Calculator::Log10(System.Decimal)</Name>
              <FileRef uid="1" />
              <SequencePoints>
                <SequencePoint vc="3" uspid="46" ordinal="0" offset="0" sl="60" sc="47" el="60" ec="48" bec="0" bev="0" fileid="1" />
                <SequencePoint vc="3" uspid="47" ordinal="1" offset="1" sl="62" sc="13" el="62" ec="56" bec="0" bev="0" fileid="1" />
                <SequencePoint vc="3" uspid="48" ordinal="2" offset="22" sl="63" sc="9" el="63" ec="10" bec="0" bev="0" fileid="1" />
              </SequencePoints>
              <BranchPoints />
              <MethodPoint xsi:type="SequencePoint" vc="3" uspid="46" ordinal="0" offset="0" sl="60" sc="47" el="60" ec="48" bec="0" bev="0" fileid="1" />
            </Method>
            <Method visited="true" cyclomaticComplexity="1" nPathComplexity="0" sequenceCoverage="100" branchCoverage="100" crapScore="1" isConstructor="false" isStatic="false" isGetter="false" isSetter="false">
              <Summary numSequencePoints="3" visitedSequencePoints="3" numBranchPoints="1" visitedBranchPoints="1" sequenceCoverage="100" branchCoverage="100" maxCyclomaticComplexity="1" minCyclomaticComplexity="1" maxCrapScore="1" minCrapScore="1" visitedClasses="0" numClasses="0" visitedMethods="1" numMethods="1" />
              <MetadataToken>100663307</MetadataToken>
              <Name>System.Decimal CalculatorClassLibrary.Calculator::NaturalLogarithm(System.Decimal)</Name>
              <FileRef uid="1" />
              <SequencePoints>
                <SequencePoint vc="3" uspid="49" ordinal="0" offset="0" sl="65" sc="58" el="65" ec="59" bec="0" bev="0" fileid="1" />
                <SequencePoint vc="3" uspid="50" ordinal="1" offset="1" sl="67" sc="13" el="67" ec="75" bec="0" bev="0" fileid="1" />
                <SequencePoint vc="3" uspid="51" ordinal="2" offset="37" sl="68" sc="9" el="68" ec="10" bec="0" bev="0" fileid="1" />
              </SequencePoints>
              <BranchPoints />
              <MethodPoint xsi:type="SequencePoint" vc="3" uspid="49" ordinal="0" offset="0" sl="65" sc="58" el="65" ec="59" bec="0" bev="0" fileid="1" />
            </Method>
            <Method visited="true" cyclomaticComplexity="2" nPathComplexity="2" sequenceCoverage="66.67" branchCoverage="66.67" crapScore="2.15" isConstructor="false" isStatic="false" isGetter="false" isSetter="false">
              <Summary numSequencePoints="6" visitedSequencePoints="4" numBranchPoints="3" visitedBranchPoints="2" sequenceCoverage="66.67" branchCoverage="66.67" maxCyclomaticComplexity="2" minCyclomaticComplexity="2" maxCrapScore="2.15" minCrapScore="2.15" visitedClasses="0" numClasses="0" visitedMethods="1" numMethods="1" />
              <MetadataToken>100663308</MetadataToken>
              <Name>System.Decimal CalculatorClassLibrary.Calculator::Evaluate(System.String,System.Decimal,System.Decimal)</Name>
              <FileRef uid="1" />
              <SequencePoints>
                <SequencePoint vc="39" uspid="52" ordinal="0" offset="0" sl="70" sc="83" el="70" ec="84" bec="0" bev="0" fileid="1" />
                <SequencePoint vc="39" uspid="53" ordinal="1" offset="1" sl="72" sc="13" el="72" ec="47" bec="2" bev="1" fileid="1" />
                <SequencePoint vc="0" uspid="54" ordinal="2" offset="17" sl="72" sc="48" el="72" ec="49" bec="0" bev="0" fileid="1" />
                <SequencePoint vc="0" uspid="55" ordinal="3" offset="18" sl="74" sc="17" el="74" ec="66" bec="0" bev="0" fileid="1" />
                <SequencePoint vc="39" uspid="56" ordinal="4" offset="29" sl="77" sc="13" el="77" ec="58" bec="0" bev="0" fileid="1" />
                <SequencePoint vc="39" uspid="57" ordinal="5" offset="51" sl="78" sc="9" el="78" ec="10" bec="0" bev="0" fileid="1" />
              </SequencePoints>
              <BranchPoints>
                <BranchPoint vc="0" uspid="58" ordinal="0" offset="15" sl="72" path="0" offsetend="17" fileid="1" />
                <BranchPoint vc="39" uspid="59" ordinal="1" offset="15" sl="72" path="1" offsetend="29" fileid="1" />
              </BranchPoints>
              <MethodPoint xsi:type="SequencePoint" vc="39" uspid="52" ordinal="0" offset="0" sl="70" sc="83" el="70" ec="84" bec="0" bev="0" fileid="1" />
            </Method>
            <Method visited="true" cyclomaticComplexity="1" nPathComplexity="0" sequenceCoverage="100" branchCoverage="100" crapScore="1" isConstructor="false" isStatic="true" isGetter="false" isSetter="false">
              <Summary numSequencePoints="1" visitedSequencePoints="1" numBranchPoints="1" visitedBranchPoints="1" sequenceCoverage="100" branchCoverage="100" maxCyclomaticComplexity="1" minCyclomaticComplexity="1" maxCrapScore="1" minCrapScore="1" visitedClasses="0" numClasses="0" visitedMethods="1" numMethods="1" />
              <MetadataToken>100663309</MetadataToken>
              <Name>System.Decimal CalculatorClassLibrary.Calculator::&lt;initialize&gt;b__0(System.Decimal,System.Decimal)</Name>
              <FileRef uid="1" />
              <SequencePoints>
                <SequencePoint vc="4" uspid="60" ordinal="0" offset="0" sl="22" sc="45" el="22" ec="54" bec="0" bev="0" fileid="1" />
              </SequencePoints>
              <BranchPoints />
              <MethodPoint xsi:type="SequencePoint" vc="4" uspid="60" ordinal="0" offset="0" sl="22" sc="45" el="22" ec="54" bec="0" bev="0" fileid="1" />
            </Method>
            <Method visited="true" cyclomaticComplexity="1" nPathComplexity="0" sequenceCoverage="100" branchCoverage="100" crapScore="1" isConstructor="false" isStatic="true" isGetter="false" isSetter="false">
              <Summary numSequencePoints="1" visitedSequencePoints="1" numBranchPoints="1" visitedBranchPoints="1" sequenceCoverage="100" branchCoverage="100" maxCyclomaticComplexity="1" minCyclomaticComplexity="1" maxCrapScore="1" minCrapScore="1" visitedClasses="0" numClasses="0" visitedMethods="1" numMethods="1" />
              <MetadataToken>100663310</MetadataToken>
              <Name>System.Decimal CalculatorClassLibrary.Calculator::&lt;initialize&gt;b__1(System.Decimal,System.Decimal)</Name>
              <FileRef uid="1" />
              <SequencePoints>
                <SequencePoint vc="4" uspid="61" ordinal="0" offset="0" sl="23" sc="45" el="23" ec="54" bec="0" bev="0" fileid="1" />
              </SequencePoints>
              <BranchPoints />
              <MethodPoint xsi:type="SequencePoint" vc="4" uspid="61" ordinal="0" offset="0" sl="23" sc="45" el="23" ec="54" bec="0" bev="0" fileid="1" />
            </Method>
            <Method visited="true" cyclomaticComplexity="1" nPathComplexity="0" sequenceCoverage="100" branchCoverage="100" crapScore="1" isConstructor="false" isStatic="true" isGetter="false" isSetter="false">
              <Summary numSequencePoints="1" visitedSequencePoints="1" numBranchPoints="1" visitedBranchPoints="1" sequenceCoverage="100" branchCoverage="100" maxCyclomaticComplexity="1" minCyclomaticComplexity="1" maxCrapScore="1" minCrapScore="1" visitedClasses="0" numClasses="0" visitedMethods="1" numMethods="1" />
              <MetadataToken>100663311</MetadataToken>
              <Name>System.Decimal CalculatorClassLibrary.Calculator::&lt;initialize&gt;b__2(System.Decimal,System.Decimal)</Name>
              <FileRef uid="1" />
              <SequencePoints>
                <SequencePoint vc="4" uspid="62" ordinal="0" offset="0" sl="24" sc="45" el="24" ec="54" bec="0" bev="0" fileid="1" />
              </SequencePoints>
              <BranchPoints />
              <MethodPoint xsi:type="SequencePoint" vc="4" uspid="62" ordinal="0" offset="0" sl="24" sc="45" el="24" ec="54" bec="0" bev="0" fileid="1" />
            </Method>
            <Method visited="true" cyclomaticComplexity="1" nPathComplexity="0" sequenceCoverage="100" branchCoverage="100" crapScore="1" isConstructor="false" isStatic="true" isGetter="false" isSetter="false">
              <Summary numSequencePoints="1" visitedSequencePoints="1" numBranchPoints="1" visitedBranchPoints="1" sequenceCoverage="100" branchCoverage="100" maxCyclomaticComplexity="1" minCyclomaticComplexity="1" maxCrapScore="1" minCrapScore="1" visitedClasses="0" numClasses="0" visitedMethods="1" numMethods="1" />
              <MetadataToken>100663312</MetadataToken>
              <Name>System.Decimal CalculatorClassLibrary.Calculator::&lt;initialize&gt;b__3(System.Decimal,System.Decimal)</Name>
              <FileRef uid="1" />
              <SequencePoints>
                <SequencePoint vc="4" uspid="63" ordinal="0" offset="0" sl="25" sc="45" el="25" ec="54" bec="0" bev="0" fileid="1" />
              </SequencePoints>
              <BranchPoints />
              <MethodPoint xsi:type="SequencePoint" vc="4" uspid="63" ordinal="0" offset="0" sl="25" sc="45" el="25" ec="54" bec="0" bev="0" fileid="1" />
            </Method>
            <Method visited="true" cyclomaticComplexity="1" nPathComplexity="0" sequenceCoverage="100" branchCoverage="100" crapScore="1" isConstructor="false" isStatic="true" isGetter="false" isSetter="false">
              <Summary numSequencePoints="1" visitedSequencePoints="1" numBranchPoints="1" visitedBranchPoints="1" sequenceCoverage="100" branchCoverage="100" maxCyclomaticComplexity="1" minCyclomaticComplexity="1" maxCrapScore="1" minCrapScore="1" visitedClasses="0" numClasses="0" visitedMethods="1" numMethods="1" />
              <MetadataToken>100663313</MetadataToken>
              <Name>System.Decimal CalculatorClassLibrary.Calculator::&lt;initialize&gt;b__4(System.Decimal,System.Decimal)</Name>
              <FileRef uid="1" />
              <SequencePoints>
                <SequencePoint vc="4" uspid="64" ordinal="0" offset="0" sl="26" sc="45" el="26" ec="54" bec="0" bev="0" fileid="1" />
              </SequencePoints>
              <BranchPoints />
              <MethodPoint xsi:type="SequencePoint" vc="4" uspid="64" ordinal="0" offset="0" sl="26" sc="45" el="26" ec="54" bec="0" bev="0" fileid="1" />
            </Method>
            <Method visited="true" cyclomaticComplexity="1" nPathComplexity="0" sequenceCoverage="100" branchCoverage="100" crapScore="1" isConstructor="false" isStatic="false" isGetter="false" isSetter="false">
              <Summary numSequencePoints="1" visitedSequencePoints="1" numBranchPoints="1" visitedBranchPoints="1" sequenceCoverage="100" branchCoverage="100" maxCyclomaticComplexity="1" minCyclomaticComplexity="1" maxCrapScore="1" minCrapScore="1" visitedClasses="0" numClasses="0" visitedMethods="1" numMethods="1" />
              <MetadataToken>100663314</MetadataToken>
              <Name>System.Decimal CalculatorClassLibrary.Calculator::&lt;initialize&gt;b__5(System.Decimal,System.Decimal)</Name>
              <FileRef uid="1" />
              <SequencePoints>
                <SequencePoint vc="3" uspid="65" ordinal="0" offset="0" sl="30" sc="47" el="30" ec="63" bec="0" bev="0" fileid="1" />
              </SequencePoints>
              <BranchPoints />
              <MethodPoint xsi:type="SequencePoint" vc="3" uspid="65" ordinal="0" offset="0" sl="30" sc="47" el="30" ec="63" bec="0" bev="0" fileid="1" />
            </Method>
            <Method visited="true" cyclomaticComplexity="1" nPathComplexity="0" sequenceCoverage="100" branchCoverage="100" crapScore="1" isConstructor="false" isStatic="false" isGetter="false" isSetter="false">
              <Summary numSequencePoints="1" visitedSequencePoints="1" numBranchPoints="1" visitedBranchPoints="1" sequenceCoverage="100" branchCoverage="100" maxCyclomaticComplexity="1" minCyclomaticComplexity="1" maxCrapScore="1" minCrapScore="1" visitedClasses="0" numClasses="0" visitedMethods="1" numMethods="1" />
              <MetadataToken>100663315</MetadataToken>
              <Name>System.Decimal CalculatorClassLibrary.Calculator::&lt;initialize&gt;b__6(System.Decimal,System.Decimal)</Name>
              <FileRef uid="1" />
              <SequencePoints>
                <SequencePoint vc="3" uspid="66" ordinal="0" offset="0" sl="31" sc="47" el="31" ec="57" bec="0" bev="0" fileid="1" />
              </SequencePoints>
              <BranchPoints />
              <MethodPoint xsi:type="SequencePoint" vc="3" uspid="66" ordinal="0" offset="0" sl="31" sc="47" el="31" ec="57" bec="0" bev="0" fileid="1" />
            </Method>
            <Method visited="true" cyclomaticComplexity="1" nPathComplexity="0" sequenceCoverage="100" branchCoverage="100" crapScore="1" isConstructor="false" isStatic="false" isGetter="false" isSetter="false">
              <Summary numSequencePoints="1" visitedSequencePoints="1" numBranchPoints="1" visitedBranchPoints="1" sequenceCoverage="100" branchCoverage="100" maxCyclomaticComplexity="1" minCyclomaticComplexity="1" maxCrapScore="1" minCrapScore="1" visitedClasses="0" numClasses="0" visitedMethods="1" numMethods="1" />
              <MetadataToken>100663316</MetadataToken>
              <Name>System.Decimal CalculatorClassLibrary.Calculator::&lt;initialize&gt;b__7(System.Decimal,System.Decimal)</Name>
              <FileRef uid="1" />
              <SequencePoints>
                <SequencePoint vc="3" uspid="67" ordinal="0" offset="0" sl="32" sc="46" el="32" ec="67" bec="0" bev="0" fileid="1" />
              </SequencePoints>
              <BranchPoints />
              <MethodPoint xsi:type="SequencePoint" vc="3" uspid="67" ordinal="0" offset="0" sl="32" sc="46" el="32" ec="67" bec="0" bev="0" fileid="1" />
            </Method>
          </Methods>
        </Class>
      </Classes>
    </Module>
    <Module hash="20-C0-F4-48-5A-AC-E3-C2-A6-D3-B8-41-3C-A2-EA-40-C8-BE-19-DB">
      <Summary numSequencePoints="56" visitedSequencePoints="56" numBranchPoints="18" visitedBranchPoints="18" sequenceCoverage="100" branchCoverage="100" maxCyclomaticComplexity="3" minCyclomaticComplexity="1" maxCrapScore="3" minCrapScore="1" visitedClasses="2" numClasses="2" visitedMethods="10" numMethods="10" />
      <ModulePath>D:\mock_up_calculator\Calculator\ConverterTest\bin\Debug\ConverterClassLibrary.dll</ModulePath>
      <ModuleTime>2018-04-20T05:16:44.7017703Z</ModuleTime>
      <ModuleName>ConverterClassLibrary</ModuleName>
      <Files>
        <File uid="3" fullPath="d:\mock_up_calculator\Calculator\ConverterClassLibrary\OperatorConverter.cs" />
        <File uid="4" fullPath="d:\mock_up_calculator\Calculator\ConverterClassLibrary\UnitConverter.cs" />
      </Files>
      <Classes>
        <Class>
          <Summary numSequencePoints="30" visitedSequencePoints="30" numBranchPoints="9" visitedBranchPoints="9" sequenceCoverage="100" branchCoverage="100" maxCyclomaticComplexity="2" minCyclomaticComplexity="1" maxCrapScore="2" minCrapScore="1" visitedClasses="1" numClasses="1" visitedMethods="5" numMethods="5" />
          <FullName>ConverterClassLibrary.OperatorConverter</FullName>
          <Methods>
            <Method skippedDueTo="AutoImplementedProperty" visited="false" cyclomaticComplexity="1" nPathComplexity="0" sequenceCoverage="0" branchCoverage="0" crapScore="0" isConstructor="false" isStatic="false" isGetter="true" isSetter="false">
              <MetadataToken>100663304</MetadataToken>
              <Name>System.Collections.Generic.Dictionary`2&lt;System.String,System.Int32&gt; ConverterClassLibrary.OperatorConverter::get_Values()</Name>
              <SequencePoints />
              <BranchPoints />
            </Method>
            <Method skippedDueTo="AutoImplementedProperty" visited="false" cyclomaticComplexity="1" nPathComplexity="0" sequenceCoverage="0" branchCoverage="0" crapScore="0" isConstructor="false" isStatic="false" isGetter="false" isSetter="true">
              <MetadataToken>100663305</MetadataToken>
              <Name>System.Void ConverterClassLibrary.OperatorConverter::set_Values(System.Collections.Generic.Dictionary`2&lt;System.String,System.Int32&gt;)</Name>
              <SequencePoints />
              <BranchPoints />
            </Method>
            <Method skippedDueTo="AutoImplementedProperty" visited="false" cyclomaticComplexity="1" nPathComplexity="0" sequenceCoverage="0" branchCoverage="0" crapScore="0" isConstructor="false" isStatic="false" isGetter="true" isSetter="false">
              <MetadataToken>100663306</MetadataToken>
              <Name>System.Collections.Generic.Dictionary`2&lt;System.Int32,System.String&gt; ConverterClassLibrary.OperatorConverter::get_Operators()</Name>
              <SequencePoints />
              <BranchPoints />
            </Method>
            <Method skippedDueTo="AutoImplementedProperty" visited="false" cyclomaticComplexity="1" nPathComplexity="0" sequenceCoverage="0" branchCoverage="0" crapScore="0" isConstructor="false" isStatic="false" isGetter="false" isSetter="true">
              <MetadataToken>100663307</MetadataToken>
              <Name>System.Void ConverterClassLibrary.OperatorConverter::set_Operators(System.Collections.Generic.Dictionary`2&lt;System.Int32,System.String&gt;)</Name>
              <SequencePoints />
              <BranchPoints />
            </Method>
            <Method visited="true" cyclomaticComplexity="1" nPathComplexity="0" sequenceCoverage="100" branchCoverage="100" crapScore="1" isConstructor="true" isStatic="false" isGetter="false" isSetter="false">
              <Summary numSequencePoints="5" visitedSequencePoints="5" numBranchPoints="1" visitedBranchPoints="1" sequenceCoverage="100" branchCoverage="100" maxCyclomaticComplexity="1" minCyclomaticComplexity="1" maxCrapScore="1" minCrapScore="1" visitedClasses="0" numClasses="0" visitedMethods="1" numMethods="1" />
              <MetadataToken>100663308</MetadataToken>
              <Name>System.Void ConverterClassLibrary.OperatorConverter::.ctor()</Name>
              <FileRef uid="3" />
              <SequencePoints>
                <SequencePoint vc="5" uspid="68" ordinal="0" offset="0" sl="10" sc="9" el="10" ec="90" bec="0" bev="0" fileid="3" />
                <SequencePoint vc="5" uspid="69" ordinal="1" offset="87" sl="15" sc="9" el="15" ec="35" bec="0" bev="0" fileid="3" />
                <SequencePoint vc="5" uspid="70" ordinal="2" offset="94" sl="15" sc="36" el="15" ec="37" bec="0" bev="0" fileid="3" />
                <SequencePoint vc="5" uspid="71" ordinal="3" offset="95" sl="17" sc="13" el="17" ec="26" bec="0" bev="0" fileid="3" />
                <SequencePoint vc="5" uspid="72" ordinal="4" offset="102" sl="18" sc="9" el="18" ec="10" bec="0" bev="0" fileid="3" />
              </SequencePoints>
              <BranchPoints />
              <MethodPoint xsi:type="SequencePoint" vc="5" uspid="68" ordinal="0" offset="0" sl="10" sc="9" el="10" ec="90" bec="0" bev="0" fileid="3" />
            </Method>
            <Method visited="true" cyclomaticComplexity="2" nPathComplexity="2" sequenceCoverage="100" branchCoverage="100" crapScore="2" isConstructor="false" isStatic="false" isGetter="false" isSetter="false">
              <Summary numSequencePoints="11" visitedSequencePoints="11" numBranchPoints="3" visitedBranchPoints="3" sequenceCoverage="100" branchCoverage="100" maxCyclomaticComplexity="2" minCyclomaticComplexity="2" maxCrapScore="2" minCrapScore="2" visitedClasses="0" numClasses="0" visitedMethods="1" numMethods="1" />
              <MetadataToken>100663309</MetadataToken>
              <Name>System.Void ConverterClassLibrary.OperatorConverter::initialize()</Name>
              <FileRef uid="3" />
              <SequencePoints>
                <SequencePoint vc="5" uspid="73" ordinal="0" offset="0" sl="20" sc="35" el="20" ec="36" bec="0" bev="0" fileid="3" />
                <SequencePoint vc="5" uspid="74" ordinal="1" offset="1" sl="22" sc="13" el="22" ec="52" bec="0" bev="0" fileid="3" />
                <SequencePoint vc="5" uspid="75" ordinal="2" offset="13" sl="23" sc="13" el="23" ec="55" bec="0" bev="0" fileid="3" />
                <SequencePoint vc="5" uspid="76" ordinal="3" offset="25" sl="25" sc="17" el="25" ec="27" bec="0" bev="0" fileid="3" />
                <SequencePoint vc="45" uspid="77" ordinal="4" offset="29" sl="25" sc="56" el="25" ec="57" bec="0" bev="0" fileid="3" />
                <SequencePoint vc="45" uspid="78" ordinal="5" offset="30" sl="27" sc="17" el="27" ec="43" bec="0" bev="0" fileid="3" />
                <SequencePoint vc="45" uspid="79" ordinal="6" offset="51" sl="28" sc="17" el="28" ec="46" bec="0" bev="0" fileid="3" />
                <SequencePoint vc="45" uspid="80" ordinal="7" offset="72" sl="29" sc="13" el="29" ec="14" bec="0" bev="0" fileid="3" />
                <SequencePoint vc="45" uspid="81" ordinal="8" offset="73" sl="25" sc="51" el="25" ec="54" bec="0" bev="0" fileid="3" />
                <SequencePoint vc="50" uspid="82" ordinal="9" offset="77" sl="25" sc="28" el="25" ec="49" bec="2" bev="2" fileid="3" />
                <SequencePoint vc="5" uspid="83" ordinal="10" offset="92" sl="30" sc="9" el="30" ec="10" bec="0" bev="0" fileid="3" />
              </SequencePoints>
              <BranchPoints>
                <BranchPoint vc="5" uspid="84" ordinal="0" offset="90" sl="25" path="0" offsetend="92" fileid="3" />
                <BranchPoint vc="45" uspid="85" ordinal="1" offset="90" sl="25" path="1" offsetend="29" fileid="3" />
              </BranchPoints>
              <MethodPoint xsi:type="SequencePoint" vc="5" uspid="73" ordinal="0" offset="0" sl="20" sc="35" el="20" ec="36" bec="0" bev="0" fileid="3" />
            </Method>
            <Method visited="true" cyclomaticComplexity="1" nPathComplexity="0" sequenceCoverage="100" branchCoverage="100" crapScore="1" isConstructor="false" isStatic="false" isGetter="false" isSetter="false">
              <Summary numSequencePoints="3" visitedSequencePoints="3" numBranchPoints="1" visitedBranchPoints="1" sequenceCoverage="100" branchCoverage="100" maxCyclomaticComplexity="1" minCyclomaticComplexity="1" maxCrapScore="1" minCrapScore="1" visitedClasses="0" numClasses="0" visitedMethods="1" numMethods="1" />
              <MetadataToken>100663310</MetadataToken>
              <Name>System.Boolean ConverterClassLibrary.OperatorConverter::IsOperator(System.String)</Name>
              <FileRef uid="3" />
              <SequencePoints>
                <SequencePoint vc="4" uspid="86" ordinal="0" offset="0" sl="32" sc="46" el="32" ec="47" bec="0" bev="0" fileid="3" />
                <SequencePoint vc="4" uspid="87" ordinal="1" offset="1" sl="34" sc="13" el="34" ec="46" bec="0" bev="0" fileid="3" />
                <SequencePoint vc="4" uspid="88" ordinal="2" offset="16" sl="35" sc="9" el="35" ec="10" bec="0" bev="0" fileid="3" />
              </SequencePoints>
              <BranchPoints />
              <MethodPoint xsi:type="SequencePoint" vc="4" uspid="86" ordinal="0" offset="0" sl="32" sc="46" el="32" ec="47" bec="0" bev="0" fileid="3" />
            </Method>
            <Method visited="true" cyclomaticComplexity="2" nPathComplexity="2" sequenceCoverage="100" branchCoverage="100" crapScore="2" isConstructor="false" isStatic="false" isGetter="false" isSetter="false">
              <Summary numSequencePoints="6" visitedSequencePoints="6" numBranchPoints="3" visitedBranchPoints="3" sequenceCoverage="100" branchCoverage="100" maxCyclomaticComplexity="2" minCyclomaticComplexity="2" maxCrapScore="2" minCrapScore="2" visitedClasses="0" numClasses="0" visitedMethods="1" numMethods="1" />
              <MetadataToken>100663311</MetadataToken>
              <Name>System.Int32 ConverterClassLibrary.OperatorConverter::toValue(System.String)</Name>
              <FileRef uid="3" />
              <SequencePoints>
                <SequencePoint vc="2" uspid="89" ordinal="0" offset="0" sl="37" sc="42" el="37" ec="43" bec="0" bev="0" fileid="3" />
                <SequencePoint vc="2" uspid="90" ordinal="1" offset="1" sl="39" sc="13" el="39" ec="35" bec="2" bev="2" fileid="3" />
                <SequencePoint vc="1" uspid="91" ordinal="2" offset="12" sl="39" sc="36" el="39" ec="37" bec="0" bev="0" fileid="3" />
                <SequencePoint vc="1" uspid="92" ordinal="3" offset="13" sl="41" sc="17" el="41" ec="27" bec="0" bev="0" fileid="3" />
                <SequencePoint vc="1" uspid="93" ordinal="4" offset="17" sl="44" sc="13" el="44" ec="34" bec="0" bev="0" fileid="3" />
                <SequencePoint vc="2" uspid="94" ordinal="5" offset="32" sl="45" sc="9" el="45" ec="10" bec="0" bev="0" fileid="3" />
              </SequencePoints>
              <BranchPoints>
                <BranchPoint vc="1" uspid="95" ordinal="0" offset="10" sl="39" path="0" offsetend="12" fileid="3" />
                <BranchPoint vc="1" uspid="96" ordinal="1" offset="10" sl="39" path="1" offsetend="17" fileid="3" />
              </BranchPoints>
              <MethodPoint xsi:type="SequencePoint" vc="2" uspid="89" ordinal="0" offset="0" sl="37" sc="42" el="37" ec="43" bec="0" bev="0" fileid="3" />
            </Method>
            <Method visited="true" cyclomaticComplexity="1" nPathComplexity="0" sequenceCoverage="100" branchCoverage="100" crapScore="1" isConstructor="false" isStatic="false" isGetter="false" isSetter="false">
              <Summary numSequencePoints="5" visitedSequencePoints="5" numBranchPoints="1" visitedBranchPoints="1" sequenceCoverage="100" branchCoverage="100" maxCyclomaticComplexity="1" minCyclomaticComplexity="1" maxCrapScore="1" minCrapScore="1" visitedClasses="0" numClasses="0" visitedMethods="1" numMethods="1" />
              <MetadataToken>100663312</MetadataToken>
              <Name>System.String ConverterClassLibrary.OperatorConverter::toOperator(System.Int32)</Name>
              <FileRef uid="3" />
              <SequencePoints>
                <SequencePoint vc="1" uspid="97" ordinal="0" offset="0" sl="47" sc="45" el="47" ec="46" bec="0" bev="0" fileid="3" />
                <SequencePoint vc="1" uspid="98" ordinal="1" offset="1" sl="49" sc="13" el="49" ec="33" bec="0" bev="0" fileid="3" />
                <SequencePoint vc="1" uspid="99" ordinal="2" offset="3" sl="50" sc="13" el="50" ec="53" bec="0" bev="0" fileid="3" />
                <SequencePoint vc="1" uspid="100" ordinal="3" offset="18" sl="52" sc="13" el="52" ec="26" bec="0" bev="0" fileid="3" />
                <SequencePoint vc="1" uspid="101" ordinal="4" offset="22" sl="53" sc="9" el="53" ec="10" bec="0" bev="0" fileid="3" />
              </SequencePoints>
              <BranchPoints />
              <MethodPoint xsi:type="SequencePoint" vc="1" uspid="97" ordinal="0" offset="0" sl="47" sc="45" el="47" ec="46" bec="0" bev="0" fileid="3" />
            </Method>
          </Methods>
        </Class>
        <Class>
          <Summary numSequencePoints="26" visitedSequencePoints="26" numBranchPoints="9" visitedBranchPoints="9" sequenceCoverage="100" branchCoverage="100" maxCyclomaticComplexity="3" minCyclomaticComplexity="1" maxCrapScore="3" minCrapScore="1" visitedClasses="1" numClasses="1" visitedMethods="5" numMethods="5" />
          <FullName>ConverterClassLibrary.UnitConverter</FullName>
          <Methods>
            <Method visited="true" cyclomaticComplexity="1" nPathComplexity="0" sequenceCoverage="100" branchCoverage="100" crapScore="1" isConstructor="false" isStatic="false" isGetter="false" isSetter="false">
              <Summary numSequencePoints="3" visitedSequencePoints="3" numBranchPoints="1" visitedBranchPoints="1" sequenceCoverage="100" branchCoverage="100" maxCyclomaticComplexity="1" minCyclomaticComplexity="1" maxCrapScore="1" minCrapScore="1" visitedClasses="0" numClasses="0" visitedMethods="1" numMethods="1" />
              <MetadataToken>100663313</MetadataToken>
              <Name>System.Decimal ConverterClassLibrary.UnitConverter::DegreeToRadian(System.Decimal)</Name>
              <FileRef uid="4" />
              <SequencePoints>
                <SequencePoint vc="3" uspid="102" ordinal="0" offset="0" sl="10" sc="55" el="10" ec="56" bec="0" bev="0" fileid="4" />
                <SequencePoint vc="3" uspid="103" ordinal="1" offset="1" sl="12" sc="13" el="12" ec="52" bec="0" bev="0" fileid="4" />
                <SequencePoint vc="3" uspid="104" ordinal="2" offset="44" sl="13" sc="9" el="13" ec="10" bec="0" bev="0" fileid="4" />
              </SequencePoints>
              <BranchPoints />
              <MethodPoint xsi:type="SequencePoint" vc="3" uspid="102" ordinal="0" offset="0" sl="10" sc="55" el="10" ec="56" bec="0" bev="0" fileid="4" />
            </Method>
            <Method visited="true" cyclomaticComplexity="1" nPathComplexity="0" sequenceCoverage="100" branchCoverage="100" crapScore="1" isConstructor="false" isStatic="false" isGetter="false" isSetter="false">
              <Summary numSequencePoints="3" visitedSequencePoints="3" numBranchPoints="1" visitedBranchPoints="1" sequenceCoverage="100" branchCoverage="100" maxCyclomaticComplexity="1" minCyclomaticComplexity="1" maxCrapScore="1" minCrapScore="1" visitedClasses="0" numClasses="0" visitedMethods="1" numMethods="1" />
              <MetadataToken>100663314</MetadataToken>
              <Name>System.Decimal ConverterClassLibrary.UnitConverter::RadianToDegree(System.Decimal)</Name>
              <FileRef uid="4" />
              <SequencePoints>
                <SequencePoint vc="3" uspid="105" ordinal="0" offset="0" sl="15" sc="55" el="15" ec="56" bec="0" bev="0" fileid="4" />
                <SequencePoint vc="3" uspid="106" ordinal="1" offset="1" sl="17" sc="13" el="17" ec="52" bec="0" bev="0" fileid="4" />
                <SequencePoint vc="3" uspid="107" ordinal="2" offset="44" sl="18" sc="9" el="18" ec="10" bec="0" bev="0" fileid="4" />
              </SequencePoints>
              <BranchPoints />
              <MethodPoint xsi:type="SequencePoint" vc="3" uspid="105" ordinal="0" offset="0" sl="15" sc="55" el="15" ec="56" bec="0" bev="0" fileid="4" />
            </Method>
            <Method visited="true" cyclomaticComplexity="2" nPathComplexity="2" sequenceCoverage="100" branchCoverage="100" crapScore="2" isConstructor="false" isStatic="false" isGetter="false" isSetter="false">
              <Summary numSequencePoints="6" visitedSequencePoints="6" numBranchPoints="3" visitedBranchPoints="3" sequenceCoverage="100" branchCoverage="100" maxCyclomaticComplexity="2" minCyclomaticComplexity="2" maxCrapScore="2" minCrapScore="2" visitedClasses="0" numClasses="0" visitedMethods="1" numMethods="1" />
              <MetadataToken>100663315</MetadataToken>
              <Name>System.String ConverterClassLibrary.UnitConverter::GetDecimal(System.Decimal,System.Int32)</Name>
              <FileRef uid="4" />
              <SequencePoints>
                <SequencePoint vc="8" uspid="108" ordinal="0" offset="0" sl="20" sc="66" el="20" ec="67" bec="0" bev="0" fileid="4" />
                <SequencePoint vc="8" uspid="109" ordinal="1" offset="1" sl="22" sc="13" el="22" ec="30" bec="2" bev="2" fileid="4" />
                <SequencePoint vc="3" uspid="110" ordinal="2" offset="20" sl="22" sc="31" el="22" ec="32" bec="0" bev="0" fileid="4" />
                <SequencePoint vc="3" uspid="111" ordinal="3" offset="21" sl="24" sc="17" el="24" ec="60" bec="0" bev="0" fileid="4" />
                <SequencePoint vc="5" uspid="112" ordinal="4" offset="37" sl="27" sc="13" el="27" ec="76" bec="0" bev="0" fileid="4" />
                <SequencePoint vc="8" uspid="113" ordinal="5" offset="61" sl="28" sc="9" el="28" ec="10" bec="0" bev="0" fileid="4" />
              </SequencePoints>
              <BranchPoints>
                <BranchPoint vc="3" uspid="114" ordinal="0" offset="18" sl="22" path="0" offsetend="20" fileid="4" />
                <BranchPoint vc="5" uspid="115" ordinal="1" offset="18" sl="22" path="1" offsetend="37" fileid="4" />
              </BranchPoints>
              <MethodPoint xsi:type="SequencePoint" vc="8" uspid="108" ordinal="0" offset="0" sl="20" sc="66" el="20" ec="67" bec="0" bev="0" fileid="4" />
            </Method>
            <Method visited="true" cyclomaticComplexity="3" nPathComplexity="2" sequenceCoverage="100" branchCoverage="100" crapScore="3" isConstructor="false" isStatic="false" isGetter="false" isSetter="false">
              <Summary numSequencePoints="7" visitedSequencePoints="7" numBranchPoints="3" visitedBranchPoints="3" sequenceCoverage="100" branchCoverage="100" maxCyclomaticComplexity="3" minCyclomaticComplexity="3" maxCrapScore="3" minCrapScore="3" visitedClasses="0" numClasses="0" visitedMethods="1" numMethods="1" />
              <MetadataToken>100663316</MetadataToken>
              <Name>System.Decimal ConverterClassLibrary.UnitConverter::DmsToDegree(System.Decimal)</Name>
              <FileRef uid="4" />
              <SequencePoints>
                <SequencePoint vc="4" uspid="116" ordinal="0" offset="0" sl="30" sc="49" el="30" ec="50" bec="0" bev="0" fileid="4" />
                <SequencePoint vc="4" uspid="117" ordinal="1" offset="1" sl="32" sc="13" el="32" ec="60" bec="0" bev="0" fileid="4" />
                <SequencePoint vc="4" uspid="118" ordinal="2" offset="13" sl="33" sc="13" el="33" ec="70" bec="0" bev="0" fileid="4" />
                <SequencePoint vc="4" uspid="119" ordinal="3" offset="33" sl="34" sc="13" el="34" ec="70" bec="0" bev="0" fileid="4" />
                <SequencePoint vc="4" uspid="120" ordinal="4" offset="47" sl="35" sc="13" el="35" ec="70" bec="0" bev="0" fileid="4" />
                <SequencePoint vc="4" uspid="121" ordinal="5" offset="61" sl="37" sc="13" el="37" ec="81" bec="2" bev="2" fileid="4" />
                <SequencePoint vc="4" uspid="122" ordinal="6" offset="131" sl="38" sc="9" el="38" ec="10" bec="0" bev="0" fileid="4" />
              </SequencePoints>
              <BranchPoints>
                <BranchPoint vc="3" uspid="123" ordinal="0" offset="110" sl="37" path="0" offsetend="112" fileid="4" />
                <BranchPoint vc="1" uspid="124" ordinal="1" offset="110" sl="37" path="1" offsetend="115" fileid="4" />
              </BranchPoints>
              <MethodPoint xsi:type="SequencePoint" vc="4" uspid="116" ordinal="0" offset="0" sl="30" sc="49" el="30" ec="50" bec="0" bev="0" fileid="4" />
            </Method>
            <Method visited="true" cyclomaticComplexity="1" nPathComplexity="0" sequenceCoverage="100" branchCoverage="100" crapScore="1" isConstructor="false" isStatic="false" isGetter="false" isSetter="false">
              <Summary numSequencePoints="7" visitedSequencePoints="7" numBranchPoints="1" visitedBranchPoints="1" sequenceCoverage="100" branchCoverage="100" maxCyclomaticComplexity="1" minCyclomaticComplexity="1" maxCrapScore="1" minCrapScore="1" visitedClasses="0" numClasses="0" visitedMethods="1" numMethods="1" />
              <MetadataToken>100663317</MetadataToken>
              <Name>System.Decimal ConverterClassLibrary.UnitConverter::DegreeToDms(System.Decimal)</Name>
              <FileRef uid="4" />
              <SequencePoints>
                <SequencePoint vc="4" uspid="125" ordinal="0" offset="0" sl="40" sc="52" el="40" ec="53" bec="0" bev="0" fileid="4" />
                <SequencePoint vc="4" uspid="126" ordinal="1" offset="1" sl="42" sc="13" el="42" ec="53" bec="0" bev="0" fileid="4" />
                <SequencePoint vc="4" uspid="127" ordinal="2" offset="8" sl="43" sc="13" el="43" ec="62" bec="0" bev="0" fileid="4" />
                <SequencePoint vc="4" uspid="128" ordinal="3" offset="33" sl="44" sc="13" el="44" ec="52" bec="0" bev="0" fileid="4" />
                <SequencePoint vc="4" uspid="129" ordinal="4" offset="40" sl="45" sc="13" el="45" ec="68" bec="0" bev="0" fileid="4" />
                <SequencePoint vc="4" uspid="130" ordinal="5" offset="65" sl="47" sc="13" el="53" ec="17" bec="0" bev="0" fileid="4" />
                <SequencePoint vc="4" uspid="131" ordinal="6" offset="189" sl="54" sc="9" el="54" ec="10" bec="0" bev="0" fileid="4" />
              </SequencePoints>
              <BranchPoints />
              <MethodPoint xsi:type="SequencePoint" vc="4" uspid="125" ordinal="0" offset="0" sl="40" sc="52" el="40" ec="53" bec="0" bev="0" fileid="4" />
            </Method>
            <Method visited="false" cyclomaticComplexity="1" nPathComplexity="0" sequenceCoverage="0" branchCoverage="0" crapScore="2" isConstructor="true" isStatic="false" isGetter="false" isSetter="false">
              <Summary numSequencePoints="0" visitedSequencePoints="0" numBranchPoints="0" visitedBranchPoints="0" sequenceCoverage="0" branchCoverage="0" maxCyclomaticComplexity="1" minCyclomaticComplexity="1" maxCrapScore="2" minCrapScore="2" visitedClasses="0" numClasses="0" visitedMethods="0" numMethods="0" />
              <MetadataToken>100663318</MetadataToken>
              <Name>System.Void ConverterClassLibrary.UnitConverter::.ctor()</Name>
              <SequencePoints />
              <BranchPoints />
              <MethodPoint vc="0" uspid="132" ordinal="0" offset="0" />
            </Method>
          </Methods>
        </Class>
      </Classes>
    </Module>
    <Module hash="E2-84-C5-67-54-6B-5A-AE-67-7C-FF-A9-34-C0-CC-C1-4F-50-02-7B">
      <Summary numSequencePoints="107" visitedSequencePoints="105" numBranchPoints="38" visitedBranchPoints="37" sequenceCoverage="98.13" branchCoverage="97.37" maxCyclomaticComplexity="7" minCyclomaticComplexity="1" maxCrapScore="7" minCrapScore="1" visitedClasses="2" numClasses="2" visitedMethods="18" numMethods="18" />
      <ModulePath>D:\mock_up_calculator\Calculator\ParseTreeTest\bin\Debug\ParseTreeClassLibrary.dll</ModulePath>
      <ModuleTime>2018-04-20T06:22:14.5276576Z</ModuleTime>
      <ModuleName>ParseTreeClassLibrary</ModuleName>
      <Files>
        <File uid="7" fullPath="d:\mock_up_calculator\Calculator\ParseTreeClassLibrary\Node.cs" />
        <File uid="8" fullPath="d:\mock_up_calculator\Calculator\ParseTreeClassLibrary\ParseTree.cs" />
      </Files>
      <Classes>
        <Class>
          <Summary numSequencePoints="30" visitedSequencePoints="30" numBranchPoints="12" visitedBranchPoints="12" sequenceCoverage="100" branchCoverage="100" maxCyclomaticComplexity="2" minCyclomaticComplexity="1" maxCrapScore="2" minCrapScore="1" visitedClasses="1" numClasses="1" visitedMethods="6" numMethods="6" />
          <FullName>ParseTreeClassLibrary.Node</FullName>
          <Methods>
            <Method skippedDueTo="AutoImplementedProperty" visited="false" cyclomaticComplexity="1" nPathComplexity="0" sequenceCoverage="0" branchCoverage="0" crapScore="0" isConstructor="false" isStatic="false" isGetter="true" isSetter="false">
              <MetadataToken>100663309</MetadataToken>
              <Name>ParseTreeClassLibrary.INode ParseTreeClassLibrary.Node::get_Parent()</Name>
              <SequencePoints />
              <BranchPoints />
            </Method>
            <Method skippedDueTo="AutoImplementedProperty" visited="false" cyclomaticComplexity="1" nPathComplexity="0" sequenceCoverage="0" branchCoverage="0" crapScore="0" isConstructor="false" isStatic="false" isGetter="false" isSetter="true">
              <MetadataToken>100663310</MetadataToken>
              <Name>System.Void ParseTreeClassLibrary.Node::set_Parent(ParseTreeClassLibrary.INode)</Name>
              <SequencePoints />
              <BranchPoints />
            </Method>
            <Method skippedDueTo="AutoImplementedProperty" visited="false" cyclomaticComplexity="1" nPathComplexity="0" sequenceCoverage="0" branchCoverage="0" crapScore="0" isConstructor="false" isStatic="false" isGetter="true" isSetter="false">
              <MetadataToken>100663311</MetadataToken>
              <Name>ParseTreeClassLibrary.INode ParseTreeClassLibrary.Node::get_Left()</Name>
              <SequencePoints />
              <BranchPoints />
            </Method>
            <Method skippedDueTo="AutoImplementedProperty" visited="false" cyclomaticComplexity="1" nPathComplexity="0" sequenceCoverage="0" branchCoverage="0" crapScore="0" isConstructor="false" isStatic="false" isGetter="false" isSetter="true">
              <MetadataToken>100663312</MetadataToken>
              <Name>System.Void ParseTreeClassLibrary.Node::set_Left(ParseTreeClassLibrary.INode)</Name>
              <SequencePoints />
              <BranchPoints />
            </Method>
            <Method skippedDueTo="AutoImplementedProperty" visited="false" cyclomaticComplexity="1" nPathComplexity="0" sequenceCoverage="0" branchCoverage="0" crapScore="0" isConstructor="false" isStatic="false" isGetter="true" isSetter="false">
              <MetadataToken>100663313</MetadataToken>
              <Name>ParseTreeClassLibrary.INode ParseTreeClassLibrary.Node::get_Right()</Name>
              <SequencePoints />
              <BranchPoints />
            </Method>
            <Method skippedDueTo="AutoImplementedProperty" visited="false" cyclomaticComplexity="1" nPathComplexity="0" sequenceCoverage="0" branchCoverage="0" crapScore="0" isConstructor="false" isStatic="false" isGetter="false" isSetter="true">
              <MetadataToken>100663314</MetadataToken>
              <Name>System.Void ParseTreeClassLibrary.Node::set_Right(ParseTreeClassLibrary.INode)</Name>
              <SequencePoints />
              <BranchPoints />
            </Method>
            <Method skippedDueTo="AutoImplementedProperty" visited="false" cyclomaticComplexity="1" nPathComplexity="0" sequenceCoverage="0" branchCoverage="0" crapScore="0" isConstructor="false" isStatic="false" isGetter="true" isSetter="false">
              <MetadataToken>100663315</MetadataToken>
              <Name>System.Boolean ParseTreeClassLibrary.Node::get_IsOperand()</Name>
              <SequencePoints />
              <BranchPoints />
            </Method>
            <Method skippedDueTo="AutoImplementedProperty" visited="false" cyclomaticComplexity="1" nPathComplexity="0" sequenceCoverage="0" branchCoverage="0" crapScore="0" isConstructor="false" isStatic="false" isGetter="false" isSetter="true">
              <MetadataToken>100663316</MetadataToken>
              <Name>System.Void ParseTreeClassLibrary.Node::set_IsOperand(System.Boolean)</Name>
              <SequencePoints />
              <BranchPoints />
            </Method>
            <Method skippedDueTo="AutoImplementedProperty" visited="false" cyclomaticComplexity="1" nPathComplexity="0" sequenceCoverage="0" branchCoverage="0" crapScore="0" isConstructor="false" isStatic="false" isGetter="true" isSetter="false">
              <MetadataToken>100663317</MetadataToken>
              <Name>System.Decimal ParseTreeClassLibrary.Node::get_Value()</Name>
              <SequencePoints />
              <BranchPoints />
            </Method>
            <Method skippedDueTo="AutoImplementedProperty" visited="false" cyclomaticComplexity="1" nPathComplexity="0" sequenceCoverage="0" branchCoverage="0" crapScore="0" isConstructor="false" isStatic="false" isGetter="false" isSetter="true">
              <MetadataToken>100663318</MetadataToken>
              <Name>System.Void ParseTreeClassLibrary.Node::set_Value(System.Decimal)</Name>
              <SequencePoints />
              <BranchPoints />
            </Method>
            <Method visited="true" cyclomaticComplexity="2" nPathComplexity="0" sequenceCoverage="100" branchCoverage="100" crapScore="2" isConstructor="false" isStatic="false" isGetter="true" isSetter="false">
              <Summary numSequencePoints="3" visitedSequencePoints="3" numBranchPoints="1" visitedBranchPoints="1" sequenceCoverage="100" branchCoverage="100" maxCyclomaticComplexity="2" minCyclomaticComplexity="2" maxCrapScore="2" minCrapScore="2" visitedClasses="0" numClasses="0" visitedMethods="1" numMethods="1" />
              <MetadataToken>100663319</MetadataToken>
              <Name>System.Boolean ParseTreeClassLibrary.Node::get_IsLeaf()</Name>
              <FileRef uid="7" />
              <SequencePoints>
                <SequencePoint vc="3" uspid="133" ordinal="0" offset="0" sl="18" sc="17" el="18" ec="18" bec="0" bev="0" fileid="7" />
                <SequencePoint vc="3" uspid="134" ordinal="1" offset="1" sl="20" sc="17" el="20" ec="54" bec="0" bev="0" fileid="7" />
                <SequencePoint vc="3" uspid="135" ordinal="2" offset="25" sl="21" sc="13" el="21" ec="14" bec="0" bev="0" fileid="7" />
              </SequencePoints>
              <BranchPoints />
              <MethodPoint xsi:type="SequencePoint" vc="3" uspid="133" ordinal="0" offset="0" sl="18" sc="17" el="18" ec="18" bec="0" bev="0" fileid="7" />
            </Method>
            <Method visited="true" cyclomaticComplexity="1" nPathComplexity="0" sequenceCoverage="100" branchCoverage="100" crapScore="1" isConstructor="true" isStatic="false" isGetter="false" isSetter="false">
              <Summary numSequencePoints="3" visitedSequencePoints="3" numBranchPoints="1" visitedBranchPoints="1" sequenceCoverage="100" branchCoverage="100" maxCyclomaticComplexity="1" minCyclomaticComplexity="1" maxCrapScore="1" minCrapScore="1" visitedClasses="0" numClasses="0" visitedMethods="1" numMethods="1" />
              <MetadataToken>100663320</MetadataToken>
              <Name>System.Void ParseTreeClassLibrary.Node::.ctor()</Name>
              <FileRef uid="7" />
              <SequencePoints>
                <SequencePoint vc="28" uspid="138" ordinal="0" offset="0" sl="24" sc="9" el="24" ec="22" bec="0" bev="0" fileid="7" />
                <SequencePoint vc="28" uspid="139" ordinal="1" offset="7" sl="24" sc="23" el="24" ec="24" bec="0" bev="0" fileid="7" />
                <SequencePoint vc="28" uspid="140" ordinal="2" offset="8" sl="24" sc="25" el="24" ec="26" bec="0" bev="0" fileid="7" />
              </SequencePoints>
              <BranchPoints />
              <MethodPoint xsi:type="SequencePoint" vc="28" uspid="138" ordinal="0" offset="0" sl="24" sc="9" el="24" ec="22" bec="0" bev="0" fileid="7" />
            </Method>
            <Method visited="true" cyclomaticComplexity="2" nPathComplexity="2" sequenceCoverage="100" branchCoverage="100" crapScore="2" isConstructor="true" isStatic="false" isGetter="false" isSetter="false">
              <Summary numSequencePoints="7" visitedSequencePoints="7" numBranchPoints="3" visitedBranchPoints="3" sequenceCoverage="100" branchCoverage="100" maxCyclomaticComplexity="2" minCyclomaticComplexity="2" maxCrapScore="2" minCrapScore="2" visitedClasses="0" numClasses="0" visitedMethods="1" numMethods="1" />
              <MetadataToken>100663321</MetadataToken>
              <Name>System.Void ParseTreeClassLibrary.Node::.ctor(ParseTreeClassLibrary.INode)</Name>
              <FileRef uid="7" />
              <SequencePoints>
                <SequencePoint vc="11" uspid="141" ordinal="0" offset="0" sl="26" sc="9" el="26" ec="34" bec="0" bev="0" fileid="7" />
                <SequencePoint vc="11" uspid="142" ordinal="1" offset="7" sl="26" sc="35" el="26" ec="36" bec="0" bev="0" fileid="7" />
                <SequencePoint vc="11" uspid="143" ordinal="2" offset="8" sl="28" sc="13" el="28" ec="31" bec="2" bev="2" fileid="7" />
                <SequencePoint vc="1" uspid="144" ordinal="3" offset="19" sl="28" sc="32" el="28" ec="33" bec="0" bev="0" fileid="7" />
                <SequencePoint vc="1" uspid="145" ordinal="4" offset="20" sl="30" sc="17" el="30" ec="77" bec="0" bev="0" fileid="7" />
                <SequencePoint vc="10" uspid="146" ordinal="5" offset="31" sl="33" sc="13" el="33" ec="29" bec="0" bev="0" fileid="7" />
                <SequencePoint vc="10" uspid="147" ordinal="6" offset="39" sl="34" sc="9" el="34" ec="10" bec="0" bev="0" fileid="7" />
              </SequencePoints>
              <BranchPoints>
                <BranchPoint vc="1" uspid="148" ordinal="0" offset="17" sl="28" path="0" offsetend="19" fileid="7" />
                <BranchPoint vc="10" uspid="149" ordinal="1" offset="17" sl="28" path="1" offsetend="31" fileid="7" />
              </BranchPoints>
              <MethodPoint xsi:type="SequencePoint" vc="11" uspid="141" ordinal="0" offset="0" sl="26" sc="9" el="26" ec="34" bec="0" bev="0" fileid="7" />
            </Method>
            <Method visited="true" cyclomaticComplexity="1" nPathComplexity="0" sequenceCoverage="100" branchCoverage="100" crapScore="1" isConstructor="true" isStatic="false" isGetter="false" isSetter="false">
              <Summary numSequencePoints="5" visitedSequencePoints="5" numBranchPoints="1" visitedBranchPoints="1" sequenceCoverage="100" branchCoverage="100" maxCyclomaticComplexity="1" minCyclomaticComplexity="1" maxCrapScore="1" minCrapScore="1" visitedClasses="0" numClasses="0" visitedMethods="1" numMethods="1" />
              <MetadataToken>100663322</MetadataToken>
              <Name>System.Void ParseTreeClassLibrary.Node::.ctor(ParseTreeClassLibrary.INode,ParseTreeClassLibrary.INode)</Name>
              <FileRef uid="7" />
              <SequencePoints>
                <SequencePoint vc="6" uspid="150" ordinal="0" offset="0" sl="36" sc="9" el="36" ec="45" bec="0" bev="0" fileid="7" />
                <SequencePoint vc="6" uspid="151" ordinal="1" offset="7" sl="36" sc="46" el="36" ec="47" bec="0" bev="0" fileid="7" />
                <SequencePoint vc="6" uspid="152" ordinal="2" offset="8" sl="38" sc="13" el="38" ec="25" bec="0" bev="0" fileid="7" />
                <SequencePoint vc="6" uspid="153" ordinal="3" offset="16" sl="39" sc="13" el="39" ec="27" bec="0" bev="0" fileid="7" />
                <SequencePoint vc="6" uspid="154" ordinal="4" offset="24" sl="40" sc="9" el="40" ec="10" bec="0" bev="0" fileid="7" />
              </SequencePoints>
              <BranchPoints />
              <MethodPoint xsi:type="SequencePoint" vc="6" uspid="150" ordinal="0" offset="0" sl="36" sc="9" el="36" ec="45" bec="0" bev="0" fileid="7" />
            </Method>
            <Method visited="true" cyclomaticComplexity="2" nPathComplexity="2" sequenceCoverage="100" branchCoverage="100" crapScore="2" isConstructor="false" isStatic="false" isGetter="false" isSetter="false">
              <Summary numSequencePoints="6" visitedSequencePoints="6" numBranchPoints="3" visitedBranchPoints="3" sequenceCoverage="100" branchCoverage="100" maxCyclomaticComplexity="2" minCyclomaticComplexity="2" maxCrapScore="2" minCrapScore="2" visitedClasses="0" numClasses="0" visitedMethods="1" numMethods="1" />
              <MetadataToken>100663323</MetadataToken>
              <Name>System.Void ParseTreeClassLibrary.Node::AddLeft(ParseTreeClassLibrary.INode)</Name>
              <FileRef uid="7" />
              <SequencePoints>
                <SequencePoint vc="7" uspid="155" ordinal="0" offset="0" sl="42" sc="42" el="42" ec="43" bec="0" bev="0" fileid="7" />
                <SequencePoint vc="7" uspid="156" ordinal="1" offset="1" sl="44" sc="13" el="44" ec="29" bec="2" bev="2" fileid="7" />
                <SequencePoint vc="1" uspid="157" ordinal="2" offset="14" sl="44" sc="30" el="44" ec="31" bec="0" bev="0" fileid="7" />
                <SequencePoint vc="1" uspid="158" ordinal="3" offset="15" sl="46" sc="17" el="46" ec="83" bec="0" bev="0" fileid="7" />
                <SequencePoint vc="6" uspid="159" ordinal="4" offset="26" sl="49" sc="13" el="49" ec="26" bec="0" bev="0" fileid="7" />
                <SequencePoint vc="6" uspid="160" ordinal="5" offset="34" sl="50" sc="9" el="50" ec="10" bec="0" bev="0" fileid="7" />
              </SequencePoints>
              <BranchPoints>
                <BranchPoint vc="1" uspid="161" ordinal="0" offset="12" sl="44" path="0" offsetend="14" fileid="7" />
                <BranchPoint vc="6" uspid="162" ordinal="1" offset="12" sl="44" path="1" offsetend="26" fileid="7" />
              </BranchPoints>
              <MethodPoint xsi:type="SequencePoint" vc="7" uspid="155" ordinal="0" offset="0" sl="42" sc="42" el="42" ec="43" bec="0" bev="0" fileid="7" />
            </Method>
            <Method visited="true" cyclomaticComplexity="2" nPathComplexity="2" sequenceCoverage="100" branchCoverage="100" crapScore="2" isConstructor="false" isStatic="false" isGetter="false" isSetter="false">
              <Summary numSequencePoints="6" visitedSequencePoints="6" numBranchPoints="3" visitedBranchPoints="3" sequenceCoverage="100" branchCoverage="100" maxCyclomaticComplexity="2" minCyclomaticComplexity="2" maxCrapScore="2" minCrapScore="2" visitedClasses="0" numClasses="0" visitedMethods="1" numMethods="1" />
              <MetadataToken>100663324</MetadataToken>
              <Name>System.Void ParseTreeClassLibrary.Node::AddRight(ParseTreeClassLibrary.INode)</Name>
              <FileRef uid="7" />
              <SequencePoints>
                <SequencePoint vc="5" uspid="163" ordinal="0" offset="0" sl="52" sc="43" el="52" ec="44" bec="0" bev="0" fileid="7" />
                <SequencePoint vc="5" uspid="164" ordinal="1" offset="1" sl="54" sc="13" el="54" ec="30" bec="2" bev="2" fileid="7" />
                <SequencePoint vc="1" uspid="165" ordinal="2" offset="14" sl="54" sc="31" el="54" ec="32" bec="0" bev="0" fileid="7" />
                <SequencePoint vc="1" uspid="166" ordinal="3" offset="15" sl="56" sc="17" el="56" ec="84" bec="0" bev="0" fileid="7" />
                <SequencePoint vc="4" uspid="167" ordinal="4" offset="26" sl="59" sc="13" el="59" ec="27" bec="0" bev="0" fileid="7" />
                <SequencePoint vc="4" uspid="168" ordinal="5" offset="34" sl="60" sc="9" el="60" ec="10" bec="0" bev="0" fileid="7" />
              </SequencePoints>
              <BranchPoints>
                <BranchPoint vc="1" uspid="169" ordinal="0" offset="12" sl="54" path="0" offsetend="14" fileid="7" />
                <BranchPoint vc="4" uspid="170" ordinal="1" offset="12" sl="54" path="1" offsetend="26" fileid="7" />
              </BranchPoints>
              <MethodPoint xsi:type="SequencePoint" vc="5" uspid="163" ordinal="0" offset="0" sl="52" sc="43" el="52" ec="44" bec="0" bev="0" fileid="7" />
            </Method>
          </Methods>
        </Class>
        <Class>
          <Summary numSequencePoints="77" visitedSequencePoints="75" numBranchPoints="26" visitedBranchPoints="25" sequenceCoverage="97.40" branchCoverage="96.15" maxCyclomaticComplexity="7" minCyclomaticComplexity="1" maxCrapScore="7" minCrapScore="1" visitedClasses="1" numClasses="1" visitedMethods="12" numMethods="12" />
          <FullName>ParseTreeClassLibrary.ParseTree</FullName>
          <Methods>
            <Method skippedDueTo="AutoImplementedProperty" visited="false" cyclomaticComplexity="1" nPathComplexity="0" sequenceCoverage="0" branchCoverage="0" crapScore="0" isConstructor="false" isStatic="false" isGetter="true" isSetter="false">
              <MetadataToken>100663325</MetadataToken>
              <Name>ParseTreeClassLibrary.INode ParseTreeClassLibrary.ParseTree::get_Root()</Name>
              <SequencePoints />
              <BranchPoints />
            </Method>
            <Method skippedDueTo="AutoImplementedProperty" visited="false" cyclomaticComplexity="1" nPathComplexity="0" sequenceCoverage="0" branchCoverage="0" crapScore="0" isConstructor="false" isStatic="false" isGetter="false" isSetter="true">
              <MetadataToken>100663326</MetadataToken>
              <Name>System.Void ParseTreeClassLibrary.ParseTree::set_Root(ParseTreeClassLibrary.INode)</Name>
              <SequencePoints />
              <BranchPoints />
            </Method>
            <Method skippedDueTo="AutoImplementedProperty" visited="false" cyclomaticComplexity="1" nPathComplexity="0" sequenceCoverage="0" branchCoverage="0" crapScore="0" isConstructor="false" isStatic="false" isGetter="true" isSetter="false">
              <MetadataToken>100663327</MetadataToken>
              <Name>ConverterClassLibrary.IOperatorConverter ParseTreeClassLibrary.ParseTree::get_Converter()</Name>
              <SequencePoints />
              <BranchPoints />
            </Method>
            <Method skippedDueTo="AutoImplementedProperty" visited="false" cyclomaticComplexity="1" nPathComplexity="0" sequenceCoverage="0" branchCoverage="0" crapScore="0" isConstructor="false" isStatic="false" isGetter="false" isSetter="true">
              <MetadataToken>100663328</MetadataToken>
              <Name>System.Void ParseTreeClassLibrary.ParseTree::set_Converter(ConverterClassLibrary.IOperatorConverter)</Name>
              <SequencePoints />
              <BranchPoints />
            </Method>
            <Method visited="true" cyclomaticComplexity="1" nPathComplexity="0" sequenceCoverage="100" branchCoverage="100" crapScore="1" isConstructor="true" isStatic="false" isGetter="false" isSetter="false">
              <Summary numSequencePoints="5" visitedSequencePoints="5" numBranchPoints="1" visitedBranchPoints="1" sequenceCoverage="100" branchCoverage="100" maxCyclomaticComplexity="1" minCyclomaticComplexity="1" maxCrapScore="1" minCrapScore="1" visitedClasses="0" numClasses="0" visitedMethods="1" numMethods="1" />
              <MetadataToken>100663329</MetadataToken>
              <Name>System.Void ParseTreeClassLibrary.ParseTree::.ctor(ConverterClassLibrary.IOperatorConverter)</Name>
              <FileRef uid="8" />
              <SequencePoints>
                <SequencePoint vc="4" uspid="171" ordinal="0" offset="0" sl="14" sc="9" el="14" ec="55" bec="0" bev="0" fileid="8" />
                <SequencePoint vc="4" uspid="172" ordinal="1" offset="7" sl="14" sc="56" el="14" ec="57" bec="0" bev="0" fileid="8" />
                <SequencePoint vc="4" uspid="173" ordinal="2" offset="8" sl="16" sc="13" el="16" ec="21" bec="0" bev="0" fileid="8" />
                <SequencePoint vc="4" uspid="174" ordinal="3" offset="15" sl="17" sc="13" el="17" ec="35" bec="0" bev="0" fileid="8" />
                <SequencePoint vc="4" uspid="175" ordinal="4" offset="23" sl="18" sc="9" el="18" ec="10" bec="0" bev="0" fileid="8" />
              </SequencePoints>
              <BranchPoints />
              <MethodPoint xsi:type="SequencePoint" vc="4" uspid="171" ordinal="0" offset="0" sl="14" sc="9" el="14" ec="55" bec="0" bev="0" fileid="8" />
            </Method>
            <Method visited="true" cyclomaticComplexity="1" nPathComplexity="0" sequenceCoverage="100" branchCoverage="100" crapScore="1" isConstructor="false" isStatic="false" isGetter="false" isSetter="false">
              <Summary numSequencePoints="3" visitedSequencePoints="3" numBranchPoints="1" visitedBranchPoints="1" sequenceCoverage="100" branchCoverage="100" maxCyclomaticComplexity="1" minCyclomaticComplexity="1" maxCrapScore="1" minCrapScore="1" visitedClasses="0" numClasses="0" visitedMethods="1" numMethods="1" />
              <MetadataToken>100663330</MetadataToken>
              <Name>System.Void ParseTreeClassLibrary.ParseTree::Clear()</Name>
              <FileRef uid="8" />
              <SequencePoints>
                <SequencePoint vc="8" uspid="176" ordinal="0" offset="0" sl="20" sc="30" el="20" ec="31" bec="0" bev="0" fileid="8" />
                <SequencePoint vc="8" uspid="177" ordinal="1" offset="1" sl="22" sc="13" el="22" ec="31" bec="0" bev="0" fileid="8" />
                <SequencePoint vc="8" uspid="178" ordinal="2" offset="13" sl="23" sc="9" el="23" ec="10" bec="0" bev="0" fileid="8" />
              </SequencePoints>
              <BranchPoints />
              <MethodPoint xsi:type="SequencePoint" vc="8" uspid="176" ordinal="0" offset="0" sl="20" sc="30" el="20" ec="31" bec="0" bev="0" fileid="8" />
            </Method>
            <Method visited="true" cyclomaticComplexity="2" nPathComplexity="0" sequenceCoverage="100" branchCoverage="100" crapScore="2" isConstructor="false" isStatic="false" isGetter="false" isSetter="false">
              <Summary numSequencePoints="3" visitedSequencePoints="3" numBranchPoints="1" visitedBranchPoints="1" sequenceCoverage="100" branchCoverage="100" maxCyclomaticComplexity="2" minCyclomaticComplexity="2" maxCrapScore="2" minCrapScore="2" visitedClasses="0" numClasses="0" visitedMethods="1" numMethods="1" />
              <MetadataToken>100663331</MetadataToken>
              <Name>System.String[] ParseTreeClassLibrary.ParseTree::GetTokens(System.String)</Name>
              <FileRef uid="8" />
              <SequencePoints>
                <SequencePoint vc="4" uspid="179" ordinal="0" offset="0" sl="25" sc="55" el="25" ec="56" bec="0" bev="0" fileid="8" />
                <SequencePoint vc="4" uspid="180" ordinal="1" offset="1" sl="27" sc="13" el="27" ec="81" bec="0" bev="0" fileid="8" />
                <SequencePoint vc="4" uspid="181" ordinal="2" offset="64" sl="28" sc="9" el="28" ec="10" bec="0" bev="0" fileid="8" />
              </SequencePoints>
              <BranchPoints />
              <MethodPoint xsi:type="SequencePoint" vc="4" uspid="179" ordinal="0" offset="0" sl="25" sc="55" el="25" ec="56" bec="0" bev="0" fileid="8" />
            </Method>
            <Method visited="true" cyclomaticComplexity="1" nPathComplexity="0" sequenceCoverage="100" branchCoverage="100" crapScore="1" isConstructor="false" isStatic="false" isGetter="false" isSetter="false">
              <Summary numSequencePoints="4" visitedSequencePoints="4" numBranchPoints="1" visitedBranchPoints="1" sequenceCoverage="100" branchCoverage="100" maxCyclomaticComplexity="1" minCyclomaticComplexity="1" maxCrapScore="1" minCrapScore="1" visitedClasses="0" numClasses="0" visitedMethods="1" numMethods="1" />
              <MetadataToken>100663332</MetadataToken>
              <Name>System.Void ParseTreeClassLibrary.ParseTree::SetOperator(ParseTreeClassLibrary.INode,System.Decimal)</Name>
              <FileRef uid="8" />
              <SequencePoints>
                <SequencePoint vc="3" uspid="184" ordinal="0" offset="0" sl="30" sc="61" el="30" ec="62" bec="0" bev="0" fileid="8" />
                <SequencePoint vc="3" uspid="185" ordinal="1" offset="1" sl="32" sc="13" el="32" ec="32" bec="0" bev="0" fileid="8" />
                <SequencePoint vc="3" uspid="186" ordinal="2" offset="9" sl="33" sc="13" el="33" ec="36" bec="0" bev="0" fileid="8" />
                <SequencePoint vc="3" uspid="187" ordinal="3" offset="17" sl="34" sc="9" el="34" ec="10" bec="0" bev="0" fileid="8" />
              </SequencePoints>
              <BranchPoints />
              <MethodPoint xsi:type="SequencePoint" vc="3" uspid="184" ordinal="0" offset="0" sl="30" sc="61" el="30" ec="62" bec="0" bev="0" fileid="8" />
            </Method>
            <Method visited="true" cyclomaticComplexity="1" nPathComplexity="0" sequenceCoverage="100" branchCoverage="100" crapScore="1" isConstructor="false" isStatic="false" isGetter="false" isSetter="false">
              <Summary numSequencePoints="4" visitedSequencePoints="4" numBranchPoints="1" visitedBranchPoints="1" sequenceCoverage="100" branchCoverage="100" maxCyclomaticComplexity="1" minCyclomaticComplexity="1" maxCrapScore="1" minCrapScore="1" visitedClasses="0" numClasses="0" visitedMethods="1" numMethods="1" />
              <MetadataToken>100663333</MetadataToken>
              <Name>System.Void ParseTreeClassLibrary.ParseTree::SetOperand(ParseTreeClassLibrary.INode,System.Decimal)</Name>
              <FileRef uid="8" />
              <SequencePoints>
                <SequencePoint vc="7" uspid="188" ordinal="0" offset="0" sl="36" sc="60" el="36" ec="61" bec="0" bev="0" fileid="8" />
                <SequencePoint vc="7" uspid="189" ordinal="1" offset="1" sl="38" sc="13" el="38" ec="32" bec="0" bev="0" fileid="8" />
                <SequencePoint vc="7" uspid="190" ordinal="2" offset="9" sl="39" sc="13" el="39" ec="35" bec="0" bev="0" fileid="8" />
                <SequencePoint vc="7" uspid="191" ordinal="3" offset="17" sl="40" sc="9" el="40" ec="10" bec="0" bev="0" fileid="8" />
              </SequencePoints>
              <BranchPoints />
              <MethodPoint xsi:type="SequencePoint" vc="7" uspid="188" ordinal="0" offset="0" sl="36" sc="60" el="36" ec="61" bec="0" bev="0" fileid="8" />
            </Method>
            <Method visited="true" cyclomaticComplexity="1" nPathComplexity="0" sequenceCoverage="100" branchCoverage="100" crapScore="1" isConstructor="false" isStatic="false" isGetter="false" isSetter="false">
              <Summary numSequencePoints="4" visitedSequencePoints="4" numBranchPoints="1" visitedBranchPoints="1" sequenceCoverage="100" branchCoverage="100" maxCyclomaticComplexity="1" minCyclomaticComplexity="1" maxCrapScore="1" minCrapScore="1" visitedClasses="0" numClasses="0" visitedMethods="1" numMethods="1" />
              <MetadataToken>100663334</MetadataToken>
              <Name>ParseTreeClassLibrary.INode ParseTreeClassLibrary.ParseTree::ParseNumber(ParseTreeClassLibrary.INode,System.Decimal)</Name>
              <FileRef uid="8" />
              <SequencePoints>
                <SequencePoint vc="7" uspid="192" ordinal="0" offset="0" sl="42" sc="62" el="42" ec="63" bec="0" bev="0" fileid="8" />
                <SequencePoint vc="7" uspid="193" ordinal="1" offset="1" sl="44" sc="13" el="44" ec="37" bec="0" bev="0" fileid="8" />
                <SequencePoint vc="7" uspid="194" ordinal="2" offset="10" sl="46" sc="13" el="46" ec="32" bec="0" bev="0" fileid="8" />
                <SequencePoint vc="7" uspid="195" ordinal="3" offset="19" sl="47" sc="9" el="47" ec="10" bec="0" bev="0" fileid="8" />
              </SequencePoints>
              <BranchPoints />
              <MethodPoint xsi:type="SequencePoint" vc="7" uspid="192" ordinal="0" offset="0" sl="42" sc="62" el="42" ec="63" bec="0" bev="0" fileid="8" />
            </Method>
            <Method visited="true" cyclomaticComplexity="1" nPathComplexity="0" sequenceCoverage="100" branchCoverage="100" crapScore="1" isConstructor="false" isStatic="false" isGetter="false" isSetter="false">
              <Summary numSequencePoints="5" visitedSequencePoints="5" numBranchPoints="1" visitedBranchPoints="1" sequenceCoverage="100" branchCoverage="100" maxCyclomaticComplexity="1" minCyclomaticComplexity="1" maxCrapScore="1" minCrapScore="1" visitedClasses="0" numClasses="0" visitedMethods="1" numMethods="1" />
              <MetadataToken>100663335</MetadataToken>
              <Name>ParseTreeClassLibrary.INode ParseTreeClassLibrary.ParseTree::ParseOperator(ParseTreeClassLibrary.INode,System.String)</Name>
              <FileRef uid="8" />
              <SequencePoints>
                <SequencePoint vc="3" uspid="196" ordinal="0" offset="0" sl="49" sc="63" el="49" ec="64" bec="0" bev="0" fileid="8" />
                <SequencePoint vc="3" uspid="197" ordinal="1" offset="1" sl="51" sc="13" el="51" ec="57" bec="0" bev="0" fileid="8" />
                <SequencePoint vc="3" uspid="198" ordinal="2" offset="26" sl="52" sc="13" el="52" ec="43" bec="0" bev="0" fileid="8" />
                <SequencePoint vc="3" uspid="199" ordinal="3" offset="39" sl="54" sc="13" el="54" ec="31" bec="0" bev="0" fileid="8" />
                <SequencePoint vc="3" uspid="200" ordinal="4" offset="48" sl="55" sc="9" el="55" ec="10" bec="0" bev="0" fileid="8" />
              </SequencePoints>
              <BranchPoints />
              <MethodPoint xsi:type="SequencePoint" vc="3" uspid="196" ordinal="0" offset="0" sl="49" sc="63" el="49" ec="64" bec="0" bev="0" fileid="8" />
            </Method>
            <Method visited="true" cyclomaticComplexity="2" nPathComplexity="2" sequenceCoverage="100" branchCoverage="100" crapScore="2" isConstructor="false" isStatic="false" isGetter="false" isSetter="false">
              <Summary numSequencePoints="7" visitedSequencePoints="7" numBranchPoints="3" visitedBranchPoints="3" sequenceCoverage="100" branchCoverage="100" maxCyclomaticComplexity="2" minCyclomaticComplexity="2" maxCrapScore="2" minCrapScore="2" visitedClasses="0" numClasses="0" visitedMethods="1" numMethods="1" />
              <MetadataToken>100663336</MetadataToken>
              <Name>ParseTreeClassLibrary.INode ParseTreeClassLibrary.ParseTree::ParseParentheses(ParseTreeClassLibrary.INode,System.String)</Name>
              <FileRef uid="8" />
              <SequencePoints>
                <SequencePoint vc="8" uspid="201" ordinal="0" offset="0" sl="57" sc="66" el="57" ec="67" bec="0" bev="0" fileid="8" />
                <SequencePoint vc="8" uspid="202" ordinal="1" offset="1" sl="59" sc="13" el="59" ec="29" bec="2" bev="2" fileid="8" />
                <SequencePoint vc="5" uspid="203" ordinal="2" offset="19" sl="59" sc="30" el="59" ec="31" bec="0" bev="0" fileid="8" />
                <SequencePoint vc="5" uspid="204" ordinal="3" offset="20" sl="61" sc="17" el="61" ec="46" bec="0" bev="0" fileid="8" />
                <SequencePoint vc="5" uspid="205" ordinal="4" offset="33" sl="63" sc="17" el="63" ec="34" bec="0" bev="0" fileid="8" />
                <SequencePoint vc="3" uspid="206" ordinal="5" offset="42" sl="66" sc="13" el="66" ec="32" bec="0" bev="0" fileid="8" />
                <SequencePoint vc="8" uspid="207" ordinal="6" offset="51" sl="67" sc="9" el="67" ec="10" bec="0" bev="0" fileid="8" />
              </SequencePoints>
              <BranchPoints>
                <BranchPoint vc="5" uspid="208" ordinal="0" offset="17" sl="59" path="0" offsetend="19" fileid="8" />
                <BranchPoint vc="3" uspid="209" ordinal="1" offset="17" sl="59" path="1" offsetend="42" fileid="8" />
              </BranchPoints>
              <MethodPoint xsi:type="SequencePoint" vc="8" uspid="201" ordinal="0" offset="0" sl="57" sc="66" el="57" ec="67" bec="0" bev="0" fileid="8" />
            </Method>
            <Method visited="true" cyclomaticComplexity="7" nPathComplexity="16" sequenceCoverage="100" branchCoverage="100" crapScore="7" isConstructor="false" isStatic="false" isGetter="false" isSetter="false">
              <Summary numSequencePoints="28" visitedSequencePoints="28" numBranchPoints="9" visitedBranchPoints="9" sequenceCoverage="100" branchCoverage="100" maxCyclomaticComplexity="7" minCyclomaticComplexity="7" maxCrapScore="7" minCrapScore="7" visitedClasses="0" numClasses="0" visitedMethods="1" numMethods="1" />
              <MetadataToken>100663337</MetadataToken>
              <Name>System.Void ParseTreeClassLibrary.ParseTree::Parse(System.String)</Name>
              <FileRef uid="8" />
              <SequencePoints>
                <SequencePoint vc="4" uspid="210" ordinal="0" offset="0" sl="69" sc="46" el="69" ec="47" bec="0" bev="0" fileid="8" />
                <SequencePoint vc="4" uspid="211" ordinal="1" offset="1" sl="71" sc="13" el="71" ec="21" bec="0" bev="0" fileid="8" />
                <SequencePoint vc="4" uspid="212" ordinal="2" offset="8" sl="72" sc="13" el="72" ec="29" bec="0" bev="0" fileid="8" />
                <SequencePoint vc="4" uspid="213" ordinal="3" offset="15" sl="74" sc="13" el="74" ec="20" bec="0" bev="0" fileid="8" />
                <SequencePoint vc="4" uspid="214" ordinal="4" offset="16" sl="74" sc="37" el="74" ec="58" bec="0" bev="0" fileid="8" />
                <SequencePoint vc="21" uspid="215" ordinal="5" offset="32" sl="74" sc="21" el="74" ec="33" bec="0" bev="0" fileid="8" />
                <SequencePoint vc="21" uspid="216" ordinal="6" offset="37" sl="74" sc="60" el="74" ec="61" bec="0" bev="0" fileid="8" />
                <SequencePoint vc="21" uspid="217" ordinal="7" offset="38" sl="76" sc="17" el="76" ec="33" bec="2" bev="2" fileid="8" />
                <SequencePoint vc="1" uspid="218" ordinal="8" offset="51" sl="76" sc="34" el="76" ec="35" bec="0" bev="0" fileid="8" />
                <SequencePoint vc="1" uspid="219" ordinal="9" offset="52" sl="78" sc="21" el="78" ec="72" bec="0" bev="0" fileid="8" />
                <SequencePoint vc="20" uspid="220" ordinal="10" offset="63" sl="81" sc="17" el="81" ec="35" bec="0" bev="0" fileid="8" />
                <SequencePoint vc="20" uspid="221" ordinal="11" offset="70" sl="83" sc="17" el="83" ec="55" bec="2" bev="2" fileid="8" />
                <SequencePoint vc="7" uspid="222" ordinal="12" offset="87" sl="83" sc="56" el="83" ec="57" bec="0" bev="0" fileid="8" />
                <SequencePoint vc="7" uspid="223" ordinal="13" offset="88" sl="85" sc="21" el="85" ec="53" bec="0" bev="0" fileid="8" />
                <SequencePoint vc="7" uspid="224" ordinal="14" offset="97" sl="86" sc="17" el="86" ec="18" bec="0" bev="0" fileid="8" />
                <SequencePoint vc="13" uspid="225" ordinal="15" offset="100" sl="87" sc="22" el="87" ec="53" bec="2" bev="2" fileid="8" />
                <SequencePoint vc="3" uspid="226" ordinal="16" offset="121" sl="87" sc="54" el="87" ec="55" bec="0" bev="0" fileid="8" />
                <SequencePoint vc="3" uspid="227" ordinal="17" offset="122" sl="89" sc="21" el="89" ec="55" bec="0" bev="0" fileid="8" />
                <SequencePoint vc="3" uspid="228" ordinal="18" offset="131" sl="90" sc="17" el="90" ec="18" bec="0" bev="0" fileid="8" />
                <SequencePoint vc="10" uspid="229" ordinal="19" offset="134" sl="91" sc="22" el="91" ec="54" bec="2" bev="2" fileid="8" />
                <SequencePoint vc="8" uspid="230" ordinal="20" offset="171" sl="91" sc="55" el="91" ec="56" bec="0" bev="0" fileid="8" />
                <SequencePoint vc="8" uspid="231" ordinal="21" offset="172" sl="93" sc="21" el="93" ec="58" bec="0" bev="0" fileid="8" />
                <SequencePoint vc="8" uspid="232" ordinal="22" offset="181" sl="94" sc="17" el="94" ec="18" bec="0" bev="0" fileid="8" />
                <SequencePoint vc="2" uspid="233" ordinal="23" offset="184" sl="95" sc="22" el="95" ec="23" bec="0" bev="0" fileid="8" />
                <SequencePoint vc="2" uspid="234" ordinal="24" offset="185" sl="97" sc="21" el="97" ec="72" bec="0" bev="0" fileid="8" />
                <SequencePoint vc="18" uspid="235" ordinal="25" offset="196" sl="99" sc="13" el="99" ec="14" bec="0" bev="0" fileid="8" />
                <SequencePoint vc="22" uspid="236" ordinal="26" offset="203" sl="74" sc="34" el="74" ec="36" bec="0" bev="0" fileid="8" />
                <SequencePoint vc="1" uspid="237" ordinal="27" offset="219" sl="100" sc="9" el="100" ec="10" bec="0" bev="0" fileid="8" />
              </SequencePoints>
              <BranchPoints>
                <BranchPoint vc="1" uspid="238" ordinal="0" offset="49" sl="76" path="0" offsetend="51" fileid="8" />
                <BranchPoint vc="20" uspid="239" ordinal="1" offset="49" sl="76" path="1" offsetend="63" fileid="8" />
                <BranchPoint vc="7" uspid="240" ordinal="2" offset="85" sl="83" path="0" offsetend="87" fileid="8" />
                <BranchPoint vc="13" uspid="241" ordinal="3" offset="85" sl="83" path="1" offsetend="100" fileid="8" />
                <BranchPoint vc="3" uspid="242" ordinal="4" offset="119" sl="87" path="0" offsetend="121" fileid="8" />
                <BranchPoint vc="10" uspid="243" ordinal="5" offset="119" sl="87" path="1" offsetend="134" fileid="8" />
                <BranchPoint vc="8" uspid="246" ordinal="8" offset="169" sl="91" path="0" offsetend="171" fileid="8" />
                <BranchPoint vc="2" uspid="247" ordinal="9" offset="169" sl="91" path="1" offsetend="184" fileid="8" />
              </BranchPoints>
              <MethodPoint xsi:type="SequencePoint" vc="4" uspid="210" ordinal="0" offset="0" sl="69" sc="46" el="69" ec="47" bec="0" bev="0" fileid="8" />
            </Method>
            <Method visited="true" cyclomaticComplexity="3" nPathComplexity="4" sequenceCoverage="80" branchCoverage="80" crapScore="3.07" isConstructor="false" isStatic="false" isGetter="false" isSetter="false">
              <Summary numSequencePoints="10" visitedSequencePoints="8" numBranchPoints="5" visitedBranchPoints="4" sequenceCoverage="80" branchCoverage="80" maxCyclomaticComplexity="3" minCyclomaticComplexity="3" maxCrapScore="3.07" minCrapScore="3.07" visitedClasses="0" numClasses="0" visitedMethods="1" numMethods="1" />
              <MetadataToken>100663338</MetadataToken>
              <Name>System.Decimal ParseTreeClassLibrary.ParseTree::EvaluateNode(ParseTreeClassLibrary.INode)</Name>
              <FileRef uid="8" />
              <SequencePoints>
                <SequencePoint vc="7" uspid="250" ordinal="0" offset="0" sl="102" sc="50" el="102" ec="51" bec="0" bev="0" fileid="8" />
                <SequencePoint vc="7" uspid="251" ordinal="1" offset="1" sl="104" sc="13" el="104" ec="29" bec="2" bev="1" fileid="8" />
                <SequencePoint vc="0" uspid="252" ordinal="2" offset="12" sl="104" sc="30" el="104" ec="31" bec="0" bev="0" fileid="8" />
                <SequencePoint vc="0" uspid="253" ordinal="3" offset="13" sl="106" sc="17" el="106" ec="26" bec="0" bev="0" fileid="8" />
                <SequencePoint vc="7" uspid="254" ordinal="4" offset="22" sl="109" sc="13" el="109" ec="31" bec="2" bev="2" fileid="8" />
                <SequencePoint vc="4" uspid="255" ordinal="5" offset="35" sl="109" sc="32" el="109" ec="33" bec="0" bev="0" fileid="8" />
                <SequencePoint vc="4" uspid="256" ordinal="6" offset="36" sl="111" sc="17" el="111" ec="35" bec="0" bev="0" fileid="8" />
                <SequencePoint vc="3" uspid="257" ordinal="7" offset="45" sl="114" sc="13" el="114" ec="66" bec="0" bev="0" fileid="8" />
                <SequencePoint vc="3" uspid="258" ordinal="8" offset="68" sl="116" sc="13" el="116" ec="71" bec="0" bev="0" fileid="8" />
                <SequencePoint vc="7" uspid="259" ordinal="9" offset="100" sl="117" sc="9" el="117" ec="10" bec="0" bev="0" fileid="8" />
              </SequencePoints>
              <BranchPoints>
                <BranchPoint vc="0" uspid="260" ordinal="0" offset="10" sl="104" path="0" offsetend="12" fileid="8" />
                <BranchPoint vc="7" uspid="261" ordinal="1" offset="10" sl="104" path="1" offsetend="22" fileid="8" />
                <BranchPoint vc="4" uspid="262" ordinal="2" offset="33" sl="109" path="0" offsetend="35" fileid="8" />
                <BranchPoint vc="3" uspid="263" ordinal="3" offset="33" sl="109" path="1" offsetend="45" fileid="8" />
              </BranchPoints>
              <MethodPoint xsi:type="SequencePoint" vc="7" uspid="250" ordinal="0" offset="0" sl="102" sc="50" el="102" ec="51" bec="0" bev="0" fileid="8" />
            </Method>
            <Method visited="true" cyclomaticComplexity="1" nPathComplexity="0" sequenceCoverage="100" branchCoverage="100" crapScore="1" isConstructor="false" isStatic="false" isGetter="false" isSetter="false">
              <Summary numSequencePoints="3" visitedSequencePoints="3" numBranchPoints="1" visitedBranchPoints="1" sequenceCoverage="100" branchCoverage="100" maxCyclomaticComplexity="1" minCyclomaticComplexity="1" maxCrapScore="1" minCrapScore="1" visitedClasses="0" numClasses="0" visitedMethods="1" numMethods="1" />
              <MetadataToken>100663339</MetadataToken>
              <Name>System.Decimal ParseTreeClassLibrary.ParseTree::Evaluate()</Name>
              <FileRef uid="8" />
              <SequencePoints>
                <SequencePoint vc="1" uspid="264" ordinal="0" offset="0" sl="119" sc="35" el="119" ec="36" bec="0" bev="0" fileid="8" />
                <SequencePoint vc="1" uspid="265" ordinal="1" offset="1" sl="121" sc="13" el="121" ec="39" bec="0" bev="0" fileid="8" />
                <SequencePoint vc="1" uspid="266" ordinal="2" offset="16" sl="122" sc="9" el="122" ec="10" bec="0" bev="0" fileid="8" />
              </SequencePoints>
              <BranchPoints />
              <MethodPoint xsi:type="SequencePoint" vc="1" uspid="264" ordinal="0" offset="0" sl="119" sc="35" el="119" ec="36" bec="0" bev="0" fileid="8" />
            </Method>
            <Method visited="true" cyclomaticComplexity="1" nPathComplexity="0" sequenceCoverage="100" branchCoverage="100" crapScore="1" isConstructor="false" isStatic="true" isGetter="false" isSetter="false">
              <Summary numSequencePoints="1" visitedSequencePoints="1" numBranchPoints="1" visitedBranchPoints="1" sequenceCoverage="100" branchCoverage="100" maxCyclomaticComplexity="1" minCyclomaticComplexity="1" maxCrapScore="1" minCrapScore="1" visitedClasses="0" numClasses="0" visitedMethods="1" numMethods="1" />
              <MetadataToken>100663340</MetadataToken>
              <Name>System.Boolean ParseTreeClassLibrary.ParseTree::&lt;GetTokens&gt;b__0(System.String)</Name>
              <FileRef uid="8" />
              <SequencePoints>
                <SequencePoint vc="27" uspid="267" ordinal="0" offset="0" sl="27" sc="57" el="27" ec="69" bec="0" bev="0" fileid="8" />
              </SequencePoints>
              <BranchPoints />
              <MethodPoint xsi:type="SequencePoint" vc="27" uspid="267" ordinal="0" offset="0" sl="27" sc="57" el="27" ec="69" bec="0" bev="0" fileid="8" />
            </Method>
          </Methods>
        </Class>
      </Classes>
    </Module>
  </Modules>
</CoverageSession>